CRITICAL - 2023-08-09 05:03:32 --> Unclosed '{' on line 10
in APPPATH\Controllers\Process.php on line 269.
 1 SYSTEMPATH\Autoloader\Autoloader.php(289): CodeIgniter\Autoloader\Autoloader->includeFile('C:\\projects\\excelProject\\codeigniterProject\\app\\Controllers\\Process.php')
 2 SYSTEMPATH\Autoloader\Autoloader.php(267): CodeIgniter\Autoloader\Autoloader->loadInNamespace('App\\Controllers\\Process')
 3 [internal function]: CodeIgniter\Autoloader\Autoloader->loadClass('App\\Controllers\\Process')
 4 SYSTEMPATH\CodeIgniter.php(890): class_exists('\\App\\Controllers\\Process', true)
 5 SYSTEMPATH\CodeIgniter.php(484): CodeIgniter\CodeIgniter->startController()
 6 SYSTEMPATH\CodeIgniter.php(366): CodeIgniter\CodeIgniter->handleRequest(null, Object(Config\Cache), false)
 7 FCPATH\index.php(67): CodeIgniter\CodeIgniter->run()
 8 SYSTEMPATH\Commands\Server\rewrite.php(47): require_once('C:\\projects\\excelProject\\codeigniterProject\\public\\index.php')
CRITICAL - 2023-08-09 05:03:32 --> Unclosed '{' on line 10
in APPPATH\Controllers\Process.php on line 269.
 1 SYSTEMPATH\Autoloader\Autoloader.php(289): CodeIgniter\Autoloader\Autoloader->includeFile('C:\\projects\\excelProject\\codeigniterProject\\app\\Controllers\\Process.php')
 2 SYSTEMPATH\Autoloader\Autoloader.php(267): CodeIgniter\Autoloader\Autoloader->loadInNamespace('App\\Controllers\\Process')
 3 [internal function]: CodeIgniter\Autoloader\Autoloader->loadClass('App\\Controllers\\Process')
 4 SYSTEMPATH\CodeIgniter.php(890): class_exists('\\App\\Controllers\\Process', true)
 5 SYSTEMPATH\CodeIgniter.php(484): CodeIgniter\CodeIgniter->startController()
 6 SYSTEMPATH\CodeIgniter.php(366): CodeIgniter\CodeIgniter->handleRequest(null, Object(Config\Cache), false)
 7 FCPATH\index.php(67): CodeIgniter\CodeIgniter->run()
 8 SYSTEMPATH\Commands\Server\rewrite.php(47): require_once('C:\\projects\\excelProject\\codeigniterProject\\public\\index.php')
CRITICAL - 2023-08-09 05:03:32 --> Unclosed '{' on line 10
in APPPATH\Controllers\Process.php on line 269.
 1 SYSTEMPATH\Autoloader\Autoloader.php(289): CodeIgniter\Autoloader\Autoloader->includeFile('C:\\projects\\excelProject\\codeigniterProject\\app\\Controllers\\Process.php')
 2 SYSTEMPATH\Autoloader\Autoloader.php(267): CodeIgniter\Autoloader\Autoloader->loadInNamespace('App\\Controllers\\Process')
 3 [internal function]: CodeIgniter\Autoloader\Autoloader->loadClass('App\\Controllers\\Process')
 4 SYSTEMPATH\CodeIgniter.php(890): class_exists('\\App\\Controllers\\Process', true)
 5 SYSTEMPATH\CodeIgniter.php(484): CodeIgniter\CodeIgniter->startController()
 6 SYSTEMPATH\CodeIgniter.php(366): CodeIgniter\CodeIgniter->handleRequest(null, Object(Config\Cache), false)
 7 FCPATH\index.php(67): CodeIgniter\CodeIgniter->run()
 8 SYSTEMPATH\Commands\Server\rewrite.php(47): require_once('C:\\projects\\excelProject\\codeigniterProject\\public\\index.php')
CRITICAL - 2023-08-09 05:22:07 --> Unclosed '{' on line 10
in APPPATH\Controllers\Process.php on line 269.
 1 SYSTEMPATH\Autoloader\Autoloader.php(289): CodeIgniter\Autoloader\Autoloader->includeFile('C:\\projects\\excelProject\\codeigniterProject\\app\\Controllers\\Process.php')
 2 SYSTEMPATH\Autoloader\Autoloader.php(267): CodeIgniter\Autoloader\Autoloader->loadInNamespace('App\\Controllers\\Process')
 3 [internal function]: CodeIgniter\Autoloader\Autoloader->loadClass('App\\Controllers\\Process')
 4 SYSTEMPATH\CodeIgniter.php(890): class_exists('\\App\\Controllers\\Process', true)
 5 SYSTEMPATH\CodeIgniter.php(484): CodeIgniter\CodeIgniter->startController()
 6 SYSTEMPATH\CodeIgniter.php(366): CodeIgniter\CodeIgniter->handleRequest(null, Object(Config\Cache), false)
 7 FCPATH\index.php(67): CodeIgniter\CodeIgniter->run()
 8 SYSTEMPATH\Commands\Server\rewrite.php(47): require_once('C:\\projects\\excelProject\\codeigniterProject\\public\\index.php')
CRITICAL - 2023-08-09 05:22:07 --> Unclosed '{' on line 10
in APPPATH\Controllers\Process.php on line 269.
 1 SYSTEMPATH\Autoloader\Autoloader.php(289): CodeIgniter\Autoloader\Autoloader->includeFile('C:\\projects\\excelProject\\codeigniterProject\\app\\Controllers\\Process.php')
 2 SYSTEMPATH\Autoloader\Autoloader.php(267): CodeIgniter\Autoloader\Autoloader->loadInNamespace('App\\Controllers\\Process')
 3 [internal function]: CodeIgniter\Autoloader\Autoloader->loadClass('App\\Controllers\\Process')
 4 SYSTEMPATH\CodeIgniter.php(890): class_exists('\\App\\Controllers\\Process', true)
 5 SYSTEMPATH\CodeIgniter.php(484): CodeIgniter\CodeIgniter->startController()
 6 SYSTEMPATH\CodeIgniter.php(366): CodeIgniter\CodeIgniter->handleRequest(null, Object(Config\Cache), false)
 7 FCPATH\index.php(67): CodeIgniter\CodeIgniter->run()
 8 SYSTEMPATH\Commands\Server\rewrite.php(47): require_once('C:\\projects\\excelProject\\codeigniterProject\\public\\index.php')
CRITICAL - 2023-08-09 05:22:07 --> Unclosed '{' on line 10
in APPPATH\Controllers\Process.php on line 269.
 1 SYSTEMPATH\Autoloader\Autoloader.php(289): CodeIgniter\Autoloader\Autoloader->includeFile('C:\\projects\\excelProject\\codeigniterProject\\app\\Controllers\\Process.php')
 2 SYSTEMPATH\Autoloader\Autoloader.php(267): CodeIgniter\Autoloader\Autoloader->loadInNamespace('App\\Controllers\\Process')
 3 [internal function]: CodeIgniter\Autoloader\Autoloader->loadClass('App\\Controllers\\Process')
 4 SYSTEMPATH\CodeIgniter.php(890): class_exists('\\App\\Controllers\\Process', true)
 5 SYSTEMPATH\CodeIgniter.php(484): CodeIgniter\CodeIgniter->startController()
 6 SYSTEMPATH\CodeIgniter.php(366): CodeIgniter\CodeIgniter->handleRequest(null, Object(Config\Cache), false)
 7 FCPATH\index.php(67): CodeIgniter\CodeIgniter->run()
 8 SYSTEMPATH\Commands\Server\rewrite.php(47): require_once('C:\\projects\\excelProject\\codeigniterProject\\public\\index.php')
CRITICAL - 2023-08-09 05:22:07 --> Unclosed '{' on line 10
in APPPATH\Controllers\Process.php on line 269.
 1 SYSTEMPATH\Autoloader\Autoloader.php(289): CodeIgniter\Autoloader\Autoloader->includeFile('C:\\projects\\excelProject\\codeigniterProject\\app\\Controllers\\Process.php')
 2 SYSTEMPATH\Autoloader\Autoloader.php(267): CodeIgniter\Autoloader\Autoloader->loadInNamespace('App\\Controllers\\Process')
 3 [internal function]: CodeIgniter\Autoloader\Autoloader->loadClass('App\\Controllers\\Process')
 4 SYSTEMPATH\CodeIgniter.php(890): class_exists('\\App\\Controllers\\Process', true)
 5 SYSTEMPATH\CodeIgniter.php(484): CodeIgniter\CodeIgniter->startController()
 6 SYSTEMPATH\CodeIgniter.php(366): CodeIgniter\CodeIgniter->handleRequest(null, Object(Config\Cache), false)
 7 FCPATH\index.php(67): CodeIgniter\CodeIgniter->run()
 8 SYSTEMPATH\Commands\Server\rewrite.php(47): require_once('C:\\projects\\excelProject\\codeigniterProject\\public\\index.php')
CRITICAL - 2023-08-09 05:22:13 --> Unclosed '{' on line 10
in APPPATH\Controllers\Process.php on line 269.
 1 SYSTEMPATH\Autoloader\Autoloader.php(289): CodeIgniter\Autoloader\Autoloader->includeFile('C:\\projects\\excelProject\\codeigniterProject\\app\\Controllers\\Process.php')
 2 SYSTEMPATH\Autoloader\Autoloader.php(267): CodeIgniter\Autoloader\Autoloader->loadInNamespace('App\\Controllers\\Process')
 3 [internal function]: CodeIgniter\Autoloader\Autoloader->loadClass('App\\Controllers\\Process')
 4 SYSTEMPATH\CodeIgniter.php(890): class_exists('\\App\\Controllers\\Process', true)
 5 SYSTEMPATH\CodeIgniter.php(484): CodeIgniter\CodeIgniter->startController()
 6 SYSTEMPATH\CodeIgniter.php(366): CodeIgniter\CodeIgniter->handleRequest(null, Object(Config\Cache), false)
 7 FCPATH\index.php(67): CodeIgniter\CodeIgniter->run()
 8 SYSTEMPATH\Commands\Server\rewrite.php(47): require_once('C:\\projects\\excelProject\\codeigniterProject\\public\\index.php')
CRITICAL - 2023-08-09 05:22:13 --> Unclosed '{' on line 10
in APPPATH\Controllers\Process.php on line 269.
 1 SYSTEMPATH\Autoloader\Autoloader.php(289): CodeIgniter\Autoloader\Autoloader->includeFile('C:\\projects\\excelProject\\codeigniterProject\\app\\Controllers\\Process.php')
 2 SYSTEMPATH\Autoloader\Autoloader.php(267): CodeIgniter\Autoloader\Autoloader->loadInNamespace('App\\Controllers\\Process')
 3 [internal function]: CodeIgniter\Autoloader\Autoloader->loadClass('App\\Controllers\\Process')
 4 SYSTEMPATH\CodeIgniter.php(890): class_exists('\\App\\Controllers\\Process', true)
 5 SYSTEMPATH\CodeIgniter.php(484): CodeIgniter\CodeIgniter->startController()
 6 SYSTEMPATH\CodeIgniter.php(366): CodeIgniter\CodeIgniter->handleRequest(null, Object(Config\Cache), false)
 7 FCPATH\index.php(67): CodeIgniter\CodeIgniter->run()
 8 SYSTEMPATH\Commands\Server\rewrite.php(47): require_once('C:\\projects\\excelProject\\codeigniterProject\\public\\index.php')
CRITICAL - 2023-08-09 05:22:13 --> Unclosed '{' on line 10
in APPPATH\Controllers\Process.php on line 269.
 1 SYSTEMPATH\Autoloader\Autoloader.php(289): CodeIgniter\Autoloader\Autoloader->includeFile('C:\\projects\\excelProject\\codeigniterProject\\app\\Controllers\\Process.php')
 2 SYSTEMPATH\Autoloader\Autoloader.php(267): CodeIgniter\Autoloader\Autoloader->loadInNamespace('App\\Controllers\\Process')
 3 [internal function]: CodeIgniter\Autoloader\Autoloader->loadClass('App\\Controllers\\Process')
 4 SYSTEMPATH\CodeIgniter.php(890): class_exists('\\App\\Controllers\\Process', true)
 5 SYSTEMPATH\CodeIgniter.php(484): CodeIgniter\CodeIgniter->startController()
 6 SYSTEMPATH\CodeIgniter.php(366): CodeIgniter\CodeIgniter->handleRequest(null, Object(Config\Cache), false)
 7 FCPATH\index.php(67): CodeIgniter\CodeIgniter->run()
 8 SYSTEMPATH\Commands\Server\rewrite.php(47): require_once('C:\\projects\\excelProject\\codeigniterProject\\public\\index.php')
CRITICAL - 2023-08-09 05:22:13 --> Unclosed '{' on line 10
in APPPATH\Controllers\Process.php on line 269.
 1 SYSTEMPATH\Autoloader\Autoloader.php(289): CodeIgniter\Autoloader\Autoloader->includeFile('C:\\projects\\excelProject\\codeigniterProject\\app\\Controllers\\Process.php')
 2 SYSTEMPATH\Autoloader\Autoloader.php(267): CodeIgniter\Autoloader\Autoloader->loadInNamespace('App\\Controllers\\Process')
 3 [internal function]: CodeIgniter\Autoloader\Autoloader->loadClass('App\\Controllers\\Process')
 4 SYSTEMPATH\CodeIgniter.php(890): class_exists('\\App\\Controllers\\Process', true)
 5 SYSTEMPATH\CodeIgniter.php(484): CodeIgniter\CodeIgniter->startController()
 6 SYSTEMPATH\CodeIgniter.php(366): CodeIgniter\CodeIgniter->handleRequest(null, Object(Config\Cache), false)
 7 FCPATH\index.php(67): CodeIgniter\CodeIgniter->run()
 8 SYSTEMPATH\Commands\Server\rewrite.php(47): require_once('C:\\projects\\excelProject\\codeigniterProject\\public\\index.php')
CRITICAL - 2023-08-09 05:22:20 --> Unclosed '{' on line 10
in APPPATH\Controllers\Process.php on line 269.
 1 SYSTEMPATH\Autoloader\Autoloader.php(289): CodeIgniter\Autoloader\Autoloader->includeFile('C:\\projects\\excelProject\\codeigniterProject\\app\\Controllers\\Process.php')
 2 SYSTEMPATH\Autoloader\Autoloader.php(267): CodeIgniter\Autoloader\Autoloader->loadInNamespace('App\\Controllers\\Process')
 3 [internal function]: CodeIgniter\Autoloader\Autoloader->loadClass('App\\Controllers\\Process')
 4 SYSTEMPATH\CodeIgniter.php(890): class_exists('\\App\\Controllers\\Process', true)
 5 SYSTEMPATH\CodeIgniter.php(484): CodeIgniter\CodeIgniter->startController()
 6 SYSTEMPATH\CodeIgniter.php(366): CodeIgniter\CodeIgniter->handleRequest(null, Object(Config\Cache), false)
 7 FCPATH\index.php(67): CodeIgniter\CodeIgniter->run()
 8 SYSTEMPATH\Commands\Server\rewrite.php(47): require_once('C:\\projects\\excelProject\\codeigniterProject\\public\\index.php')
CRITICAL - 2023-08-09 05:22:20 --> Unclosed '{' on line 10
in APPPATH\Controllers\Process.php on line 269.
 1 SYSTEMPATH\Autoloader\Autoloader.php(289): CodeIgniter\Autoloader\Autoloader->includeFile('C:\\projects\\excelProject\\codeigniterProject\\app\\Controllers\\Process.php')
 2 SYSTEMPATH\Autoloader\Autoloader.php(267): CodeIgniter\Autoloader\Autoloader->loadInNamespace('App\\Controllers\\Process')
 3 [internal function]: CodeIgniter\Autoloader\Autoloader->loadClass('App\\Controllers\\Process')
 4 SYSTEMPATH\CodeIgniter.php(890): class_exists('\\App\\Controllers\\Process', true)
 5 SYSTEMPATH\CodeIgniter.php(484): CodeIgniter\CodeIgniter->startController()
 6 SYSTEMPATH\CodeIgniter.php(366): CodeIgniter\CodeIgniter->handleRequest(null, Object(Config\Cache), false)
 7 FCPATH\index.php(67): CodeIgniter\CodeIgniter->run()
 8 SYSTEMPATH\Commands\Server\rewrite.php(47): require_once('C:\\projects\\excelProject\\codeigniterProject\\public\\index.php')
CRITICAL - 2023-08-09 05:22:20 --> Unclosed '{' on line 10
in APPPATH\Controllers\Process.php on line 269.
 1 SYSTEMPATH\Autoloader\Autoloader.php(289): CodeIgniter\Autoloader\Autoloader->includeFile('C:\\projects\\excelProject\\codeigniterProject\\app\\Controllers\\Process.php')
 2 SYSTEMPATH\Autoloader\Autoloader.php(267): CodeIgniter\Autoloader\Autoloader->loadInNamespace('App\\Controllers\\Process')
 3 [internal function]: CodeIgniter\Autoloader\Autoloader->loadClass('App\\Controllers\\Process')
 4 SYSTEMPATH\CodeIgniter.php(890): class_exists('\\App\\Controllers\\Process', true)
 5 SYSTEMPATH\CodeIgniter.php(484): CodeIgniter\CodeIgniter->startController()
 6 SYSTEMPATH\CodeIgniter.php(366): CodeIgniter\CodeIgniter->handleRequest(null, Object(Config\Cache), false)
 7 FCPATH\index.php(67): CodeIgniter\CodeIgniter->run()
 8 SYSTEMPATH\Commands\Server\rewrite.php(47): require_once('C:\\projects\\excelProject\\codeigniterProject\\public\\index.php')
CRITICAL - 2023-08-09 05:22:21 --> Unclosed '{' on line 10
in APPPATH\Controllers\Process.php on line 269.
 1 SYSTEMPATH\Autoloader\Autoloader.php(289): CodeIgniter\Autoloader\Autoloader->includeFile('C:\\projects\\excelProject\\codeigniterProject\\app\\Controllers\\Process.php')
 2 SYSTEMPATH\Autoloader\Autoloader.php(267): CodeIgniter\Autoloader\Autoloader->loadInNamespace('App\\Controllers\\Process')
 3 [internal function]: CodeIgniter\Autoloader\Autoloader->loadClass('App\\Controllers\\Process')
 4 SYSTEMPATH\CodeIgniter.php(890): class_exists('\\App\\Controllers\\Process', true)
 5 SYSTEMPATH\CodeIgniter.php(484): CodeIgniter\CodeIgniter->startController()
 6 SYSTEMPATH\CodeIgniter.php(366): CodeIgniter\CodeIgniter->handleRequest(null, Object(Config\Cache), false)
 7 FCPATH\index.php(67): CodeIgniter\CodeIgniter->run()
 8 SYSTEMPATH\Commands\Server\rewrite.php(47): require_once('C:\\projects\\excelProject\\codeigniterProject\\public\\index.php')
CRITICAL - 2023-08-09 05:22:49 --> Unclosed '{' on line 10
in APPPATH\Controllers\Process.php on line 269.
 1 SYSTEMPATH\Autoloader\Autoloader.php(289): CodeIgniter\Autoloader\Autoloader->includeFile('C:\\projects\\excelProject\\codeigniterProject\\app\\Controllers\\Process.php')
 2 SYSTEMPATH\Autoloader\Autoloader.php(267): CodeIgniter\Autoloader\Autoloader->loadInNamespace('App\\Controllers\\Process')
 3 [internal function]: CodeIgniter\Autoloader\Autoloader->loadClass('App\\Controllers\\Process')
 4 SYSTEMPATH\CodeIgniter.php(890): class_exists('\\App\\Controllers\\Process', true)
 5 SYSTEMPATH\CodeIgniter.php(484): CodeIgniter\CodeIgniter->startController()
 6 SYSTEMPATH\CodeIgniter.php(366): CodeIgniter\CodeIgniter->handleRequest(null, Object(Config\Cache), false)
 7 FCPATH\index.php(67): CodeIgniter\CodeIgniter->run()
 8 SYSTEMPATH\Commands\Server\rewrite.php(47): require_once('C:\\projects\\excelProject\\codeigniterProject\\public\\index.php')
CRITICAL - 2023-08-09 05:22:49 --> Unclosed '{' on line 10
in APPPATH\Controllers\Process.php on line 269.
 1 SYSTEMPATH\Autoloader\Autoloader.php(289): CodeIgniter\Autoloader\Autoloader->includeFile('C:\\projects\\excelProject\\codeigniterProject\\app\\Controllers\\Process.php')
 2 SYSTEMPATH\Autoloader\Autoloader.php(267): CodeIgniter\Autoloader\Autoloader->loadInNamespace('App\\Controllers\\Process')
 3 [internal function]: CodeIgniter\Autoloader\Autoloader->loadClass('App\\Controllers\\Process')
 4 SYSTEMPATH\CodeIgniter.php(890): class_exists('\\App\\Controllers\\Process', true)
 5 SYSTEMPATH\CodeIgniter.php(484): CodeIgniter\CodeIgniter->startController()
 6 SYSTEMPATH\CodeIgniter.php(366): CodeIgniter\CodeIgniter->handleRequest(null, Object(Config\Cache), false)
 7 FCPATH\index.php(67): CodeIgniter\CodeIgniter->run()
 8 SYSTEMPATH\Commands\Server\rewrite.php(47): require_once('C:\\projects\\excelProject\\codeigniterProject\\public\\index.php')
CRITICAL - 2023-08-09 05:22:49 --> Unclosed '{' on line 10
in APPPATH\Controllers\Process.php on line 269.
 1 SYSTEMPATH\Autoloader\Autoloader.php(289): CodeIgniter\Autoloader\Autoloader->includeFile('C:\\projects\\excelProject\\codeigniterProject\\app\\Controllers\\Process.php')
 2 SYSTEMPATH\Autoloader\Autoloader.php(267): CodeIgniter\Autoloader\Autoloader->loadInNamespace('App\\Controllers\\Process')
 3 [internal function]: CodeIgniter\Autoloader\Autoloader->loadClass('App\\Controllers\\Process')
 4 SYSTEMPATH\CodeIgniter.php(890): class_exists('\\App\\Controllers\\Process', true)
 5 SYSTEMPATH\CodeIgniter.php(484): CodeIgniter\CodeIgniter->startController()
 6 SYSTEMPATH\CodeIgniter.php(366): CodeIgniter\CodeIgniter->handleRequest(null, Object(Config\Cache), false)
 7 FCPATH\index.php(67): CodeIgniter\CodeIgniter->run()
 8 SYSTEMPATH\Commands\Server\rewrite.php(47): require_once('C:\\projects\\excelProject\\codeigniterProject\\public\\index.php')
CRITICAL - 2023-08-09 05:22:49 --> Unclosed '{' on line 10
in APPPATH\Controllers\Process.php on line 269.
 1 SYSTEMPATH\Autoloader\Autoloader.php(289): CodeIgniter\Autoloader\Autoloader->includeFile('C:\\projects\\excelProject\\codeigniterProject\\app\\Controllers\\Process.php')
 2 SYSTEMPATH\Autoloader\Autoloader.php(267): CodeIgniter\Autoloader\Autoloader->loadInNamespace('App\\Controllers\\Process')
 3 [internal function]: CodeIgniter\Autoloader\Autoloader->loadClass('App\\Controllers\\Process')
 4 SYSTEMPATH\CodeIgniter.php(890): class_exists('\\App\\Controllers\\Process', true)
 5 SYSTEMPATH\CodeIgniter.php(484): CodeIgniter\CodeIgniter->startController()
 6 SYSTEMPATH\CodeIgniter.php(366): CodeIgniter\CodeIgniter->handleRequest(null, Object(Config\Cache), false)
 7 FCPATH\index.php(67): CodeIgniter\CodeIgniter->run()
 8 SYSTEMPATH\Commands\Server\rewrite.php(47): require_once('C:\\projects\\excelProject\\codeigniterProject\\public\\index.php')
CRITICAL - 2023-08-09 05:24:04 --> Unclosed '{' on line 10
in APPPATH\Controllers\Process.php on line 269.
 1 SYSTEMPATH\Autoloader\Autoloader.php(289): CodeIgniter\Autoloader\Autoloader->includeFile('C:\\projects\\excelProject\\codeigniterProject\\app\\Controllers\\Process.php')
 2 SYSTEMPATH\Autoloader\Autoloader.php(267): CodeIgniter\Autoloader\Autoloader->loadInNamespace('App\\Controllers\\Process')
 3 [internal function]: CodeIgniter\Autoloader\Autoloader->loadClass('App\\Controllers\\Process')
 4 SYSTEMPATH\CodeIgniter.php(890): class_exists('\\App\\Controllers\\Process', true)
 5 SYSTEMPATH\CodeIgniter.php(484): CodeIgniter\CodeIgniter->startController()
 6 SYSTEMPATH\CodeIgniter.php(366): CodeIgniter\CodeIgniter->handleRequest(null, Object(Config\Cache), false)
 7 FCPATH\index.php(67): CodeIgniter\CodeIgniter->run()
 8 SYSTEMPATH\Commands\Server\rewrite.php(47): require_once('C:\\projects\\excelProject\\codeigniterProject\\public\\index.php')
CRITICAL - 2023-08-09 05:24:05 --> Unclosed '{' on line 10
in APPPATH\Controllers\Process.php on line 269.
 1 SYSTEMPATH\Autoloader\Autoloader.php(289): CodeIgniter\Autoloader\Autoloader->includeFile('C:\\projects\\excelProject\\codeigniterProject\\app\\Controllers\\Process.php')
 2 SYSTEMPATH\Autoloader\Autoloader.php(267): CodeIgniter\Autoloader\Autoloader->loadInNamespace('App\\Controllers\\Process')
 3 [internal function]: CodeIgniter\Autoloader\Autoloader->loadClass('App\\Controllers\\Process')
 4 SYSTEMPATH\CodeIgniter.php(890): class_exists('\\App\\Controllers\\Process', true)
 5 SYSTEMPATH\CodeIgniter.php(484): CodeIgniter\CodeIgniter->startController()
 6 SYSTEMPATH\CodeIgniter.php(366): CodeIgniter\CodeIgniter->handleRequest(null, Object(Config\Cache), false)
 7 FCPATH\index.php(67): CodeIgniter\CodeIgniter->run()
 8 SYSTEMPATH\Commands\Server\rewrite.php(47): require_once('C:\\projects\\excelProject\\codeigniterProject\\public\\index.php')
CRITICAL - 2023-08-09 05:24:06 --> Unclosed '{' on line 10
in APPPATH\Controllers\Process.php on line 269.
 1 SYSTEMPATH\Autoloader\Autoloader.php(289): CodeIgniter\Autoloader\Autoloader->includeFile('C:\\projects\\excelProject\\codeigniterProject\\app\\Controllers\\Process.php')
 2 SYSTEMPATH\Autoloader\Autoloader.php(267): CodeIgniter\Autoloader\Autoloader->loadInNamespace('App\\Controllers\\Process')
 3 [internal function]: CodeIgniter\Autoloader\Autoloader->loadClass('App\\Controllers\\Process')
 4 SYSTEMPATH\CodeIgniter.php(890): class_exists('\\App\\Controllers\\Process', true)
 5 SYSTEMPATH\CodeIgniter.php(484): CodeIgniter\CodeIgniter->startController()
 6 SYSTEMPATH\CodeIgniter.php(366): CodeIgniter\CodeIgniter->handleRequest(null, Object(Config\Cache), false)
 7 FCPATH\index.php(67): CodeIgniter\CodeIgniter->run()
 8 SYSTEMPATH\Commands\Server\rewrite.php(47): require_once('C:\\projects\\excelProject\\codeigniterProject\\public\\index.php')
CRITICAL - 2023-08-09 05:24:06 --> Unclosed '{' on line 10
in APPPATH\Controllers\Process.php on line 269.
 1 SYSTEMPATH\Autoloader\Autoloader.php(289): CodeIgniter\Autoloader\Autoloader->includeFile('C:\\projects\\excelProject\\codeigniterProject\\app\\Controllers\\Process.php')
 2 SYSTEMPATH\Autoloader\Autoloader.php(267): CodeIgniter\Autoloader\Autoloader->loadInNamespace('App\\Controllers\\Process')
 3 [internal function]: CodeIgniter\Autoloader\Autoloader->loadClass('App\\Controllers\\Process')
 4 SYSTEMPATH\CodeIgniter.php(890): class_exists('\\App\\Controllers\\Process', true)
 5 SYSTEMPATH\CodeIgniter.php(484): CodeIgniter\CodeIgniter->startController()
 6 SYSTEMPATH\CodeIgniter.php(366): CodeIgniter\CodeIgniter->handleRequest(null, Object(Config\Cache), false)
 7 FCPATH\index.php(67): CodeIgniter\CodeIgniter->run()
 8 SYSTEMPATH\Commands\Server\rewrite.php(47): require_once('C:\\projects\\excelProject\\codeigniterProject\\public\\index.php')
CRITICAL - 2023-08-09 05:24:07 --> Unclosed '{' on line 10
in APPPATH\Controllers\Process.php on line 269.
 1 SYSTEMPATH\Autoloader\Autoloader.php(289): CodeIgniter\Autoloader\Autoloader->includeFile('C:\\projects\\excelProject\\codeigniterProject\\app\\Controllers\\Process.php')
 2 SYSTEMPATH\Autoloader\Autoloader.php(267): CodeIgniter\Autoloader\Autoloader->loadInNamespace('App\\Controllers\\Process')
 3 [internal function]: CodeIgniter\Autoloader\Autoloader->loadClass('App\\Controllers\\Process')
 4 SYSTEMPATH\CodeIgniter.php(890): class_exists('\\App\\Controllers\\Process', true)
 5 SYSTEMPATH\CodeIgniter.php(484): CodeIgniter\CodeIgniter->startController()
 6 SYSTEMPATH\CodeIgniter.php(366): CodeIgniter\CodeIgniter->handleRequest(null, Object(Config\Cache), false)
 7 FCPATH\index.php(67): CodeIgniter\CodeIgniter->run()
 8 SYSTEMPATH\Commands\Server\rewrite.php(47): require_once('C:\\projects\\excelProject\\codeigniterProject\\public\\index.php')
CRITICAL - 2023-08-09 05:24:42 --> Unclosed '{' on line 10
in APPPATH\Controllers\Process.php on line 269.
 1 SYSTEMPATH\Autoloader\Autoloader.php(289): CodeIgniter\Autoloader\Autoloader->includeFile('C:\\projects\\excelProject\\codeigniterProject\\app\\Controllers\\Process.php')
 2 SYSTEMPATH\Autoloader\Autoloader.php(267): CodeIgniter\Autoloader\Autoloader->loadInNamespace('App\\Controllers\\Process')
 3 [internal function]: CodeIgniter\Autoloader\Autoloader->loadClass('App\\Controllers\\Process')
 4 SYSTEMPATH\CodeIgniter.php(890): class_exists('\\App\\Controllers\\Process', true)
 5 SYSTEMPATH\CodeIgniter.php(484): CodeIgniter\CodeIgniter->startController()
 6 SYSTEMPATH\CodeIgniter.php(366): CodeIgniter\CodeIgniter->handleRequest(null, Object(Config\Cache), false)
 7 FCPATH\index.php(67): CodeIgniter\CodeIgniter->run()
 8 SYSTEMPATH\Commands\Server\rewrite.php(47): require_once('C:\\projects\\excelProject\\codeigniterProject\\public\\index.php')
CRITICAL - 2023-08-09 05:24:42 --> Unclosed '{' on line 10
in APPPATH\Controllers\Process.php on line 269.
 1 SYSTEMPATH\Autoloader\Autoloader.php(289): CodeIgniter\Autoloader\Autoloader->includeFile('C:\\projects\\excelProject\\codeigniterProject\\app\\Controllers\\Process.php')
 2 SYSTEMPATH\Autoloader\Autoloader.php(267): CodeIgniter\Autoloader\Autoloader->loadInNamespace('App\\Controllers\\Process')
 3 [internal function]: CodeIgniter\Autoloader\Autoloader->loadClass('App\\Controllers\\Process')
 4 SYSTEMPATH\CodeIgniter.php(890): class_exists('\\App\\Controllers\\Process', true)
 5 SYSTEMPATH\CodeIgniter.php(484): CodeIgniter\CodeIgniter->startController()
 6 SYSTEMPATH\CodeIgniter.php(366): CodeIgniter\CodeIgniter->handleRequest(null, Object(Config\Cache), false)
 7 FCPATH\index.php(67): CodeIgniter\CodeIgniter->run()
 8 SYSTEMPATH\Commands\Server\rewrite.php(47): require_once('C:\\projects\\excelProject\\codeigniterProject\\public\\index.php')
CRITICAL - 2023-08-09 05:24:43 --> Unclosed '{' on line 10
in APPPATH\Controllers\Process.php on line 269.
 1 SYSTEMPATH\Autoloader\Autoloader.php(289): CodeIgniter\Autoloader\Autoloader->includeFile('C:\\projects\\excelProject\\codeigniterProject\\app\\Controllers\\Process.php')
 2 SYSTEMPATH\Autoloader\Autoloader.php(267): CodeIgniter\Autoloader\Autoloader->loadInNamespace('App\\Controllers\\Process')
 3 [internal function]: CodeIgniter\Autoloader\Autoloader->loadClass('App\\Controllers\\Process')
 4 SYSTEMPATH\CodeIgniter.php(890): class_exists('\\App\\Controllers\\Process', true)
 5 SYSTEMPATH\CodeIgniter.php(484): CodeIgniter\CodeIgniter->startController()
 6 SYSTEMPATH\CodeIgniter.php(366): CodeIgniter\CodeIgniter->handleRequest(null, Object(Config\Cache), false)
 7 FCPATH\index.php(67): CodeIgniter\CodeIgniter->run()
 8 SYSTEMPATH\Commands\Server\rewrite.php(47): require_once('C:\\projects\\excelProject\\codeigniterProject\\public\\index.php')
CRITICAL - 2023-08-09 05:24:43 --> Unclosed '{' on line 10
in APPPATH\Controllers\Process.php on line 269.
 1 SYSTEMPATH\Autoloader\Autoloader.php(289): CodeIgniter\Autoloader\Autoloader->includeFile('C:\\projects\\excelProject\\codeigniterProject\\app\\Controllers\\Process.php')
 2 SYSTEMPATH\Autoloader\Autoloader.php(267): CodeIgniter\Autoloader\Autoloader->loadInNamespace('App\\Controllers\\Process')
 3 [internal function]: CodeIgniter\Autoloader\Autoloader->loadClass('App\\Controllers\\Process')
 4 SYSTEMPATH\CodeIgniter.php(890): class_exists('\\App\\Controllers\\Process', true)
 5 SYSTEMPATH\CodeIgniter.php(484): CodeIgniter\CodeIgniter->startController()
 6 SYSTEMPATH\CodeIgniter.php(366): CodeIgniter\CodeIgniter->handleRequest(null, Object(Config\Cache), false)
 7 FCPATH\index.php(67): CodeIgniter\CodeIgniter->run()
 8 SYSTEMPATH\Commands\Server\rewrite.php(47): require_once('C:\\projects\\excelProject\\codeigniterProject\\public\\index.php')
CRITICAL - 2023-08-09 05:24:43 --> Unclosed '{' on line 10
in APPPATH\Controllers\Process.php on line 269.
 1 SYSTEMPATH\Autoloader\Autoloader.php(289): CodeIgniter\Autoloader\Autoloader->includeFile('C:\\projects\\excelProject\\codeigniterProject\\app\\Controllers\\Process.php')
 2 SYSTEMPATH\Autoloader\Autoloader.php(267): CodeIgniter\Autoloader\Autoloader->loadInNamespace('App\\Controllers\\Process')
 3 [internal function]: CodeIgniter\Autoloader\Autoloader->loadClass('App\\Controllers\\Process')
 4 SYSTEMPATH\CodeIgniter.php(890): class_exists('\\App\\Controllers\\Process', true)
 5 SYSTEMPATH\CodeIgniter.php(484): CodeIgniter\CodeIgniter->startController()
 6 SYSTEMPATH\CodeIgniter.php(366): CodeIgniter\CodeIgniter->handleRequest(null, Object(Config\Cache), false)
 7 FCPATH\index.php(67): CodeIgniter\CodeIgniter->run()
 8 SYSTEMPATH\Commands\Server\rewrite.php(47): require_once('C:\\projects\\excelProject\\codeigniterProject\\public\\index.php')
CRITICAL - 2023-08-09 05:24:44 --> Unclosed '{' on line 10
in APPPATH\Controllers\Process.php on line 269.
 1 SYSTEMPATH\Autoloader\Autoloader.php(289): CodeIgniter\Autoloader\Autoloader->includeFile('C:\\projects\\excelProject\\codeigniterProject\\app\\Controllers\\Process.php')
 2 SYSTEMPATH\Autoloader\Autoloader.php(267): CodeIgniter\Autoloader\Autoloader->loadInNamespace('App\\Controllers\\Process')
 3 [internal function]: CodeIgniter\Autoloader\Autoloader->loadClass('App\\Controllers\\Process')
 4 SYSTEMPATH\CodeIgniter.php(890): class_exists('\\App\\Controllers\\Process', true)
 5 SYSTEMPATH\CodeIgniter.php(484): CodeIgniter\CodeIgniter->startController()
 6 SYSTEMPATH\CodeIgniter.php(366): CodeIgniter\CodeIgniter->handleRequest(null, Object(Config\Cache), false)
 7 FCPATH\index.php(67): CodeIgniter\CodeIgniter->run()
 8 SYSTEMPATH\Commands\Server\rewrite.php(47): require_once('C:\\projects\\excelProject\\codeigniterProject\\public\\index.php')
CRITICAL - 2023-08-09 05:24:57 --> Unclosed '{' on line 10
in APPPATH\Controllers\Process.php on line 269.
 1 SYSTEMPATH\Autoloader\Autoloader.php(289): CodeIgniter\Autoloader\Autoloader->includeFile('C:\\projects\\excelProject\\codeigniterProject\\app\\Controllers\\Process.php')
 2 SYSTEMPATH\Autoloader\Autoloader.php(267): CodeIgniter\Autoloader\Autoloader->loadInNamespace('App\\Controllers\\Process')
 3 [internal function]: CodeIgniter\Autoloader\Autoloader->loadClass('App\\Controllers\\Process')
 4 SYSTEMPATH\CodeIgniter.php(890): class_exists('\\App\\Controllers\\Process', true)
 5 SYSTEMPATH\CodeIgniter.php(484): CodeIgniter\CodeIgniter->startController()
 6 SYSTEMPATH\CodeIgniter.php(366): CodeIgniter\CodeIgniter->handleRequest(null, Object(Config\Cache), false)
 7 FCPATH\index.php(67): CodeIgniter\CodeIgniter->run()
 8 SYSTEMPATH\Commands\Server\rewrite.php(47): require_once('C:\\projects\\excelProject\\codeigniterProject\\public\\index.php')
