CRITICAL - 2023-07-14 01:38:38 --> Object of type CodeIgniter\Session\Session is not callable
in APPPATH\Controllers\Admins.php on line 19.
 1 SYSTEMPATH\CodeIgniter.php(932): App\Controllers\Admins->adminLogin()
 2 SYSTEMPATH\CodeIgniter.php(497): CodeIgniter\CodeIgniter->runController(Object(App\Controllers\Admins))
 3 SYSTEMPATH\CodeIgniter.php(366): CodeIgniter\CodeIgniter->handleRequest(null, Object(Config\Cache), false)
 4 FCPATH\index.php(67): CodeIgniter\CodeIgniter->run()
 5 SYSTEMPATH\Commands\Server\rewrite.php(47): require_once('C:\\projects\\excelProject\\codeigniterProject\\public\\index.php')
CRITICAL - 2023-07-14 01:54:01 --> Undefined variable $status
in APPPATH\Controllers\Admins.php on line 20.
 1 APPPATH\Controllers\Admins.php(20): CodeIgniter\Debug\Exceptions->errorHandler(2, 'Undefined variable $status', 'C:\\projects\\excelProject\\codeigniterProject\\app\\Controllers\\Admins.php', 20)
 2 SYSTEMPATH\CodeIgniter.php(932): App\Controllers\Admins->adminLogin()
 3 SYSTEMPATH\CodeIgniter.php(497): CodeIgniter\CodeIgniter->runController(Object(App\Controllers\Admins))
 4 SYSTEMPATH\CodeIgniter.php(366): CodeIgniter\CodeIgniter->handleRequest(null, Object(Config\Cache), false)
 5 FCPATH\index.php(67): CodeIgniter\CodeIgniter->run()
 6 SYSTEMPATH\Commands\Server\rewrite.php(47): require_once('C:\\projects\\excelProject\\codeigniterProject\\public\\index.php')
CRITICAL - 2023-07-14 02:01:09 --> syntax error, unexpected variable "$session"
in APPPATH\Controllers\Admins.php on line 19.
 1 SYSTEMPATH\Autoloader\Autoloader.php(289): CodeIgniter\Autoloader\Autoloader->includeFile('C:\\projects\\excelProject\\codeigniterProject\\app\\Controllers\\Admins.php')
 2 SYSTEMPATH\Autoloader\Autoloader.php(267): CodeIgniter\Autoloader\Autoloader->loadInNamespace('App\\Controllers\\Admins')
 3 [internal function]: CodeIgniter\Autoloader\Autoloader->loadClass('App\\Controllers\\Admins')
 4 SYSTEMPATH\CodeIgniter.php(890): class_exists('\\App\\Controllers\\Admins', true)
 5 SYSTEMPATH\CodeIgniter.php(484): CodeIgniter\CodeIgniter->startController()
 6 SYSTEMPATH\CodeIgniter.php(366): CodeIgniter\CodeIgniter->handleRequest(null, Object(Config\Cache), false)
 7 FCPATH\index.php(67): CodeIgniter\CodeIgniter->run()
 8 SYSTEMPATH\Commands\Server\rewrite.php(47): require_once('C:\\projects\\excelProject\\codeigniterProject\\public\\index.php')
CRITICAL - 2023-07-14 02:01:10 --> syntax error, unexpected variable "$session"
in APPPATH\Controllers\Admins.php on line 19.
 1 SYSTEMPATH\Autoloader\Autoloader.php(289): CodeIgniter\Autoloader\Autoloader->includeFile('C:\\projects\\excelProject\\codeigniterProject\\app\\Controllers\\Admins.php')
 2 SYSTEMPATH\Autoloader\Autoloader.php(267): CodeIgniter\Autoloader\Autoloader->loadInNamespace('App\\Controllers\\Admins')
 3 [internal function]: CodeIgniter\Autoloader\Autoloader->loadClass('App\\Controllers\\Admins')
 4 SYSTEMPATH\CodeIgniter.php(890): class_exists('\\App\\Controllers\\Admins', true)
 5 SYSTEMPATH\CodeIgniter.php(484): CodeIgniter\CodeIgniter->startController()
 6 SYSTEMPATH\CodeIgniter.php(366): CodeIgniter\CodeIgniter->handleRequest(null, Object(Config\Cache), false)
 7 FCPATH\index.php(67): CodeIgniter\CodeIgniter->run()
 8 SYSTEMPATH\Commands\Server\rewrite.php(47): require_once('C:\\projects\\excelProject\\codeigniterProject\\public\\index.php')
CRITICAL - 2023-07-14 02:01:24 --> syntax error, unexpected variable "$session"
in APPPATH\Controllers\Admins.php on line 19.
 1 SYSTEMPATH\Autoloader\Autoloader.php(289): CodeIgniter\Autoloader\Autoloader->includeFile('C:\\projects\\excelProject\\codeigniterProject\\app\\Controllers\\Admins.php')
 2 SYSTEMPATH\Autoloader\Autoloader.php(267): CodeIgniter\Autoloader\Autoloader->loadInNamespace('App\\Controllers\\Admins')
 3 [internal function]: CodeIgniter\Autoloader\Autoloader->loadClass('App\\Controllers\\Admins')
 4 SYSTEMPATH\CodeIgniter.php(890): class_exists('\\App\\Controllers\\Admins', true)
 5 SYSTEMPATH\CodeIgniter.php(484): CodeIgniter\CodeIgniter->startController()
 6 SYSTEMPATH\CodeIgniter.php(366): CodeIgniter\CodeIgniter->handleRequest(null, Object(Config\Cache), false)
 7 FCPATH\index.php(67): CodeIgniter\CodeIgniter->run()
 8 SYSTEMPATH\Commands\Server\rewrite.php(47): require_once('C:\\projects\\excelProject\\codeigniterProject\\public\\index.php')
CRITICAL - 2023-07-14 02:05:25 --> Undefined constant "App\Controllers\session"
in APPPATH\Controllers\Messages.php on line 11.
 1 SYSTEMPATH\CodeIgniter.php(932): App\Controllers\Messages->session()
 2 SYSTEMPATH\CodeIgniter.php(497): CodeIgniter\CodeIgniter->runController(Object(App\Controllers\Messages))
 3 SYSTEMPATH\CodeIgniter.php(366): CodeIgniter\CodeIgniter->handleRequest(null, Object(Config\Cache), false)
 4 FCPATH\index.php(67): CodeIgniter\CodeIgniter->run()
 5 SYSTEMPATH\Commands\Server\rewrite.php(47): require_once('C:\\projects\\excelProject\\codeigniterProject\\public\\index.php')
CRITICAL - 2023-07-14 02:05:25 --> Undefined constant "App\Controllers\session"
in APPPATH\Controllers\Messages.php on line 11.
 1 SYSTEMPATH\CodeIgniter.php(932): App\Controllers\Messages->session()
 2 SYSTEMPATH\CodeIgniter.php(497): CodeIgniter\CodeIgniter->runController(Object(App\Controllers\Messages))
 3 SYSTEMPATH\CodeIgniter.php(366): CodeIgniter\CodeIgniter->handleRequest(null, Object(Config\Cache), false)
 4 FCPATH\index.php(67): CodeIgniter\CodeIgniter->run()
 5 SYSTEMPATH\Commands\Server\rewrite.php(47): require_once('C:\\projects\\excelProject\\codeigniterProject\\public\\index.php')
CRITICAL - 2023-07-14 02:07:05 --> Undefined variable $session
in APPPATH\Controllers\Messages.php on line 11.
 1 APPPATH\Controllers\Messages.php(11): CodeIgniter\Debug\Exceptions->errorHandler(2, 'Undefined variable $session', 'C:\\projects\\excelProject\\codeigniterProject\\app\\Controllers\\Messages.php', 11)
 2 SYSTEMPATH\CodeIgniter.php(932): App\Controllers\Messages->session()
 3 SYSTEMPATH\CodeIgniter.php(497): CodeIgniter\CodeIgniter->runController(Object(App\Controllers\Messages))
 4 SYSTEMPATH\CodeIgniter.php(366): CodeIgniter\CodeIgniter->handleRequest(null, Object(Config\Cache), false)
 5 FCPATH\index.php(67): CodeIgniter\CodeIgniter->run()
 6 SYSTEMPATH\Commands\Server\rewrite.php(47): require_once('C:\\projects\\excelProject\\codeigniterProject\\public\\index.php')
CRITICAL - 2023-07-14 02:07:06 --> Undefined variable $session
in APPPATH\Controllers\Messages.php on line 11.
 1 APPPATH\Controllers\Messages.php(11): CodeIgniter\Debug\Exceptions->errorHandler(2, 'Undefined variable $session', 'C:\\projects\\excelProject\\codeigniterProject\\app\\Controllers\\Messages.php', 11)
 2 SYSTEMPATH\CodeIgniter.php(932): App\Controllers\Messages->session()
 3 SYSTEMPATH\CodeIgniter.php(497): CodeIgniter\CodeIgniter->runController(Object(App\Controllers\Messages))
 4 SYSTEMPATH\CodeIgniter.php(366): CodeIgniter\CodeIgniter->handleRequest(null, Object(Config\Cache), false)
 5 FCPATH\index.php(67): CodeIgniter\CodeIgniter->run()
 6 SYSTEMPATH\Commands\Server\rewrite.php(47): require_once('C:\\projects\\excelProject\\codeigniterProject\\public\\index.php')
CRITICAL - 2023-07-14 02:07:12 --> Undefined variable $session
in APPPATH\Controllers\Messages.php on line 11.
 1 APPPATH\Controllers\Messages.php(11): CodeIgniter\Debug\Exceptions->errorHandler(2, 'Undefined variable $session', 'C:\\projects\\excelProject\\codeigniterProject\\app\\Controllers\\Messages.php', 11)
 2 SYSTEMPATH\CodeIgniter.php(932): App\Controllers\Messages->session()
 3 SYSTEMPATH\CodeIgniter.php(497): CodeIgniter\CodeIgniter->runController(Object(App\Controllers\Messages))
 4 SYSTEMPATH\CodeIgniter.php(366): CodeIgniter\CodeIgniter->handleRequest(null, Object(Config\Cache), false)
 5 FCPATH\index.php(67): CodeIgniter\CodeIgniter->run()
 6 SYSTEMPATH\Commands\Server\rewrite.php(47): require_once('C:\\projects\\excelProject\\codeigniterProject\\public\\index.php')
CRITICAL - 2023-07-14 02:07:12 --> Undefined variable $session
in APPPATH\Controllers\Messages.php on line 11.
 1 APPPATH\Controllers\Messages.php(11): CodeIgniter\Debug\Exceptions->errorHandler(2, 'Undefined variable $session', 'C:\\projects\\excelProject\\codeigniterProject\\app\\Controllers\\Messages.php', 11)
 2 SYSTEMPATH\CodeIgniter.php(932): App\Controllers\Messages->session()
 3 SYSTEMPATH\CodeIgniter.php(497): CodeIgniter\CodeIgniter->runController(Object(App\Controllers\Messages))
 4 SYSTEMPATH\CodeIgniter.php(366): CodeIgniter\CodeIgniter->handleRequest(null, Object(Config\Cache), false)
 5 FCPATH\index.php(67): CodeIgniter\CodeIgniter->run()
 6 SYSTEMPATH\Commands\Server\rewrite.php(47): require_once('C:\\projects\\excelProject\\codeigniterProject\\public\\index.php')
CRITICAL - 2023-07-14 02:13:52 --> Undefined constant "App\Controllers\session"
in APPPATH\Controllers\Messages.php on line 11.
 1 SYSTEMPATH\CodeIgniter.php(932): App\Controllers\Messages->sessionG()
 2 SYSTEMPATH\CodeIgniter.php(497): CodeIgniter\CodeIgniter->runController(Object(App\Controllers\Messages))
 3 SYSTEMPATH\CodeIgniter.php(366): CodeIgniter\CodeIgniter->handleRequest(null, Object(Config\Cache), false)
 4 FCPATH\index.php(67): CodeIgniter\CodeIgniter->run()
 5 SYSTEMPATH\Commands\Server\rewrite.php(47): require_once('C:\\projects\\excelProject\\codeigniterProject\\public\\index.php')
CRITICAL - 2023-07-14 02:13:52 --> Undefined constant "App\Controllers\session"
in APPPATH\Controllers\Messages.php on line 11.
 1 SYSTEMPATH\CodeIgniter.php(932): App\Controllers\Messages->sessionG()
 2 SYSTEMPATH\CodeIgniter.php(497): CodeIgniter\CodeIgniter->runController(Object(App\Controllers\Messages))
 3 SYSTEMPATH\CodeIgniter.php(366): CodeIgniter\CodeIgniter->handleRequest(null, Object(Config\Cache), false)
 4 FCPATH\index.php(67): CodeIgniter\CodeIgniter->run()
 5 SYSTEMPATH\Commands\Server\rewrite.php(47): require_once('C:\\projects\\excelProject\\codeigniterProject\\public\\index.php')
CRITICAL - 2023-07-14 02:13:56 --> Undefined constant "App\Controllers\session"
in APPPATH\Controllers\Messages.php on line 11.
 1 SYSTEMPATH\CodeIgniter.php(932): App\Controllers\Messages->sessionG()
 2 SYSTEMPATH\CodeIgniter.php(497): CodeIgniter\CodeIgniter->runController(Object(App\Controllers\Messages))
 3 SYSTEMPATH\CodeIgniter.php(366): CodeIgniter\CodeIgniter->handleRequest(null, Object(Config\Cache), false)
 4 FCPATH\index.php(67): CodeIgniter\CodeIgniter->run()
 5 SYSTEMPATH\Commands\Server\rewrite.php(47): require_once('C:\\projects\\excelProject\\codeigniterProject\\public\\index.php')
CRITICAL - 2023-07-14 02:13:56 --> Undefined constant "App\Controllers\session"
in APPPATH\Controllers\Messages.php on line 11.
 1 SYSTEMPATH\CodeIgniter.php(932): App\Controllers\Messages->sessionG()
 2 SYSTEMPATH\CodeIgniter.php(497): CodeIgniter\CodeIgniter->runController(Object(App\Controllers\Messages))
 3 SYSTEMPATH\CodeIgniter.php(366): CodeIgniter\CodeIgniter->handleRequest(null, Object(Config\Cache), false)
 4 FCPATH\index.php(67): CodeIgniter\CodeIgniter->run()
 5 SYSTEMPATH\Commands\Server\rewrite.php(47): require_once('C:\\projects\\excelProject\\codeigniterProject\\public\\index.php')
CRITICAL - 2023-07-14 02:14:16 --> Unsupported operand types: App\Controllers\Messages - null
in APPPATH\Controllers\Messages.php on line 11.
 1 SYSTEMPATH\CodeIgniter.php(932): App\Controllers\Messages->sessionG()
 2 SYSTEMPATH\CodeIgniter.php(497): CodeIgniter\CodeIgniter->runController(Object(App\Controllers\Messages))
 3 SYSTEMPATH\CodeIgniter.php(366): CodeIgniter\CodeIgniter->handleRequest(null, Object(Config\Cache), false)
 4 FCPATH\index.php(67): CodeIgniter\CodeIgniter->run()
 5 SYSTEMPATH\Commands\Server\rewrite.php(47): require_once('C:\\projects\\excelProject\\codeigniterProject\\public\\index.php')
CRITICAL - 2023-07-14 02:14:16 --> Unsupported operand types: App\Controllers\Messages - null
in APPPATH\Controllers\Messages.php on line 11.
 1 SYSTEMPATH\CodeIgniter.php(932): App\Controllers\Messages->sessionG()
 2 SYSTEMPATH\CodeIgniter.php(497): CodeIgniter\CodeIgniter->runController(Object(App\Controllers\Messages))
 3 SYSTEMPATH\CodeIgniter.php(366): CodeIgniter\CodeIgniter->handleRequest(null, Object(Config\Cache), false)
 4 FCPATH\index.php(67): CodeIgniter\CodeIgniter->run()
 5 SYSTEMPATH\Commands\Server\rewrite.php(47): require_once('C:\\projects\\excelProject\\codeigniterProject\\public\\index.php')
CRITICAL - 2023-07-14 02:21:44 --> syntax error, unexpected token "if"
in APPPATH\Controllers\Messages.php on line 12.
 1 SYSTEMPATH\Autoloader\Autoloader.php(289): CodeIgniter\Autoloader\Autoloader->includeFile('C:\\projects\\excelProject\\codeigniterProject\\app\\Controllers\\Messages.php')
 2 SYSTEMPATH\Autoloader\Autoloader.php(267): CodeIgniter\Autoloader\Autoloader->loadInNamespace('App\\Controllers\\Messages')
 3 [internal function]: CodeIgniter\Autoloader\Autoloader->loadClass('App\\Controllers\\Messages')
 4 SYSTEMPATH\CodeIgniter.php(890): class_exists('\\App\\Controllers\\Messages', true)
 5 SYSTEMPATH\CodeIgniter.php(484): CodeIgniter\CodeIgniter->startController()
 6 SYSTEMPATH\CodeIgniter.php(366): CodeIgniter\CodeIgniter->handleRequest(null, Object(Config\Cache), false)
 7 FCPATH\index.php(67): CodeIgniter\CodeIgniter->run()
 8 SYSTEMPATH\Commands\Server\rewrite.php(47): require_once('C:\\projects\\excelProject\\codeigniterProject\\public\\index.php')
CRITICAL - 2023-07-14 02:21:44 --> syntax error, unexpected token "if"
in APPPATH\Controllers\Messages.php on line 12.
 1 SYSTEMPATH\Autoloader\Autoloader.php(289): CodeIgniter\Autoloader\Autoloader->includeFile('C:\\projects\\excelProject\\codeigniterProject\\app\\Controllers\\Messages.php')
 2 SYSTEMPATH\Autoloader\Autoloader.php(267): CodeIgniter\Autoloader\Autoloader->loadInNamespace('App\\Controllers\\Messages')
 3 [internal function]: CodeIgniter\Autoloader\Autoloader->loadClass('App\\Controllers\\Messages')
 4 SYSTEMPATH\CodeIgniter.php(890): class_exists('\\App\\Controllers\\Messages', true)
 5 SYSTEMPATH\CodeIgniter.php(484): CodeIgniter\CodeIgniter->startController()
 6 SYSTEMPATH\CodeIgniter.php(366): CodeIgniter\CodeIgniter->handleRequest(null, Object(Config\Cache), false)
 7 FCPATH\index.php(67): CodeIgniter\CodeIgniter->run()
 8 SYSTEMPATH\Commands\Server\rewrite.php(47): require_once('C:\\projects\\excelProject\\codeigniterProject\\public\\index.php')
CRITICAL - 2023-07-14 02:22:02 --> syntax error, unexpected token "if"
in APPPATH\Controllers\Messages.php on line 12.
 1 SYSTEMPATH\Autoloader\Autoloader.php(289): CodeIgniter\Autoloader\Autoloader->includeFile('C:\\projects\\excelProject\\codeigniterProject\\app\\Controllers\\Messages.php')
 2 SYSTEMPATH\Autoloader\Autoloader.php(267): CodeIgniter\Autoloader\Autoloader->loadInNamespace('App\\Controllers\\Messages')
 3 [internal function]: CodeIgniter\Autoloader\Autoloader->loadClass('App\\Controllers\\Messages')
 4 SYSTEMPATH\CodeIgniter.php(890): class_exists('\\App\\Controllers\\Messages', true)
 5 SYSTEMPATH\CodeIgniter.php(484): CodeIgniter\CodeIgniter->startController()
 6 SYSTEMPATH\CodeIgniter.php(366): CodeIgniter\CodeIgniter->handleRequest(null, Object(Config\Cache), false)
 7 FCPATH\index.php(67): CodeIgniter\CodeIgniter->run()
 8 SYSTEMPATH\Commands\Server\rewrite.php(47): require_once('C:\\projects\\excelProject\\codeigniterProject\\public\\index.php')
CRITICAL - 2023-07-14 02:22:02 --> syntax error, unexpected token "if"
in APPPATH\Controllers\Messages.php on line 12.
 1 SYSTEMPATH\Autoloader\Autoloader.php(289): CodeIgniter\Autoloader\Autoloader->includeFile('C:\\projects\\excelProject\\codeigniterProject\\app\\Controllers\\Messages.php')
 2 SYSTEMPATH\Autoloader\Autoloader.php(267): CodeIgniter\Autoloader\Autoloader->loadInNamespace('App\\Controllers\\Messages')
 3 [internal function]: CodeIgniter\Autoloader\Autoloader->loadClass('App\\Controllers\\Messages')
 4 SYSTEMPATH\CodeIgniter.php(890): class_exists('\\App\\Controllers\\Messages', true)
 5 SYSTEMPATH\CodeIgniter.php(484): CodeIgniter\CodeIgniter->startController()
 6 SYSTEMPATH\CodeIgniter.php(366): CodeIgniter\CodeIgniter->handleRequest(null, Object(Config\Cache), false)
 7 FCPATH\index.php(67): CodeIgniter\CodeIgniter->run()
 8 SYSTEMPATH\Commands\Server\rewrite.php(47): require_once('C:\\projects\\excelProject\\codeigniterProject\\public\\index.php')
CRITICAL - 2023-07-14 02:22:31 --> syntax error, unexpected token "if"
in APPPATH\Controllers\Messages.php on line 12.
 1 SYSTEMPATH\Autoloader\Autoloader.php(289): CodeIgniter\Autoloader\Autoloader->includeFile('C:\\projects\\excelProject\\codeigniterProject\\app\\Controllers\\Messages.php')
 2 SYSTEMPATH\Autoloader\Autoloader.php(267): CodeIgniter\Autoloader\Autoloader->loadInNamespace('App\\Controllers\\Messages')
 3 [internal function]: CodeIgniter\Autoloader\Autoloader->loadClass('App\\Controllers\\Messages')
 4 SYSTEMPATH\CodeIgniter.php(890): class_exists('\\App\\Controllers\\Messages', true)
 5 SYSTEMPATH\CodeIgniter.php(484): CodeIgniter\CodeIgniter->startController()
 6 SYSTEMPATH\CodeIgniter.php(366): CodeIgniter\CodeIgniter->handleRequest(null, Object(Config\Cache), false)
 7 FCPATH\index.php(67): CodeIgniter\CodeIgniter->run()
 8 SYSTEMPATH\Commands\Server\rewrite.php(47): require_once('C:\\projects\\excelProject\\codeigniterProject\\public\\index.php')
CRITICAL - 2023-07-14 02:22:31 --> syntax error, unexpected token "if"
in APPPATH\Controllers\Messages.php on line 12.
 1 SYSTEMPATH\Autoloader\Autoloader.php(289): CodeIgniter\Autoloader\Autoloader->includeFile('C:\\projects\\excelProject\\codeigniterProject\\app\\Controllers\\Messages.php')
 2 SYSTEMPATH\Autoloader\Autoloader.php(267): CodeIgniter\Autoloader\Autoloader->loadInNamespace('App\\Controllers\\Messages')
 3 [internal function]: CodeIgniter\Autoloader\Autoloader->loadClass('App\\Controllers\\Messages')
 4 SYSTEMPATH\CodeIgniter.php(890): class_exists('\\App\\Controllers\\Messages', true)
 5 SYSTEMPATH\CodeIgniter.php(484): CodeIgniter\CodeIgniter->startController()
 6 SYSTEMPATH\CodeIgniter.php(366): CodeIgniter\CodeIgniter->handleRequest(null, Object(Config\Cache), false)
 7 FCPATH\index.php(67): CodeIgniter\CodeIgniter->run()
 8 SYSTEMPATH\Commands\Server\rewrite.php(47): require_once('C:\\projects\\excelProject\\codeigniterProject\\public\\index.php')
CRITICAL - 2023-07-14 02:22:51 --> syntax error, unexpected token "if"
in APPPATH\Controllers\Messages.php on line 12.
 1 SYSTEMPATH\Autoloader\Autoloader.php(289): CodeIgniter\Autoloader\Autoloader->includeFile('C:\\projects\\excelProject\\codeigniterProject\\app\\Controllers\\Messages.php')
 2 SYSTEMPATH\Autoloader\Autoloader.php(267): CodeIgniter\Autoloader\Autoloader->loadInNamespace('App\\Controllers\\Messages')
 3 [internal function]: CodeIgniter\Autoloader\Autoloader->loadClass('App\\Controllers\\Messages')
 4 SYSTEMPATH\CodeIgniter.php(890): class_exists('\\App\\Controllers\\Messages', true)
 5 SYSTEMPATH\CodeIgniter.php(484): CodeIgniter\CodeIgniter->startController()
 6 SYSTEMPATH\CodeIgniter.php(366): CodeIgniter\CodeIgniter->handleRequest(null, Object(Config\Cache), false)
 7 FCPATH\index.php(67): CodeIgniter\CodeIgniter->run()
 8 SYSTEMPATH\Commands\Server\rewrite.php(47): require_once('C:\\projects\\excelProject\\codeigniterProject\\public\\index.php')
CRITICAL - 2023-07-14 02:22:51 --> syntax error, unexpected token "if"
in APPPATH\Controllers\Messages.php on line 12.
 1 SYSTEMPATH\Autoloader\Autoloader.php(289): CodeIgniter\Autoloader\Autoloader->includeFile('C:\\projects\\excelProject\\codeigniterProject\\app\\Controllers\\Messages.php')
 2 SYSTEMPATH\Autoloader\Autoloader.php(267): CodeIgniter\Autoloader\Autoloader->loadInNamespace('App\\Controllers\\Messages')
 3 [internal function]: CodeIgniter\Autoloader\Autoloader->loadClass('App\\Controllers\\Messages')
 4 SYSTEMPATH\CodeIgniter.php(890): class_exists('\\App\\Controllers\\Messages', true)
 5 SYSTEMPATH\CodeIgniter.php(484): CodeIgniter\CodeIgniter->startController()
 6 SYSTEMPATH\CodeIgniter.php(366): CodeIgniter\CodeIgniter->handleRequest(null, Object(Config\Cache), false)
 7 FCPATH\index.php(67): CodeIgniter\CodeIgniter->run()
 8 SYSTEMPATH\Commands\Server\rewrite.php(47): require_once('C:\\projects\\excelProject\\codeigniterProject\\public\\index.php')
CRITICAL - 2023-07-14 02:23:00 --> syntax error, unexpected token "if"
in APPPATH\Controllers\Messages.php on line 12.
 1 SYSTEMPATH\Autoloader\Autoloader.php(289): CodeIgniter\Autoloader\Autoloader->includeFile('C:\\projects\\excelProject\\codeigniterProject\\app\\Controllers\\Messages.php')
 2 SYSTEMPATH\Autoloader\Autoloader.php(267): CodeIgniter\Autoloader\Autoloader->loadInNamespace('App\\Controllers\\Messages')
 3 [internal function]: CodeIgniter\Autoloader\Autoloader->loadClass('App\\Controllers\\Messages')
 4 SYSTEMPATH\CodeIgniter.php(890): class_exists('\\App\\Controllers\\Messages', true)
 5 SYSTEMPATH\CodeIgniter.php(484): CodeIgniter\CodeIgniter->startController()
 6 SYSTEMPATH\CodeIgniter.php(366): CodeIgniter\CodeIgniter->handleRequest(null, Object(Config\Cache), false)
 7 FCPATH\index.php(67): CodeIgniter\CodeIgniter->run()
 8 SYSTEMPATH\Commands\Server\rewrite.php(47): require_once('C:\\projects\\excelProject\\codeigniterProject\\public\\index.php')
CRITICAL - 2023-07-14 02:23:00 --> syntax error, unexpected token "if"
in APPPATH\Controllers\Messages.php on line 12.
 1 SYSTEMPATH\Autoloader\Autoloader.php(289): CodeIgniter\Autoloader\Autoloader->includeFile('C:\\projects\\excelProject\\codeigniterProject\\app\\Controllers\\Messages.php')
 2 SYSTEMPATH\Autoloader\Autoloader.php(267): CodeIgniter\Autoloader\Autoloader->loadInNamespace('App\\Controllers\\Messages')
 3 [internal function]: CodeIgniter\Autoloader\Autoloader->loadClass('App\\Controllers\\Messages')
 4 SYSTEMPATH\CodeIgniter.php(890): class_exists('\\App\\Controllers\\Messages', true)
 5 SYSTEMPATH\CodeIgniter.php(484): CodeIgniter\CodeIgniter->startController()
 6 SYSTEMPATH\CodeIgniter.php(366): CodeIgniter\CodeIgniter->handleRequest(null, Object(Config\Cache), false)
 7 FCPATH\index.php(67): CodeIgniter\CodeIgniter->run()
 8 SYSTEMPATH\Commands\Server\rewrite.php(47): require_once('C:\\projects\\excelProject\\codeigniterProject\\public\\index.php')
CRITICAL - 2023-07-14 02:23:27 --> syntax error, unexpected token "if"
in APPPATH\Controllers\Messages.php on line 12.
 1 SYSTEMPATH\Autoloader\Autoloader.php(289): CodeIgniter\Autoloader\Autoloader->includeFile('C:\\projects\\excelProject\\codeigniterProject\\app\\Controllers\\Messages.php')
 2 SYSTEMPATH\Autoloader\Autoloader.php(267): CodeIgniter\Autoloader\Autoloader->loadInNamespace('App\\Controllers\\Messages')
 3 [internal function]: CodeIgniter\Autoloader\Autoloader->loadClass('App\\Controllers\\Messages')
 4 SYSTEMPATH\CodeIgniter.php(890): class_exists('\\App\\Controllers\\Messages', true)
 5 SYSTEMPATH\CodeIgniter.php(484): CodeIgniter\CodeIgniter->startController()
 6 SYSTEMPATH\CodeIgniter.php(366): CodeIgniter\CodeIgniter->handleRequest(null, Object(Config\Cache), false)
 7 FCPATH\index.php(67): CodeIgniter\CodeIgniter->run()
 8 SYSTEMPATH\Commands\Server\rewrite.php(47): require_once('C:\\projects\\excelProject\\codeigniterProject\\public\\index.php')
CRITICAL - 2023-07-14 02:23:28 --> syntax error, unexpected token "if"
in APPPATH\Controllers\Messages.php on line 12.
 1 SYSTEMPATH\Autoloader\Autoloader.php(289): CodeIgniter\Autoloader\Autoloader->includeFile('C:\\projects\\excelProject\\codeigniterProject\\app\\Controllers\\Messages.php')
 2 SYSTEMPATH\Autoloader\Autoloader.php(267): CodeIgniter\Autoloader\Autoloader->loadInNamespace('App\\Controllers\\Messages')
 3 [internal function]: CodeIgniter\Autoloader\Autoloader->loadClass('App\\Controllers\\Messages')
 4 SYSTEMPATH\CodeIgniter.php(890): class_exists('\\App\\Controllers\\Messages', true)
 5 SYSTEMPATH\CodeIgniter.php(484): CodeIgniter\CodeIgniter->startController()
 6 SYSTEMPATH\CodeIgniter.php(366): CodeIgniter\CodeIgniter->handleRequest(null, Object(Config\Cache), false)
 7 FCPATH\index.php(67): CodeIgniter\CodeIgniter->run()
 8 SYSTEMPATH\Commands\Server\rewrite.php(47): require_once('C:\\projects\\excelProject\\codeigniterProject\\public\\index.php')
CRITICAL - 2023-07-14 02:27:12 --> Undefined array key "status"
in APPPATH\Controllers\Messages.php on line 12.
 1 APPPATH\Controllers\Messages.php(12): CodeIgniter\Debug\Exceptions->errorHandler(2, 'Undefined array key "status"', 'C:\\projects\\excelProject\\codeigniterProject\\app\\Controllers\\Messages.php', 12)
 2 SYSTEMPATH\CodeIgniter.php(932): App\Controllers\Messages->sessionG()
 3 SYSTEMPATH\CodeIgniter.php(497): CodeIgniter\CodeIgniter->runController(Object(App\Controllers\Messages))
 4 SYSTEMPATH\CodeIgniter.php(366): CodeIgniter\CodeIgniter->handleRequest(null, Object(Config\Cache), false)
 5 FCPATH\index.php(67): CodeIgniter\CodeIgniter->run()
 6 SYSTEMPATH\Commands\Server\rewrite.php(47): require_once('C:\\projects\\excelProject\\codeigniterProject\\public\\index.php')
CRITICAL - 2023-07-14 02:27:12 --> Undefined array key "status"
in APPPATH\Controllers\Messages.php on line 12.
 1 APPPATH\Controllers\Messages.php(12): CodeIgniter\Debug\Exceptions->errorHandler(2, 'Undefined array key "status"', 'C:\\projects\\excelProject\\codeigniterProject\\app\\Controllers\\Messages.php', 12)
 2 SYSTEMPATH\CodeIgniter.php(932): App\Controllers\Messages->sessionG()
 3 SYSTEMPATH\CodeIgniter.php(497): CodeIgniter\CodeIgniter->runController(Object(App\Controllers\Messages))
 4 SYSTEMPATH\CodeIgniter.php(366): CodeIgniter\CodeIgniter->handleRequest(null, Object(Config\Cache), false)
 5 FCPATH\index.php(67): CodeIgniter\CodeIgniter->run()
 6 SYSTEMPATH\Commands\Server\rewrite.php(47): require_once('C:\\projects\\excelProject\\codeigniterProject\\public\\index.php')
CRITICAL - 2023-07-14 04:29:40 --> Too few arguments to function App\Controllers\Messages::__construct(), 0 passed in C:\projects\excelProject\codeigniterProject\system\CodeIgniter.php on line 904 and exactly 1 expected
in APPPATH\Controllers\Messages.php on line 12.
 1 SYSTEMPATH\CodeIgniter.php(904): App\Controllers\Messages->__construct()
 2 SYSTEMPATH\CodeIgniter.php(488): CodeIgniter\CodeIgniter->createController()
 3 SYSTEMPATH\CodeIgniter.php(366): CodeIgniter\CodeIgniter->handleRequest(null, Object(Config\Cache), false)
 4 FCPATH\index.php(67): CodeIgniter\CodeIgniter->run()
 5 SYSTEMPATH\Commands\Server\rewrite.php(47): require_once('C:\\projects\\excelProject\\codeigniterProject\\public\\index.php')
CRITICAL - 2023-07-14 04:29:40 --> Too few arguments to function App\Controllers\Messages::__construct(), 0 passed in C:\projects\excelProject\codeigniterProject\system\CodeIgniter.php on line 904 and exactly 1 expected
in APPPATH\Controllers\Messages.php on line 12.
 1 SYSTEMPATH\CodeIgniter.php(904): App\Controllers\Messages->__construct()
 2 SYSTEMPATH\CodeIgniter.php(488): CodeIgniter\CodeIgniter->createController()
 3 SYSTEMPATH\CodeIgniter.php(366): CodeIgniter\CodeIgniter->handleRequest(null, Object(Config\Cache), false)
 4 FCPATH\index.php(67): CodeIgniter\CodeIgniter->run()
 5 SYSTEMPATH\Commands\Server\rewrite.php(47): require_once('C:\\projects\\excelProject\\codeigniterProject\\public\\index.php')
CRITICAL - 2023-07-14 04:30:00 --> Too few arguments to function App\Controllers\Messages::__construct(), 0 passed in C:\projects\excelProject\codeigniterProject\system\CodeIgniter.php on line 904 and exactly 1 expected
in APPPATH\Controllers\Messages.php on line 12.
 1 SYSTEMPATH\CodeIgniter.php(904): App\Controllers\Messages->__construct()
 2 SYSTEMPATH\CodeIgniter.php(488): CodeIgniter\CodeIgniter->createController()
 3 SYSTEMPATH\CodeIgniter.php(366): CodeIgniter\CodeIgniter->handleRequest(null, Object(Config\Cache), false)
 4 FCPATH\index.php(67): CodeIgniter\CodeIgniter->run()
 5 SYSTEMPATH\Commands\Server\rewrite.php(47): require_once('C:\\projects\\excelProject\\codeigniterProject\\public\\index.php')
CRITICAL - 2023-07-14 04:30:00 --> Too few arguments to function App\Controllers\Messages::__construct(), 0 passed in C:\projects\excelProject\codeigniterProject\system\CodeIgniter.php on line 904 and exactly 1 expected
in APPPATH\Controllers\Messages.php on line 12.
 1 SYSTEMPATH\CodeIgniter.php(904): App\Controllers\Messages->__construct()
 2 SYSTEMPATH\CodeIgniter.php(488): CodeIgniter\CodeIgniter->createController()
 3 SYSTEMPATH\CodeIgniter.php(366): CodeIgniter\CodeIgniter->handleRequest(null, Object(Config\Cache), false)
 4 FCPATH\index.php(67): CodeIgniter\CodeIgniter->run()
 5 SYSTEMPATH\Commands\Server\rewrite.php(47): require_once('C:\\projects\\excelProject\\codeigniterProject\\public\\index.php')
CRITICAL - 2023-07-14 04:30:56 --> Too few arguments to function App\Controllers\Messages::__construct(), 0 passed in C:\projects\excelProject\codeigniterProject\system\CodeIgniter.php on line 904 and exactly 1 expected
in APPPATH\Controllers\Messages.php on line 10.
 1 SYSTEMPATH\CodeIgniter.php(904): App\Controllers\Messages->__construct()
 2 SYSTEMPATH\CodeIgniter.php(488): CodeIgniter\CodeIgniter->createController()
 3 SYSTEMPATH\CodeIgniter.php(366): CodeIgniter\CodeIgniter->handleRequest(null, Object(Config\Cache), false)
 4 FCPATH\index.php(67): CodeIgniter\CodeIgniter->run()
 5 SYSTEMPATH\Commands\Server\rewrite.php(47): require_once('C:\\projects\\excelProject\\codeigniterProject\\public\\index.php')
CRITICAL - 2023-07-14 04:30:56 --> Too few arguments to function App\Controllers\Messages::__construct(), 0 passed in C:\projects\excelProject\codeigniterProject\system\CodeIgniter.php on line 904 and exactly 1 expected
in APPPATH\Controllers\Messages.php on line 10.
 1 SYSTEMPATH\CodeIgniter.php(904): App\Controllers\Messages->__construct()
 2 SYSTEMPATH\CodeIgniter.php(488): CodeIgniter\CodeIgniter->createController()
 3 SYSTEMPATH\CodeIgniter.php(366): CodeIgniter\CodeIgniter->handleRequest(null, Object(Config\Cache), false)
 4 FCPATH\index.php(67): CodeIgniter\CodeIgniter->run()
 5 SYSTEMPATH\Commands\Server\rewrite.php(47): require_once('C:\\projects\\excelProject\\codeigniterProject\\public\\index.php')
CRITICAL - 2023-07-14 04:32:42 --> Too few arguments to function App\Controllers\Messages::__construct(), 0 passed in C:\projects\excelProject\codeigniterProject\system\CodeIgniter.php on line 904 and exactly 1 expected
in APPPATH\Controllers\Messages.php on line 8.
 1 SYSTEMPATH\CodeIgniter.php(904): App\Controllers\Messages->__construct()
 2 SYSTEMPATH\CodeIgniter.php(488): CodeIgniter\CodeIgniter->createController()
 3 SYSTEMPATH\CodeIgniter.php(366): CodeIgniter\CodeIgniter->handleRequest(null, Object(Config\Cache), false)
 4 FCPATH\index.php(67): CodeIgniter\CodeIgniter->run()
 5 SYSTEMPATH\Commands\Server\rewrite.php(47): require_once('C:\\projects\\excelProject\\codeigniterProject\\public\\index.php')
CRITICAL - 2023-07-14 04:32:42 --> Too few arguments to function App\Controllers\Messages::__construct(), 0 passed in C:\projects\excelProject\codeigniterProject\system\CodeIgniter.php on line 904 and exactly 1 expected
in APPPATH\Controllers\Messages.php on line 8.
 1 SYSTEMPATH\CodeIgniter.php(904): App\Controllers\Messages->__construct()
 2 SYSTEMPATH\CodeIgniter.php(488): CodeIgniter\CodeIgniter->createController()
 3 SYSTEMPATH\CodeIgniter.php(366): CodeIgniter\CodeIgniter->handleRequest(null, Object(Config\Cache), false)
 4 FCPATH\index.php(67): CodeIgniter\CodeIgniter->run()
 5 SYSTEMPATH\Commands\Server\rewrite.php(47): require_once('C:\\projects\\excelProject\\codeigniterProject\\public\\index.php')
CRITICAL - 2023-07-14 04:40:08 --> Undefined variable $status
in APPPATH\Controllers\Messages.php on line 13.
 1 APPPATH\Controllers\Messages.php(13): CodeIgniter\Debug\Exceptions->errorHandler(2, 'Undefined variable $status', 'C:\\projects\\excelProject\\codeigniterProject\\app\\Controllers\\Messages.php', 13)
 2 SYSTEMPATH\CodeIgniter.php(932): App\Controllers\Messages->sessionG()
 3 SYSTEMPATH\CodeIgniter.php(497): CodeIgniter\CodeIgniter->runController(Object(App\Controllers\Messages))
 4 SYSTEMPATH\CodeIgniter.php(366): CodeIgniter\CodeIgniter->handleRequest(null, Object(Config\Cache), false)
 5 FCPATH\index.php(67): CodeIgniter\CodeIgniter->run()
 6 SYSTEMPATH\Commands\Server\rewrite.php(47): require_once('C:\\projects\\excelProject\\codeigniterProject\\public\\index.php')
CRITICAL - 2023-07-14 04:40:08 --> Undefined variable $status
in APPPATH\Controllers\Messages.php on line 13.
 1 APPPATH\Controllers\Messages.php(13): CodeIgniter\Debug\Exceptions->errorHandler(2, 'Undefined variable $status', 'C:\\projects\\excelProject\\codeigniterProject\\app\\Controllers\\Messages.php', 13)
 2 SYSTEMPATH\CodeIgniter.php(932): App\Controllers\Messages->sessionG()
 3 SYSTEMPATH\CodeIgniter.php(497): CodeIgniter\CodeIgniter->runController(Object(App\Controllers\Messages))
 4 SYSTEMPATH\CodeIgniter.php(366): CodeIgniter\CodeIgniter->handleRequest(null, Object(Config\Cache), false)
 5 FCPATH\index.php(67): CodeIgniter\CodeIgniter->run()
 6 SYSTEMPATH\Commands\Server\rewrite.php(47): require_once('C:\\projects\\excelProject\\codeigniterProject\\public\\index.php')
CRITICAL - 2023-07-14 04:42:34 --> Undefined variable $status
in APPPATH\Controllers\Messages.php on line 15.
 1 APPPATH\Controllers\Messages.php(15): CodeIgniter\Debug\Exceptions->errorHandler(2, 'Undefined variable $status', 'C:\\projects\\excelProject\\codeigniterProject\\app\\Controllers\\Messages.php', 15)
 2 SYSTEMPATH\CodeIgniter.php(932): App\Controllers\Messages->sessionG()
 3 SYSTEMPATH\CodeIgniter.php(497): CodeIgniter\CodeIgniter->runController(Object(App\Controllers\Messages))
 4 SYSTEMPATH\CodeIgniter.php(366): CodeIgniter\CodeIgniter->handleRequest(null, Object(Config\Cache), false)
 5 FCPATH\index.php(67): CodeIgniter\CodeIgniter->run()
 6 SYSTEMPATH\Commands\Server\rewrite.php(47): require_once('C:\\projects\\excelProject\\codeigniterProject\\public\\index.php')
CRITICAL - 2023-07-14 04:42:34 --> Undefined variable $status
in APPPATH\Controllers\Messages.php on line 15.
 1 APPPATH\Controllers\Messages.php(15): CodeIgniter\Debug\Exceptions->errorHandler(2, 'Undefined variable $status', 'C:\\projects\\excelProject\\codeigniterProject\\app\\Controllers\\Messages.php', 15)
 2 SYSTEMPATH\CodeIgniter.php(932): App\Controllers\Messages->sessionG()
 3 SYSTEMPATH\CodeIgniter.php(497): CodeIgniter\CodeIgniter->runController(Object(App\Controllers\Messages))
 4 SYSTEMPATH\CodeIgniter.php(366): CodeIgniter\CodeIgniter->handleRequest(null, Object(Config\Cache), false)
 5 FCPATH\index.php(67): CodeIgniter\CodeIgniter->run()
 6 SYSTEMPATH\Commands\Server\rewrite.php(47): require_once('C:\\projects\\excelProject\\codeigniterProject\\public\\index.php')
CRITICAL - 2023-07-14 05:12:39 --> Class "CodeIgniter\Services" not found
in APPPATH\Controllers\BaseController.php on line 61.
 1 SYSTEMPATH\CodeIgniter.php(905): App\Controllers\BaseController->initController(Object(CodeIgniter\HTTP\IncomingRequest), Object(CodeIgniter\HTTP\Response), Object(CodeIgniter\Log\Logger))
 2 SYSTEMPATH\CodeIgniter.php(488): CodeIgniter\CodeIgniter->createController()
 3 SYSTEMPATH\CodeIgniter.php(366): CodeIgniter\CodeIgniter->handleRequest(null, Object(Config\Cache), false)
 4 FCPATH\index.php(67): CodeIgniter\CodeIgniter->run()
 5 SYSTEMPATH\Commands\Server\rewrite.php(47): require_once('C:\\projects\\excelProject\\codeigniterProject\\public\\index.php')
CRITICAL - 2023-07-14 05:12:40 --> Class "CodeIgniter\Services" not found
in APPPATH\Controllers\BaseController.php on line 61.
 1 SYSTEMPATH\CodeIgniter.php(905): App\Controllers\BaseController->initController(Object(CodeIgniter\HTTP\IncomingRequest), Object(CodeIgniter\HTTP\Response), Object(CodeIgniter\Log\Logger))
 2 SYSTEMPATH\CodeIgniter.php(488): CodeIgniter\CodeIgniter->createController()
 3 SYSTEMPATH\CodeIgniter.php(366): CodeIgniter\CodeIgniter->handleRequest(null, Object(Config\Cache), false)
 4 FCPATH\index.php(67): CodeIgniter\CodeIgniter->run()
 5 SYSTEMPATH\Commands\Server\rewrite.php(47): require_once('C:\\projects\\excelProject\\codeigniterProject\\public\\index.php')
CRITICAL - 2023-07-14 05:12:41 --> Class "CodeIgniter\Services" not found
in APPPATH\Controllers\BaseController.php on line 61.
 1 SYSTEMPATH\CodeIgniter.php(905): App\Controllers\BaseController->initController(Object(CodeIgniter\HTTP\IncomingRequest), Object(CodeIgniter\HTTP\Response), Object(CodeIgniter\Log\Logger))
 2 SYSTEMPATH\CodeIgniter.php(488): CodeIgniter\CodeIgniter->createController()
 3 SYSTEMPATH\CodeIgniter.php(366): CodeIgniter\CodeIgniter->handleRequest(null, Object(Config\Cache), false)
 4 FCPATH\index.php(67): CodeIgniter\CodeIgniter->run()
 5 SYSTEMPATH\Commands\Server\rewrite.php(47): require_once('C:\\projects\\excelProject\\codeigniterProject\\public\\index.php')
CRITICAL - 2023-07-14 05:29:11 --> syntax error, unexpected identifier "session", expecting "function" or "const"
in APPPATH\Controllers\Admins.php on line 7.
 1 SYSTEMPATH\Autoloader\Autoloader.php(289): CodeIgniter\Autoloader\Autoloader->includeFile('C:\\projects\\excelProject\\codeigniterProject\\app\\Controllers\\Admins.php')
 2 SYSTEMPATH\Autoloader\Autoloader.php(267): CodeIgniter\Autoloader\Autoloader->loadInNamespace('App\\Controllers\\Admins')
 3 [internal function]: CodeIgniter\Autoloader\Autoloader->loadClass('App\\Controllers\\Admins')
 4 SYSTEMPATH\CodeIgniter.php(890): class_exists('\\App\\Controllers\\Admins', true)
 5 SYSTEMPATH\CodeIgniter.php(484): CodeIgniter\CodeIgniter->startController()
 6 SYSTEMPATH\CodeIgniter.php(366): CodeIgniter\CodeIgniter->handleRequest(null, Object(Config\Cache), false)
 7 FCPATH\index.php(67): CodeIgniter\CodeIgniter->run()
 8 SYSTEMPATH\Commands\Server\rewrite.php(47): require_once('C:\\projects\\excelProject\\codeigniterProject\\public\\index.php')
CRITICAL - 2023-07-14 06:42:20 --> syntax error, unexpected identifier "session"
in APPPATH\Controllers\Admins.php on line 9.
 1 SYSTEMPATH\Autoloader\Autoloader.php(289): CodeIgniter\Autoloader\Autoloader->includeFile('C:\\projects\\excelProject\\codeigniterProject\\app\\Controllers\\Admins.php')
 2 SYSTEMPATH\Autoloader\Autoloader.php(267): CodeIgniter\Autoloader\Autoloader->loadInNamespace('App\\Controllers\\Admins')
 3 [internal function]: CodeIgniter\Autoloader\Autoloader->loadClass('App\\Controllers\\Admins')
 4 SYSTEMPATH\CodeIgniter.php(890): class_exists('\\App\\Controllers\\Admins', true)
 5 SYSTEMPATH\CodeIgniter.php(484): CodeIgniter\CodeIgniter->startController()
 6 SYSTEMPATH\CodeIgniter.php(366): CodeIgniter\CodeIgniter->handleRequest(null, Object(Config\Cache), false)
 7 FCPATH\index.php(67): CodeIgniter\CodeIgniter->run()
 8 SYSTEMPATH\Commands\Server\rewrite.php(47): require_once('C:\\projects\\excelProject\\codeigniterProject\\public\\index.php')
CRITICAL - 2023-07-14 06:42:22 --> syntax error, unexpected identifier "session"
in APPPATH\Controllers\Admins.php on line 9.
 1 SYSTEMPATH\Autoloader\Autoloader.php(289): CodeIgniter\Autoloader\Autoloader->includeFile('C:\\projects\\excelProject\\codeigniterProject\\app\\Controllers\\Admins.php')
 2 SYSTEMPATH\Autoloader\Autoloader.php(267): CodeIgniter\Autoloader\Autoloader->loadInNamespace('App\\Controllers\\Admins')
 3 [internal function]: CodeIgniter\Autoloader\Autoloader->loadClass('App\\Controllers\\Admins')
 4 SYSTEMPATH\CodeIgniter.php(890): class_exists('\\App\\Controllers\\Admins', true)
 5 SYSTEMPATH\CodeIgniter.php(484): CodeIgniter\CodeIgniter->startController()
 6 SYSTEMPATH\CodeIgniter.php(366): CodeIgniter\CodeIgniter->handleRequest(null, Object(Config\Cache), false)
 7 FCPATH\index.php(67): CodeIgniter\CodeIgniter->run()
 8 SYSTEMPATH\Commands\Server\rewrite.php(47): require_once('C:\\projects\\excelProject\\codeigniterProject\\public\\index.php')
CRITICAL - 2023-07-14 06:43:03 --> syntax error, unexpected identifier "session"
in APPPATH\Controllers\Admins.php on line 9.
 1 SYSTEMPATH\Autoloader\Autoloader.php(289): CodeIgniter\Autoloader\Autoloader->includeFile('C:\\projects\\excelProject\\codeigniterProject\\app\\Controllers\\Admins.php')
 2 SYSTEMPATH\Autoloader\Autoloader.php(267): CodeIgniter\Autoloader\Autoloader->loadInNamespace('App\\Controllers\\Admins')
 3 [internal function]: CodeIgniter\Autoloader\Autoloader->loadClass('App\\Controllers\\Admins')
 4 SYSTEMPATH\CodeIgniter.php(890): class_exists('\\App\\Controllers\\Admins', true)
 5 SYSTEMPATH\CodeIgniter.php(484): CodeIgniter\CodeIgniter->startController()
 6 SYSTEMPATH\CodeIgniter.php(366): CodeIgniter\CodeIgniter->handleRequest(null, Object(Config\Cache), false)
 7 FCPATH\index.php(67): CodeIgniter\CodeIgniter->run()
 8 SYSTEMPATH\Commands\Server\rewrite.php(47): require_once('C:\\projects\\excelProject\\codeigniterProject\\public\\index.php')
CRITICAL - 2023-07-14 06:43:10 --> syntax error, unexpected identifier "session"
in APPPATH\Controllers\Admins.php on line 9.
 1 SYSTEMPATH\Autoloader\Autoloader.php(289): CodeIgniter\Autoloader\Autoloader->includeFile('C:\\projects\\excelProject\\codeigniterProject\\app\\Controllers\\Admins.php')
 2 SYSTEMPATH\Autoloader\Autoloader.php(267): CodeIgniter\Autoloader\Autoloader->loadInNamespace('App\\Controllers\\Admins')
 3 [internal function]: CodeIgniter\Autoloader\Autoloader->loadClass('App\\Controllers\\Admins')
 4 SYSTEMPATH\CodeIgniter.php(890): class_exists('\\App\\Controllers\\Admins', true)
 5 SYSTEMPATH\CodeIgniter.php(484): CodeIgniter\CodeIgniter->startController()
 6 SYSTEMPATH\CodeIgniter.php(366): CodeIgniter\CodeIgniter->handleRequest(null, Object(Config\Cache), false)
 7 FCPATH\index.php(67): CodeIgniter\CodeIgniter->run()
 8 SYSTEMPATH\Commands\Server\rewrite.php(47): require_once('C:\\projects\\excelProject\\codeigniterProject\\public\\index.php')
CRITICAL - 2023-07-14 06:43:11 --> syntax error, unexpected identifier "session"
in APPPATH\Controllers\Admins.php on line 9.
 1 SYSTEMPATH\Autoloader\Autoloader.php(289): CodeIgniter\Autoloader\Autoloader->includeFile('C:\\projects\\excelProject\\codeigniterProject\\app\\Controllers\\Admins.php')
 2 SYSTEMPATH\Autoloader\Autoloader.php(267): CodeIgniter\Autoloader\Autoloader->loadInNamespace('App\\Controllers\\Admins')
 3 [internal function]: CodeIgniter\Autoloader\Autoloader->loadClass('App\\Controllers\\Admins')
 4 SYSTEMPATH\CodeIgniter.php(890): class_exists('\\App\\Controllers\\Admins', true)
 5 SYSTEMPATH\CodeIgniter.php(484): CodeIgniter\CodeIgniter->startController()
 6 SYSTEMPATH\CodeIgniter.php(366): CodeIgniter\CodeIgniter->handleRequest(null, Object(Config\Cache), false)
 7 FCPATH\index.php(67): CodeIgniter\CodeIgniter->run()
 8 SYSTEMPATH\Commands\Server\rewrite.php(47): require_once('C:\\projects\\excelProject\\codeigniterProject\\public\\index.php')
CRITICAL - 2023-07-14 06:44:20 --> Too few arguments to function App\Controllers\Admins::__construct(), 0 passed in C:\projects\excelProject\codeigniterProject\system\CodeIgniter.php on line 904 and exactly 1 expected
in APPPATH\Controllers\Admins.php on line 7.
 1 SYSTEMPATH\CodeIgniter.php(904): App\Controllers\Admins->__construct()
 2 SYSTEMPATH\CodeIgniter.php(488): CodeIgniter\CodeIgniter->createController()
 3 SYSTEMPATH\CodeIgniter.php(366): CodeIgniter\CodeIgniter->handleRequest(null, Object(Config\Cache), false)
 4 FCPATH\index.php(67): CodeIgniter\CodeIgniter->run()
 5 SYSTEMPATH\Commands\Server\rewrite.php(47): require_once('C:\\projects\\excelProject\\codeigniterProject\\public\\index.php')
CRITICAL - 2023-07-14 06:45:28 --> Too few arguments to function App\Controllers\Admins::__construct(), 0 passed in C:\projects\excelProject\codeigniterProject\system\CodeIgniter.php on line 904 and exactly 1 expected
in APPPATH\Controllers\Admins.php on line 7.
 1 SYSTEMPATH\CodeIgniter.php(904): App\Controllers\Admins->__construct()
 2 SYSTEMPATH\CodeIgniter.php(488): CodeIgniter\CodeIgniter->createController()
 3 SYSTEMPATH\CodeIgniter.php(366): CodeIgniter\CodeIgniter->handleRequest(null, Object(Config\Cache), false)
 4 FCPATH\index.php(67): CodeIgniter\CodeIgniter->run()
 5 SYSTEMPATH\Commands\Server\rewrite.php(47): require_once('C:\\projects\\excelProject\\codeigniterProject\\public\\index.php')
CRITICAL - 2023-07-14 06:45:50 --> Too few arguments to function App\Controllers\Admins::__construct(), 0 passed in C:\projects\excelProject\codeigniterProject\system\CodeIgniter.php on line 904 and exactly 1 expected
in APPPATH\Controllers\Admins.php on line 8.
 1 SYSTEMPATH\CodeIgniter.php(904): App\Controllers\Admins->__construct()
 2 SYSTEMPATH\CodeIgniter.php(488): CodeIgniter\CodeIgniter->createController()
 3 SYSTEMPATH\CodeIgniter.php(366): CodeIgniter\CodeIgniter->handleRequest(null, Object(Config\Cache), false)
 4 FCPATH\index.php(67): CodeIgniter\CodeIgniter->run()
 5 SYSTEMPATH\Commands\Server\rewrite.php(47): require_once('C:\\projects\\excelProject\\codeigniterProject\\public\\index.php')
CRITICAL - 2023-07-14 06:46:12 --> Too few arguments to function App\Controllers\Admins::__construct(), 0 passed in C:\projects\excelProject\codeigniterProject\system\CodeIgniter.php on line 904 and exactly 1 expected
in APPPATH\Controllers\Admins.php on line 7.
 1 SYSTEMPATH\CodeIgniter.php(904): App\Controllers\Admins->__construct()
 2 SYSTEMPATH\CodeIgniter.php(488): CodeIgniter\CodeIgniter->createController()
 3 SYSTEMPATH\CodeIgniter.php(366): CodeIgniter\CodeIgniter->handleRequest(null, Object(Config\Cache), false)
 4 FCPATH\index.php(67): CodeIgniter\CodeIgniter->run()
 5 SYSTEMPATH\Commands\Server\rewrite.php(47): require_once('C:\\projects\\excelProject\\codeigniterProject\\public\\index.php')
CRITICAL - 2023-07-14 06:49:49 --> Undefined property: App\Controllers\Admins::$count
in APPPATH\Controllers\Admins.php on line 11.
 1 APPPATH\Controllers\Admins.php(11): CodeIgniter\Debug\Exceptions->errorHandler(2, 'Undefined property: App\\Controllers\\Admins::$count', 'C:\\projects\\excelProject\\codeigniterProject\\app\\Controllers\\Admins.php', 11)
 2 SYSTEMPATH\CodeIgniter.php(932): App\Controllers\Admins->adminLogin()
 3 SYSTEMPATH\CodeIgniter.php(497): CodeIgniter\CodeIgniter->runController(Object(App\Controllers\Admins))
 4 SYSTEMPATH\CodeIgniter.php(366): CodeIgniter\CodeIgniter->handleRequest(null, Object(Config\Cache), false)
 5 FCPATH\index.php(67): CodeIgniter\CodeIgniter->run()
 6 SYSTEMPATH\Commands\Server\rewrite.php(47): require_once('C:\\projects\\excelProject\\codeigniterProject\\public\\index.php')
CRITICAL - 2023-07-14 06:49:53 --> Undefined property: App\Controllers\Admins::$count
in APPPATH\Controllers\Admins.php on line 11.
 1 APPPATH\Controllers\Admins.php(11): CodeIgniter\Debug\Exceptions->errorHandler(2, 'Undefined property: App\\Controllers\\Admins::$count', 'C:\\projects\\excelProject\\codeigniterProject\\app\\Controllers\\Admins.php', 11)
 2 SYSTEMPATH\CodeIgniter.php(932): App\Controllers\Admins->adminLogin()
 3 SYSTEMPATH\CodeIgniter.php(497): CodeIgniter\CodeIgniter->runController(Object(App\Controllers\Admins))
 4 SYSTEMPATH\CodeIgniter.php(366): CodeIgniter\CodeIgniter->handleRequest(null, Object(Config\Cache), false)
 5 FCPATH\index.php(67): CodeIgniter\CodeIgniter->run()
 6 SYSTEMPATH\Commands\Server\rewrite.php(47): require_once('C:\\projects\\excelProject\\codeigniterProject\\public\\index.php')
CRITICAL - 2023-07-14 06:49:53 --> Undefined property: App\Controllers\Admins::$count
in APPPATH\Controllers\Admins.php on line 11.
 1 APPPATH\Controllers\Admins.php(11): CodeIgniter\Debug\Exceptions->errorHandler(2, 'Undefined property: App\\Controllers\\Admins::$count', 'C:\\projects\\excelProject\\codeigniterProject\\app\\Controllers\\Admins.php', 11)
 2 SYSTEMPATH\CodeIgniter.php(932): App\Controllers\Admins->adminLogin()
 3 SYSTEMPATH\CodeIgniter.php(497): CodeIgniter\CodeIgniter->runController(Object(App\Controllers\Admins))
 4 SYSTEMPATH\CodeIgniter.php(366): CodeIgniter\CodeIgniter->handleRequest(null, Object(Config\Cache), false)
 5 FCPATH\index.php(67): CodeIgniter\CodeIgniter->run()
 6 SYSTEMPATH\Commands\Server\rewrite.php(47): require_once('C:\\projects\\excelProject\\codeigniterProject\\public\\index.php')
CRITICAL - 2023-07-14 06:50:03 --> Undefined property: App\Controllers\Admins::$count
in APPPATH\Controllers\Admins.php on line 11.
 1 APPPATH\Controllers\Admins.php(11): CodeIgniter\Debug\Exceptions->errorHandler(2, 'Undefined property: App\\Controllers\\Admins::$count', 'C:\\projects\\excelProject\\codeigniterProject\\app\\Controllers\\Admins.php', 11)
 2 SYSTEMPATH\CodeIgniter.php(932): App\Controllers\Admins->adminLogin()
 3 SYSTEMPATH\CodeIgniter.php(497): CodeIgniter\CodeIgniter->runController(Object(App\Controllers\Admins))
 4 SYSTEMPATH\CodeIgniter.php(366): CodeIgniter\CodeIgniter->handleRequest(null, Object(Config\Cache), false)
 5 FCPATH\index.php(67): CodeIgniter\CodeIgniter->run()
 6 SYSTEMPATH\Commands\Server\rewrite.php(47): require_once('C:\\projects\\excelProject\\codeigniterProject\\public\\index.php')
CRITICAL - 2023-07-14 06:50:16 --> Undefined property: App\Controllers\Admins::$count
in APPPATH\Controllers\Admins.php on line 8.
 1 APPPATH\Controllers\Admins.php(8): CodeIgniter\Debug\Exceptions->errorHandler(2, 'Undefined property: App\\Controllers\\Admins::$count', 'C:\\projects\\excelProject\\codeigniterProject\\app\\Controllers\\Admins.php', 8)
 2 SYSTEMPATH\CodeIgniter.php(932): App\Controllers\Admins->adminLogin()
 3 SYSTEMPATH\CodeIgniter.php(497): CodeIgniter\CodeIgniter->runController(Object(App\Controllers\Admins))
 4 SYSTEMPATH\CodeIgniter.php(366): CodeIgniter\CodeIgniter->handleRequest(null, Object(Config\Cache), false)
 5 FCPATH\index.php(67): CodeIgniter\CodeIgniter->run()
 6 SYSTEMPATH\Commands\Server\rewrite.php(47): require_once('C:\\projects\\excelProject\\codeigniterProject\\public\\index.php')
CRITICAL - 2023-07-14 06:50:17 --> Undefined property: App\Controllers\Admins::$count
in APPPATH\Controllers\Admins.php on line 8.
 1 APPPATH\Controllers\Admins.php(8): CodeIgniter\Debug\Exceptions->errorHandler(2, 'Undefined property: App\\Controllers\\Admins::$count', 'C:\\projects\\excelProject\\codeigniterProject\\app\\Controllers\\Admins.php', 8)
 2 SYSTEMPATH\CodeIgniter.php(932): App\Controllers\Admins->adminLogin()
 3 SYSTEMPATH\CodeIgniter.php(497): CodeIgniter\CodeIgniter->runController(Object(App\Controllers\Admins))
 4 SYSTEMPATH\CodeIgniter.php(366): CodeIgniter\CodeIgniter->handleRequest(null, Object(Config\Cache), false)
 5 FCPATH\index.php(67): CodeIgniter\CodeIgniter->run()
 6 SYSTEMPATH\Commands\Server\rewrite.php(47): require_once('C:\\projects\\excelProject\\codeigniterProject\\public\\index.php')
CRITICAL - 2023-07-14 07:04:22 --> syntax error, unexpected token "as", expecting ";"
in APPPATH\Controllers\Messages.php on line 14.
 1 SYSTEMPATH\Autoloader\Autoloader.php(289): CodeIgniter\Autoloader\Autoloader->includeFile('C:\\projects\\excelProject\\codeigniterProject\\app\\Controllers\\Messages.php')
 2 SYSTEMPATH\Autoloader\Autoloader.php(267): CodeIgniter\Autoloader\Autoloader->loadInNamespace('App\\Controllers\\Messages')
 3 [internal function]: CodeIgniter\Autoloader\Autoloader->loadClass('App\\Controllers\\Messages')
 4 SYSTEMPATH\CodeIgniter.php(890): class_exists('\\App\\Controllers\\Messages', true)
 5 SYSTEMPATH\CodeIgniter.php(484): CodeIgniter\CodeIgniter->startController()
 6 SYSTEMPATH\CodeIgniter.php(366): CodeIgniter\CodeIgniter->handleRequest(null, Object(Config\Cache), false)
 7 FCPATH\index.php(67): CodeIgniter\CodeIgniter->run()
 8 SYSTEMPATH\Commands\Server\rewrite.php(47): require_once('C:\\projects\\excelProject\\codeigniterProject\\public\\index.php')
CRITICAL - 2023-07-14 07:04:22 --> syntax error, unexpected token "as", expecting ";"
in APPPATH\Controllers\Messages.php on line 14.
 1 SYSTEMPATH\Autoloader\Autoloader.php(289): CodeIgniter\Autoloader\Autoloader->includeFile('C:\\projects\\excelProject\\codeigniterProject\\app\\Controllers\\Messages.php')
 2 SYSTEMPATH\Autoloader\Autoloader.php(267): CodeIgniter\Autoloader\Autoloader->loadInNamespace('App\\Controllers\\Messages')
 3 [internal function]: CodeIgniter\Autoloader\Autoloader->loadClass('App\\Controllers\\Messages')
 4 SYSTEMPATH\CodeIgniter.php(890): class_exists('\\App\\Controllers\\Messages', true)
 5 SYSTEMPATH\CodeIgniter.php(484): CodeIgniter\CodeIgniter->startController()
 6 SYSTEMPATH\CodeIgniter.php(366): CodeIgniter\CodeIgniter->handleRequest(null, Object(Config\Cache), false)
 7 FCPATH\index.php(67): CodeIgniter\CodeIgniter->run()
 8 SYSTEMPATH\Commands\Server\rewrite.php(47): require_once('C:\\projects\\excelProject\\codeigniterProject\\public\\index.php')
CRITICAL - 2023-07-14 07:04:41 --> syntax error, unexpected token "as", expecting ";"
in APPPATH\Controllers\Messages.php on line 14.
 1 SYSTEMPATH\Autoloader\Autoloader.php(289): CodeIgniter\Autoloader\Autoloader->includeFile('C:\\projects\\excelProject\\codeigniterProject\\app\\Controllers\\Messages.php')
 2 SYSTEMPATH\Autoloader\Autoloader.php(267): CodeIgniter\Autoloader\Autoloader->loadInNamespace('App\\Controllers\\Messages')
 3 [internal function]: CodeIgniter\Autoloader\Autoloader->loadClass('App\\Controllers\\Messages')
 4 SYSTEMPATH\CodeIgniter.php(890): class_exists('\\App\\Controllers\\Messages', true)
 5 SYSTEMPATH\CodeIgniter.php(484): CodeIgniter\CodeIgniter->startController()
 6 SYSTEMPATH\CodeIgniter.php(366): CodeIgniter\CodeIgniter->handleRequest(null, Object(Config\Cache), false)
 7 FCPATH\index.php(67): CodeIgniter\CodeIgniter->run()
 8 SYSTEMPATH\Commands\Server\rewrite.php(47): require_once('C:\\projects\\excelProject\\codeigniterProject\\public\\index.php')
CRITICAL - 2023-07-14 07:04:41 --> syntax error, unexpected token "as", expecting ";"
in APPPATH\Controllers\Messages.php on line 14.
 1 SYSTEMPATH\Autoloader\Autoloader.php(289): CodeIgniter\Autoloader\Autoloader->includeFile('C:\\projects\\excelProject\\codeigniterProject\\app\\Controllers\\Messages.php')
 2 SYSTEMPATH\Autoloader\Autoloader.php(267): CodeIgniter\Autoloader\Autoloader->loadInNamespace('App\\Controllers\\Messages')
 3 [internal function]: CodeIgniter\Autoloader\Autoloader->loadClass('App\\Controllers\\Messages')
 4 SYSTEMPATH\CodeIgniter.php(890): class_exists('\\App\\Controllers\\Messages', true)
 5 SYSTEMPATH\CodeIgniter.php(484): CodeIgniter\CodeIgniter->startController()
 6 SYSTEMPATH\CodeIgniter.php(366): CodeIgniter\CodeIgniter->handleRequest(null, Object(Config\Cache), false)
 7 FCPATH\index.php(67): CodeIgniter\CodeIgniter->run()
 8 SYSTEMPATH\Commands\Server\rewrite.php(47): require_once('C:\\projects\\excelProject\\codeigniterProject\\public\\index.php')
CRITICAL - 2023-07-14 07:04:46 --> syntax error, unexpected token "as", expecting ";"
in APPPATH\Controllers\Messages.php on line 14.
 1 SYSTEMPATH\Autoloader\Autoloader.php(289): CodeIgniter\Autoloader\Autoloader->includeFile('C:\\projects\\excelProject\\codeigniterProject\\app\\Controllers\\Messages.php')
 2 SYSTEMPATH\Autoloader\Autoloader.php(267): CodeIgniter\Autoloader\Autoloader->loadInNamespace('App\\Controllers\\Messages')
 3 [internal function]: CodeIgniter\Autoloader\Autoloader->loadClass('App\\Controllers\\Messages')
 4 SYSTEMPATH\CodeIgniter.php(890): class_exists('\\App\\Controllers\\Messages', true)
 5 SYSTEMPATH\CodeIgniter.php(484): CodeIgniter\CodeIgniter->startController()
 6 SYSTEMPATH\CodeIgniter.php(366): CodeIgniter\CodeIgniter->handleRequest(null, Object(Config\Cache), false)
 7 FCPATH\index.php(67): CodeIgniter\CodeIgniter->run()
 8 SYSTEMPATH\Commands\Server\rewrite.php(47): require_once('C:\\projects\\excelProject\\codeigniterProject\\public\\index.php')
CRITICAL - 2023-07-14 07:04:46 --> syntax error, unexpected token "as", expecting ";"
in APPPATH\Controllers\Messages.php on line 14.
 1 SYSTEMPATH\Autoloader\Autoloader.php(289): CodeIgniter\Autoloader\Autoloader->includeFile('C:\\projects\\excelProject\\codeigniterProject\\app\\Controllers\\Messages.php')
 2 SYSTEMPATH\Autoloader\Autoloader.php(267): CodeIgniter\Autoloader\Autoloader->loadInNamespace('App\\Controllers\\Messages')
 3 [internal function]: CodeIgniter\Autoloader\Autoloader->loadClass('App\\Controllers\\Messages')
 4 SYSTEMPATH\CodeIgniter.php(890): class_exists('\\App\\Controllers\\Messages', true)
 5 SYSTEMPATH\CodeIgniter.php(484): CodeIgniter\CodeIgniter->startController()
 6 SYSTEMPATH\CodeIgniter.php(366): CodeIgniter\CodeIgniter->handleRequest(null, Object(Config\Cache), false)
 7 FCPATH\index.php(67): CodeIgniter\CodeIgniter->run()
 8 SYSTEMPATH\Commands\Server\rewrite.php(47): require_once('C:\\projects\\excelProject\\codeigniterProject\\public\\index.php')
CRITICAL - 2023-07-14 07:10:58 --> syntax error, unexpected token "as", expecting ";"
in APPPATH\Controllers\Messages.php on line 14.
 1 SYSTEMPATH\Autoloader\Autoloader.php(289): CodeIgniter\Autoloader\Autoloader->includeFile('C:\\projects\\excelProject\\codeigniterProject\\app\\Controllers\\Messages.php')
 2 SYSTEMPATH\Autoloader\Autoloader.php(267): CodeIgniter\Autoloader\Autoloader->loadInNamespace('App\\Controllers\\Messages')
 3 [internal function]: CodeIgniter\Autoloader\Autoloader->loadClass('App\\Controllers\\Messages')
 4 SYSTEMPATH\CodeIgniter.php(890): class_exists('\\App\\Controllers\\Messages', true)
 5 SYSTEMPATH\CodeIgniter.php(484): CodeIgniter\CodeIgniter->startController()
 6 SYSTEMPATH\CodeIgniter.php(366): CodeIgniter\CodeIgniter->handleRequest(null, Object(Config\Cache), false)
 7 FCPATH\index.php(67): CodeIgniter\CodeIgniter->run()
 8 SYSTEMPATH\Commands\Server\rewrite.php(47): require_once('C:\\projects\\excelProject\\codeigniterProject\\public\\index.php')
CRITICAL - 2023-07-14 07:13:05 --> syntax error, unexpected token "as", expecting ";"
in APPPATH\Controllers\Messages.php on line 14.
 1 SYSTEMPATH\Autoloader\Autoloader.php(289): CodeIgniter\Autoloader\Autoloader->includeFile('C:\\projects\\excelProject\\codeigniterProject\\app\\Controllers\\Messages.php')
 2 SYSTEMPATH\Autoloader\Autoloader.php(267): CodeIgniter\Autoloader\Autoloader->loadInNamespace('App\\Controllers\\Messages')
 3 [internal function]: CodeIgniter\Autoloader\Autoloader->loadClass('App\\Controllers\\Messages')
 4 SYSTEMPATH\CodeIgniter.php(890): class_exists('\\App\\Controllers\\Messages', true)
 5 SYSTEMPATH\CodeIgniter.php(484): CodeIgniter\CodeIgniter->startController()
 6 SYSTEMPATH\CodeIgniter.php(366): CodeIgniter\CodeIgniter->handleRequest(null, Object(Config\Cache), false)
 7 FCPATH\index.php(67): CodeIgniter\CodeIgniter->run()
 8 SYSTEMPATH\Commands\Server\rewrite.php(47): require_once('C:\\projects\\excelProject\\codeigniterProject\\public\\index.php')
CRITICAL - 2023-07-14 07:17:23 --> Attempt to assign property "status" on array
in APPPATH\Controllers\Admins.php on line 15.
 1 SYSTEMPATH\CodeIgniter.php(932): App\Controllers\Admins->adminLogin()
 2 SYSTEMPATH\CodeIgniter.php(497): CodeIgniter\CodeIgniter->runController(Object(App\Controllers\Admins))
 3 SYSTEMPATH\CodeIgniter.php(366): CodeIgniter\CodeIgniter->handleRequest(null, Object(Config\Cache), false)
 4 FCPATH\index.php(67): CodeIgniter\CodeIgniter->run()
 5 SYSTEMPATH\Commands\Server\rewrite.php(47): require_once('C:\\projects\\excelProject\\codeigniterProject\\public\\index.php')
CRITICAL - 2023-07-14 07:17:24 --> Attempt to assign property "status" on array
in APPPATH\Controllers\Admins.php on line 15.
 1 SYSTEMPATH\CodeIgniter.php(932): App\Controllers\Admins->adminLogin()
 2 SYSTEMPATH\CodeIgniter.php(497): CodeIgniter\CodeIgniter->runController(Object(App\Controllers\Admins))
 3 SYSTEMPATH\CodeIgniter.php(366): CodeIgniter\CodeIgniter->handleRequest(null, Object(Config\Cache), false)
 4 FCPATH\index.php(67): CodeIgniter\CodeIgniter->run()
 5 SYSTEMPATH\Commands\Server\rewrite.php(47): require_once('C:\\projects\\excelProject\\codeigniterProject\\public\\index.php')
CRITICAL - 2023-07-14 07:17:32 --> Attempt to assign property "status" on array
in APPPATH\Controllers\Admins.php on line 15.
 1 SYSTEMPATH\CodeIgniter.php(932): App\Controllers\Admins->adminLogin()
 2 SYSTEMPATH\CodeIgniter.php(497): CodeIgniter\CodeIgniter->runController(Object(App\Controllers\Admins))
 3 SYSTEMPATH\CodeIgniter.php(366): CodeIgniter\CodeIgniter->handleRequest(null, Object(Config\Cache), false)
 4 FCPATH\index.php(67): CodeIgniter\CodeIgniter->run()
 5 SYSTEMPATH\Commands\Server\rewrite.php(47): require_once('C:\\projects\\excelProject\\codeigniterProject\\public\\index.php')
CRITICAL - 2023-07-14 07:19:28 --> Attempt to assign property "status" on array
in APPPATH\Controllers\Admins.php on line 15.
 1 SYSTEMPATH\CodeIgniter.php(932): App\Controllers\Admins->adminLogin()
 2 SYSTEMPATH\CodeIgniter.php(497): CodeIgniter\CodeIgniter->runController(Object(App\Controllers\Admins))
 3 SYSTEMPATH\CodeIgniter.php(366): CodeIgniter\CodeIgniter->handleRequest(null, Object(Config\Cache), false)
 4 FCPATH\index.php(67): CodeIgniter\CodeIgniter->run()
 5 SYSTEMPATH\Commands\Server\rewrite.php(47): require_once('C:\\projects\\excelProject\\codeigniterProject\\public\\index.php')
CRITICAL - 2023-07-14 07:19:35 --> Attempt to assign property "status" on array
in APPPATH\Controllers\Admins.php on line 15.
 1 SYSTEMPATH\CodeIgniter.php(932): App\Controllers\Admins->adminLogin()
 2 SYSTEMPATH\CodeIgniter.php(497): CodeIgniter\CodeIgniter->runController(Object(App\Controllers\Admins))
 3 SYSTEMPATH\CodeIgniter.php(366): CodeIgniter\CodeIgniter->handleRequest(null, Object(Config\Cache), false)
 4 FCPATH\index.php(67): CodeIgniter\CodeIgniter->run()
 5 SYSTEMPATH\Commands\Server\rewrite.php(47): require_once('C:\\projects\\excelProject\\codeigniterProject\\public\\index.php')
CRITICAL - 2023-07-14 07:20:45 --> There is no data to update.
in SYSTEMPATH\BaseModel.php on line 1680.
 1 SYSTEMPATH\BaseModel.php(1680): CodeIgniter\Database\Exceptions\DataException::forEmptyDataset('update')
 2 SYSTEMPATH\BaseModel.php(910): CodeIgniter\BaseModel->transformDataToArray(null, 'update')
 3 SYSTEMPATH\Model.php(756): CodeIgniter\BaseModel->update([...], null)
 4 APPPATH\Controllers\Admins.php(16): CodeIgniter\Model->update([...])
 5 SYSTEMPATH\CodeIgniter.php(932): App\Controllers\Admins->adminLogin()
 6 SYSTEMPATH\CodeIgniter.php(497): CodeIgniter\CodeIgniter->runController(Object(App\Controllers\Admins))
 7 SYSTEMPATH\CodeIgniter.php(366): CodeIgniter\CodeIgniter->handleRequest(null, Object(Config\Cache), false)
 8 FCPATH\index.php(67): CodeIgniter\CodeIgniter->run()
 9 SYSTEMPATH\Commands\Server\rewrite.php(47): require_once('C:\\projects\\excelProject\\codeigniterProject\\public\\index.php')
CRITICAL - 2023-07-14 07:20:52 --> There is no data to update.
in SYSTEMPATH\BaseModel.php on line 1680.
 1 SYSTEMPATH\BaseModel.php(1680): CodeIgniter\Database\Exceptions\DataException::forEmptyDataset('update')
 2 SYSTEMPATH\BaseModel.php(910): CodeIgniter\BaseModel->transformDataToArray(null, 'update')
 3 SYSTEMPATH\Model.php(756): CodeIgniter\BaseModel->update([...], null)
 4 APPPATH\Controllers\Admins.php(16): CodeIgniter\Model->update([...])
 5 SYSTEMPATH\CodeIgniter.php(932): App\Controllers\Admins->adminLogin()
 6 SYSTEMPATH\CodeIgniter.php(497): CodeIgniter\CodeIgniter->runController(Object(App\Controllers\Admins))
 7 SYSTEMPATH\CodeIgniter.php(366): CodeIgniter\CodeIgniter->handleRequest(null, Object(Config\Cache), false)
 8 FCPATH\index.php(67): CodeIgniter\CodeIgniter->run()
 9 SYSTEMPATH\Commands\Server\rewrite.php(47): require_once('C:\\projects\\excelProject\\codeigniterProject\\public\\index.php')
CRITICAL - 2023-07-14 07:21:26 --> There is no data to update.
in SYSTEMPATH\BaseModel.php on line 1680.
 1 SYSTEMPATH\BaseModel.php(1680): CodeIgniter\Database\Exceptions\DataException::forEmptyDataset('update')
 2 SYSTEMPATH\BaseModel.php(910): CodeIgniter\BaseModel->transformDataToArray(null, 'update')
 3 SYSTEMPATH\Model.php(756): CodeIgniter\BaseModel->update([...], null)
 4 APPPATH\Controllers\Admins.php(16): CodeIgniter\Model->update([...])
 5 SYSTEMPATH\CodeIgniter.php(932): App\Controllers\Admins->adminLogin()
 6 SYSTEMPATH\CodeIgniter.php(497): CodeIgniter\CodeIgniter->runController(Object(App\Controllers\Admins))
 7 SYSTEMPATH\CodeIgniter.php(366): CodeIgniter\CodeIgniter->handleRequest(null, Object(Config\Cache), false)
 8 FCPATH\index.php(67): CodeIgniter\CodeIgniter->run()
 9 SYSTEMPATH\Commands\Server\rewrite.php(47): require_once('C:\\projects\\excelProject\\codeigniterProject\\public\\index.php')
CRITICAL - 2023-07-14 07:21:33 --> There is no data to update.
in SYSTEMPATH\BaseModel.php on line 1680.
 1 SYSTEMPATH\BaseModel.php(1680): CodeIgniter\Database\Exceptions\DataException::forEmptyDataset('update')
 2 SYSTEMPATH\BaseModel.php(910): CodeIgniter\BaseModel->transformDataToArray(null, 'update')
 3 SYSTEMPATH\Model.php(756): CodeIgniter\BaseModel->update([...], null)
 4 APPPATH\Controllers\Admins.php(16): CodeIgniter\Model->update([...])
 5 SYSTEMPATH\CodeIgniter.php(932): App\Controllers\Admins->adminLogin()
 6 SYSTEMPATH\CodeIgniter.php(497): CodeIgniter\CodeIgniter->runController(Object(App\Controllers\Admins))
 7 SYSTEMPATH\CodeIgniter.php(366): CodeIgniter\CodeIgniter->handleRequest(null, Object(Config\Cache), false)
 8 FCPATH\index.php(67): CodeIgniter\CodeIgniter->run()
 9 SYSTEMPATH\Commands\Server\rewrite.php(47): require_once('C:\\projects\\excelProject\\codeigniterProject\\public\\index.php')
CRITICAL - 2023-07-14 07:21:34 --> There is no data to update.
in SYSTEMPATH\BaseModel.php on line 1680.
 1 SYSTEMPATH\BaseModel.php(1680): CodeIgniter\Database\Exceptions\DataException::forEmptyDataset('update')
 2 SYSTEMPATH\BaseModel.php(910): CodeIgniter\BaseModel->transformDataToArray(null, 'update')
 3 SYSTEMPATH\Model.php(756): CodeIgniter\BaseModel->update([...], null)
 4 APPPATH\Controllers\Admins.php(16): CodeIgniter\Model->update([...])
 5 SYSTEMPATH\CodeIgniter.php(932): App\Controllers\Admins->adminLogin()
 6 SYSTEMPATH\CodeIgniter.php(497): CodeIgniter\CodeIgniter->runController(Object(App\Controllers\Admins))
 7 SYSTEMPATH\CodeIgniter.php(366): CodeIgniter\CodeIgniter->handleRequest(null, Object(Config\Cache), false)
 8 FCPATH\index.php(67): CodeIgniter\CodeIgniter->run()
 9 SYSTEMPATH\Commands\Server\rewrite.php(47): require_once('C:\\projects\\excelProject\\codeigniterProject\\public\\index.php')
CRITICAL - 2023-07-14 07:21:34 --> There is no data to update.
in SYSTEMPATH\BaseModel.php on line 1680.
 1 SYSTEMPATH\BaseModel.php(1680): CodeIgniter\Database\Exceptions\DataException::forEmptyDataset('update')
 2 SYSTEMPATH\BaseModel.php(910): CodeIgniter\BaseModel->transformDataToArray(null, 'update')
 3 SYSTEMPATH\Model.php(756): CodeIgniter\BaseModel->update([...], null)
 4 APPPATH\Controllers\Admins.php(16): CodeIgniter\Model->update([...])
 5 SYSTEMPATH\CodeIgniter.php(932): App\Controllers\Admins->adminLogin()
 6 SYSTEMPATH\CodeIgniter.php(497): CodeIgniter\CodeIgniter->runController(Object(App\Controllers\Admins))
 7 SYSTEMPATH\CodeIgniter.php(366): CodeIgniter\CodeIgniter->handleRequest(null, Object(Config\Cache), false)
 8 FCPATH\index.php(67): CodeIgniter\CodeIgniter->run()
 9 SYSTEMPATH\Commands\Server\rewrite.php(47): require_once('C:\\projects\\excelProject\\codeigniterProject\\public\\index.php')
CRITICAL - 2023-07-14 07:21:35 --> There is no data to update.
in SYSTEMPATH\BaseModel.php on line 1680.
 1 SYSTEMPATH\BaseModel.php(1680): CodeIgniter\Database\Exceptions\DataException::forEmptyDataset('update')
 2 SYSTEMPATH\BaseModel.php(910): CodeIgniter\BaseModel->transformDataToArray(null, 'update')
 3 SYSTEMPATH\Model.php(756): CodeIgniter\BaseModel->update([...], null)
 4 APPPATH\Controllers\Admins.php(16): CodeIgniter\Model->update([...])
 5 SYSTEMPATH\CodeIgniter.php(932): App\Controllers\Admins->adminLogin()
 6 SYSTEMPATH\CodeIgniter.php(497): CodeIgniter\CodeIgniter->runController(Object(App\Controllers\Admins))
 7 SYSTEMPATH\CodeIgniter.php(366): CodeIgniter\CodeIgniter->handleRequest(null, Object(Config\Cache), false)
 8 FCPATH\index.php(67): CodeIgniter\CodeIgniter->run()
 9 SYSTEMPATH\Commands\Server\rewrite.php(47): require_once('C:\\projects\\excelProject\\codeigniterProject\\public\\index.php')
CRITICAL - 2023-07-14 07:22:55 --> There is no data to update.
in SYSTEMPATH\BaseModel.php on line 1680.
 1 SYSTEMPATH\BaseModel.php(1680): CodeIgniter\Database\Exceptions\DataException::forEmptyDataset('update')
 2 SYSTEMPATH\BaseModel.php(910): CodeIgniter\BaseModel->transformDataToArray(null, 'update')
 3 SYSTEMPATH\Model.php(756): CodeIgniter\BaseModel->update([...], null)
 4 APPPATH\Controllers\Admins.php(16): CodeIgniter\Model->update([...])
 5 SYSTEMPATH\CodeIgniter.php(932): App\Controllers\Admins->adminLogin()
 6 SYSTEMPATH\CodeIgniter.php(497): CodeIgniter\CodeIgniter->runController(Object(App\Controllers\Admins))
 7 SYSTEMPATH\CodeIgniter.php(366): CodeIgniter\CodeIgniter->handleRequest(null, Object(Config\Cache), false)
 8 FCPATH\index.php(67): CodeIgniter\CodeIgniter->run()
 9 SYSTEMPATH\Commands\Server\rewrite.php(47): require_once('C:\\projects\\excelProject\\codeigniterProject\\public\\index.php')
CRITICAL - 2023-07-14 07:23:02 --> There is no data to update.
in SYSTEMPATH\BaseModel.php on line 1680.
 1 SYSTEMPATH\BaseModel.php(1680): CodeIgniter\Database\Exceptions\DataException::forEmptyDataset('update')
 2 SYSTEMPATH\BaseModel.php(910): CodeIgniter\BaseModel->transformDataToArray(null, 'update')
 3 SYSTEMPATH\Model.php(756): CodeIgniter\BaseModel->update([...], null)
 4 APPPATH\Controllers\Admins.php(16): CodeIgniter\Model->update([...])
 5 SYSTEMPATH\CodeIgniter.php(932): App\Controllers\Admins->adminLogin()
 6 SYSTEMPATH\CodeIgniter.php(497): CodeIgniter\CodeIgniter->runController(Object(App\Controllers\Admins))
 7 SYSTEMPATH\CodeIgniter.php(366): CodeIgniter\CodeIgniter->handleRequest(null, Object(Config\Cache), false)
 8 FCPATH\index.php(67): CodeIgniter\CodeIgniter->run()
 9 SYSTEMPATH\Commands\Server\rewrite.php(47): require_once('C:\\projects\\excelProject\\codeigniterProject\\public\\index.php')
CRITICAL - 2023-07-14 07:26:01 --> There is no data to update.
in SYSTEMPATH\BaseModel.php on line 1680.
 1 SYSTEMPATH\BaseModel.php(1680): CodeIgniter\Database\Exceptions\DataException::forEmptyDataset('update')
 2 SYSTEMPATH\BaseModel.php(910): CodeIgniter\BaseModel->transformDataToArray(null, 'update')
 3 SYSTEMPATH\Model.php(756): CodeIgniter\BaseModel->update([...], null)
 4 APPPATH\Controllers\Admins.php(16): CodeIgniter\Model->update([...])
 5 SYSTEMPATH\CodeIgniter.php(932): App\Controllers\Admins->adminLogin()
 6 SYSTEMPATH\CodeIgniter.php(497): CodeIgniter\CodeIgniter->runController(Object(App\Controllers\Admins))
 7 SYSTEMPATH\CodeIgniter.php(366): CodeIgniter\CodeIgniter->handleRequest(null, Object(Config\Cache), false)
 8 FCPATH\index.php(67): CodeIgniter\CodeIgniter->run()
 9 SYSTEMPATH\Commands\Server\rewrite.php(47): require_once('C:\\projects\\excelProject\\codeigniterProject\\public\\index.php')
CRITICAL - 2023-07-14 07:27:57 --> There is no data to update.
in SYSTEMPATH\BaseModel.php on line 1680.
 1 SYSTEMPATH\BaseModel.php(1680): CodeIgniter\Database\Exceptions\DataException::forEmptyDataset('update')
 2 SYSTEMPATH\BaseModel.php(910): CodeIgniter\BaseModel->transformDataToArray(null, 'update')
 3 SYSTEMPATH\Model.php(756): CodeIgniter\BaseModel->update([...], null)
 4 APPPATH\Controllers\Admins.php(16): CodeIgniter\Model->update([...])
 5 SYSTEMPATH\CodeIgniter.php(932): App\Controllers\Admins->adminLogin()
 6 SYSTEMPATH\CodeIgniter.php(497): CodeIgniter\CodeIgniter->runController(Object(App\Controllers\Admins))
 7 SYSTEMPATH\CodeIgniter.php(366): CodeIgniter\CodeIgniter->handleRequest(null, Object(Config\Cache), false)
 8 FCPATH\index.php(67): CodeIgniter\CodeIgniter->run()
 9 SYSTEMPATH\Commands\Server\rewrite.php(47): require_once('C:\\projects\\excelProject\\codeigniterProject\\public\\index.php')
CRITICAL - 2023-07-14 11:10:22 --> syntax error, unexpected token "{"
in APPPATH\Controllers\Messages.php on line 52.
 1 SYSTEMPATH\Autoloader\Autoloader.php(289): CodeIgniter\Autoloader\Autoloader->includeFile('C:\\projects\\excelProject\\codeigniterProject\\app\\Controllers\\Messages.php')
 2 SYSTEMPATH\Autoloader\Autoloader.php(267): CodeIgniter\Autoloader\Autoloader->loadInNamespace('App\\Controllers\\Messages')
 3 [internal function]: CodeIgniter\Autoloader\Autoloader->loadClass('App\\Controllers\\Messages')
 4 SYSTEMPATH\CodeIgniter.php(890): class_exists('\\App\\Controllers\\Messages', true)
 5 SYSTEMPATH\CodeIgniter.php(484): CodeIgniter\CodeIgniter->startController()
 6 SYSTEMPATH\CodeIgniter.php(366): CodeIgniter\CodeIgniter->handleRequest(null, Object(Config\Cache), false)
 7 FCPATH\index.php(67): CodeIgniter\CodeIgniter->run()
 8 SYSTEMPATH\Commands\Server\rewrite.php(47): require_once('C:\\projects\\excelProject\\codeigniterProject\\public\\index.php')
CRITICAL - 2023-07-14 11:11:04 --> syntax error, unexpected token "{"
in APPPATH\Controllers\Messages.php on line 51.
 1 SYSTEMPATH\Autoloader\Autoloader.php(289): CodeIgniter\Autoloader\Autoloader->includeFile('C:\\projects\\excelProject\\codeigniterProject\\app\\Controllers\\Messages.php')
 2 SYSTEMPATH\Autoloader\Autoloader.php(267): CodeIgniter\Autoloader\Autoloader->loadInNamespace('App\\Controllers\\Messages')
 3 [internal function]: CodeIgniter\Autoloader\Autoloader->loadClass('App\\Controllers\\Messages')
 4 SYSTEMPATH\CodeIgniter.php(890): class_exists('\\App\\Controllers\\Messages', true)
 5 SYSTEMPATH\CodeIgniter.php(484): CodeIgniter\CodeIgniter->startController()
 6 SYSTEMPATH\CodeIgniter.php(366): CodeIgniter\CodeIgniter->handleRequest(null, Object(Config\Cache), false)
 7 FCPATH\index.php(67): CodeIgniter\CodeIgniter->run()
 8 SYSTEMPATH\Commands\Server\rewrite.php(47): require_once('C:\\projects\\excelProject\\codeigniterProject\\public\\index.php')
