ERROR - 2023-09-01 10:49:24 --> Error connecting to the database: ErrorException: mysqli::real_connect(): php_network_getaddresses: getaddrinfo for x failed: No such host is known.  in C:\projects\excelProject\codeigniterProject\system\Database\MySQLi\Connection.php:173
Stack trace:
#0 [internal function]: CodeIgniter\Debug\Exceptions->errorHandler(2, 'mysqli::real_co...', 'C:\\projects\\exc...', 173)
#1 C:\projects\excelProject\codeigniterProject\system\Database\MySQLi\Connection.php(173): mysqli->real_connect('x', 'root', Object(SensitiveParameterValue), 'mydb', 3306, '', 0)
#2 C:\projects\excelProject\codeigniterProject\system\Database\BaseConnection.php(391): CodeIgniter\Database\MySQLi\Connection->connect(false)
#3 C:\projects\excelProject\codeigniterProject\system\Database\BaseConnection.php(574): CodeIgniter\Database\BaseConnection->initialize()
#4 C:\projects\excelProject\codeigniterProject\system\Database\BaseBuilder.php(1645): CodeIgniter\Database\BaseConnection->query('SELECT COUNT(*)...', NULL, false)
#5 C:\projects\excelProject\codeigniterProject\system\Model.php(836): CodeIgniter\Database\BaseBuilder->countAll()
#6 C:\projects\excelProject\codeigniterProject\app\Controllers\Traffics.php(11): CodeIgniter\Model->__call('countAll', Array)
#7 C:\projects\excelProject\codeigniterProject\system\CodeIgniter.php(932): App\Controllers\Traffics->log()
#8 C:\projects\excelProject\codeigniterProject\system\CodeIgniter.php(497): CodeIgniter\CodeIgniter->runController(Object(App\Controllers\Traffics))
#9 C:\projects\excelProject\codeigniterProject\system\CodeIgniter.php(366): CodeIgniter\CodeIgniter->handleRequest(NULL, Object(Config\Cache), false)
#10 C:\projects\excelProject\codeigniterProject\public\index.php(67): CodeIgniter\CodeIgniter->run()
#11 C:\projects\excelProject\codeigniterProject\system\Commands\Server\rewrite.php(47): require_once('C:\\projects\\exc...')
#12 {main}

Next mysqli_sql_exception: php_network_getaddresses: getaddrinfo for x failed: No such host is known.  in C:\projects\excelProject\codeigniterProject\system\Database\MySQLi\Connection.php:173
Stack trace:
#0 C:\projects\excelProject\codeigniterProject\system\Database\MySQLi\Connection.php(173): mysqli->real_connect('x', 'root', Object(SensitiveParameterValue), 'mydb', 3306, '', 0)
#1 C:\projects\excelProject\codeigniterProject\system\Database\BaseConnection.php(391): CodeIgniter\Database\MySQLi\Connection->connect(false)
#2 C:\projects\excelProject\codeigniterProject\system\Database\BaseConnection.php(574): CodeIgniter\Database\BaseConnection->initialize()
#3 C:\projects\excelProject\codeigniterProject\system\Database\BaseBuilder.php(1645): CodeIgniter\Database\BaseConnection->query('SELECT COUNT(*)...', NULL, false)
#4 C:\projects\excelProject\codeigniterProject\system\Model.php(836): CodeIgniter\Database\BaseBuilder->countAll()
#5 C:\projects\excelProject\codeigniterProject\app\Controllers\Traffics.php(11): CodeIgniter\Model->__call('countAll', Array)
#6 C:\projects\excelProject\codeigniterProject\system\CodeIgniter.php(932): App\Controllers\Traffics->log()
#7 C:\projects\excelProject\codeigniterProject\system\CodeIgniter.php(497): CodeIgniter\CodeIgniter->runController(Object(App\Controllers\Traffics))
#8 C:\projects\excelProject\codeigniterProject\system\CodeIgniter.php(366): CodeIgniter\CodeIgniter->handleRequest(NULL, Object(Config\Cache), false)
#9 C:\projects\excelProject\codeigniterProject\public\index.php(67): CodeIgniter\CodeIgniter->run()
#10 C:\projects\excelProject\codeigniterProject\system\Commands\Server\rewrite.php(47): require_once('C:\\projects\\exc...')
#11 {main}

Next CodeIgniter\Database\Exceptions\DatabaseException: php_network_getaddresses: getaddrinfo for x failed: No such host is known.  in C:\projects\excelProject\codeigniterProject\system\Database\MySQLi\Connection.php:218
Stack trace:
#0 C:\projects\excelProject\codeigniterProject\system\Database\BaseConnection.php(391): CodeIgniter\Database\MySQLi\Connection->connect(false)
#1 C:\projects\excelProject\codeigniterProject\system\Database\BaseConnection.php(574): CodeIgniter\Database\BaseConnection->initialize()
#2 C:\projects\excelProject\codeigniterProject\system\Database\BaseBuilder.php(1645): CodeIgniter\Database\BaseConnection->query('SELECT COUNT(*)...', NULL, false)
#3 C:\projects\excelProject\codeigniterProject\system\Model.php(836): CodeIgniter\Database\BaseBuilder->countAll()
#4 C:\projects\excelProject\codeigniterProject\app\Controllers\Traffics.php(11): CodeIgniter\Model->__call('countAll', Array)
#5 C:\projects\excelProject\codeigniterProject\system\CodeIgniter.php(932): App\Controllers\Traffics->log()
#6 C:\projects\excelProject\codeigniterProject\system\CodeIgniter.php(497): CodeIgniter\CodeIgniter->runController(Object(App\Controllers\Traffics))
#7 C:\projects\excelProject\codeigniterProject\system\CodeIgniter.php(366): CodeIgniter\CodeIgniter->handleRequest(NULL, Object(Config\Cache), false)
#8 C:\projects\excelProject\codeigniterProject\public\index.php(67): CodeIgniter\CodeIgniter->run()
#9 C:\projects\excelProject\codeigniterProject\system\Commands\Server\rewrite.php(47): require_once('C:\\projects\\exc...')
#10 {main}
CRITICAL - 2023-09-01 10:49:24 --> Unable to connect to the database.
Main connection [MySQLi]: php_network_getaddresses: getaddrinfo for x failed: No such host is known. 
in SYSTEMPATH\Database\BaseConnection.php on line 427.
 1 SYSTEMPATH\Database\BaseConnection.php(574): CodeIgniter\Database\BaseConnection->initialize()
 2 SYSTEMPATH\Database\BaseBuilder.php(1645): CodeIgniter\Database\BaseConnection->query('SELECT COUNT(*) AS `numrows` FROM `traffic`', null, false)
 3 SYSTEMPATH\Model.php(836): CodeIgniter\Database\BaseBuilder->countAll()
 4 APPPATH\Controllers\Traffics.php(11): CodeIgniter\Model->__call('countAll', [])
 5 SYSTEMPATH\CodeIgniter.php(932): App\Controllers\Traffics->log()
 6 SYSTEMPATH\CodeIgniter.php(497): CodeIgniter\CodeIgniter->runController(Object(App\Controllers\Traffics))
 7 SYSTEMPATH\CodeIgniter.php(366): CodeIgniter\CodeIgniter->handleRequest(null, Object(Config\Cache), false)
 8 FCPATH\index.php(67): CodeIgniter\CodeIgniter->run()
 9 SYSTEMPATH\Commands\Server\rewrite.php(47): require_once('C:\\projects\\excelProject\\codeigniterProject\\public\\index.php')
ERROR - 2023-09-01 10:49:45 --> Error connecting to the database: ErrorException: mysqli::real_connect(): php_network_getaddresses: getaddrinfo for x failed: No such host is known.  in C:\projects\excelProject\codeigniterProject\system\Database\MySQLi\Connection.php:173
Stack trace:
#0 [internal function]: CodeIgniter\Debug\Exceptions->errorHandler(2, 'mysqli::real_co...', 'C:\\projects\\exc...', 173)
#1 C:\projects\excelProject\codeigniterProject\system\Database\MySQLi\Connection.php(173): mysqli->real_connect('x', 'root', Object(SensitiveParameterValue), 'mydb', 3306, '', 0)
#2 C:\projects\excelProject\codeigniterProject\system\Database\BaseConnection.php(391): CodeIgniter\Database\MySQLi\Connection->connect(false)
#3 C:\projects\excelProject\codeigniterProject\system\Database\BaseConnection.php(574): CodeIgniter\Database\BaseConnection->initialize()
#4 C:\projects\excelProject\codeigniterProject\system\Database\BaseBuilder.php(1645): CodeIgniter\Database\BaseConnection->query('SELECT COUNT(*)...', NULL, false)
#5 C:\projects\excelProject\codeigniterProject\system\Model.php(836): CodeIgniter\Database\BaseBuilder->countAll()
#6 C:\projects\excelProject\codeigniterProject\app\Controllers\Traffics.php(11): CodeIgniter\Model->__call('countAll', Array)
#7 C:\projects\excelProject\codeigniterProject\system\CodeIgniter.php(932): App\Controllers\Traffics->log()
#8 C:\projects\excelProject\codeigniterProject\system\CodeIgniter.php(497): CodeIgniter\CodeIgniter->runController(Object(App\Controllers\Traffics))
#9 C:\projects\excelProject\codeigniterProject\system\CodeIgniter.php(366): CodeIgniter\CodeIgniter->handleRequest(NULL, Object(Config\Cache), false)
#10 C:\projects\excelProject\codeigniterProject\public\index.php(67): CodeIgniter\CodeIgniter->run()
#11 C:\projects\excelProject\codeigniterProject\system\Commands\Server\rewrite.php(47): require_once('C:\\projects\\exc...')
#12 {main}

Next mysqli_sql_exception: php_network_getaddresses: getaddrinfo for x failed: No such host is known.  in C:\projects\excelProject\codeigniterProject\system\Database\MySQLi\Connection.php:173
Stack trace:
#0 C:\projects\excelProject\codeigniterProject\system\Database\MySQLi\Connection.php(173): mysqli->real_connect('x', 'root', Object(SensitiveParameterValue), 'mydb', 3306, '', 0)
#1 C:\projects\excelProject\codeigniterProject\system\Database\BaseConnection.php(391): CodeIgniter\Database\MySQLi\Connection->connect(false)
#2 C:\projects\excelProject\codeigniterProject\system\Database\BaseConnection.php(574): CodeIgniter\Database\BaseConnection->initialize()
#3 C:\projects\excelProject\codeigniterProject\system\Database\BaseBuilder.php(1645): CodeIgniter\Database\BaseConnection->query('SELECT COUNT(*)...', NULL, false)
#4 C:\projects\excelProject\codeigniterProject\system\Model.php(836): CodeIgniter\Database\BaseBuilder->countAll()
#5 C:\projects\excelProject\codeigniterProject\app\Controllers\Traffics.php(11): CodeIgniter\Model->__call('countAll', Array)
#6 C:\projects\excelProject\codeigniterProject\system\CodeIgniter.php(932): App\Controllers\Traffics->log()
#7 C:\projects\excelProject\codeigniterProject\system\CodeIgniter.php(497): CodeIgniter\CodeIgniter->runController(Object(App\Controllers\Traffics))
#8 C:\projects\excelProject\codeigniterProject\system\CodeIgniter.php(366): CodeIgniter\CodeIgniter->handleRequest(NULL, Object(Config\Cache), false)
#9 C:\projects\excelProject\codeigniterProject\public\index.php(67): CodeIgniter\CodeIgniter->run()
#10 C:\projects\excelProject\codeigniterProject\system\Commands\Server\rewrite.php(47): require_once('C:\\projects\\exc...')
#11 {main}

Next CodeIgniter\Database\Exceptions\DatabaseException: php_network_getaddresses: getaddrinfo for x failed: No such host is known.  in C:\projects\excelProject\codeigniterProject\system\Database\MySQLi\Connection.php:218
Stack trace:
#0 C:\projects\excelProject\codeigniterProject\system\Database\BaseConnection.php(391): CodeIgniter\Database\MySQLi\Connection->connect(false)
#1 C:\projects\excelProject\codeigniterProject\system\Database\BaseConnection.php(574): CodeIgniter\Database\BaseConnection->initialize()
#2 C:\projects\excelProject\codeigniterProject\system\Database\BaseBuilder.php(1645): CodeIgniter\Database\BaseConnection->query('SELECT COUNT(*)...', NULL, false)
#3 C:\projects\excelProject\codeigniterProject\system\Model.php(836): CodeIgniter\Database\BaseBuilder->countAll()
#4 C:\projects\excelProject\codeigniterProject\app\Controllers\Traffics.php(11): CodeIgniter\Model->__call('countAll', Array)
#5 C:\projects\excelProject\codeigniterProject\system\CodeIgniter.php(932): App\Controllers\Traffics->log()
#6 C:\projects\excelProject\codeigniterProject\system\CodeIgniter.php(497): CodeIgniter\CodeIgniter->runController(Object(App\Controllers\Traffics))
#7 C:\projects\excelProject\codeigniterProject\system\CodeIgniter.php(366): CodeIgniter\CodeIgniter->handleRequest(NULL, Object(Config\Cache), false)
#8 C:\projects\excelProject\codeigniterProject\public\index.php(67): CodeIgniter\CodeIgniter->run()
#9 C:\projects\excelProject\codeigniterProject\system\Commands\Server\rewrite.php(47): require_once('C:\\projects\\exc...')
#10 {main}
CRITICAL - 2023-09-01 10:49:45 --> Unable to connect to the database.
Main connection [MySQLi]: php_network_getaddresses: getaddrinfo for x failed: No such host is known. 
in SYSTEMPATH\Database\BaseConnection.php on line 427.
 1 SYSTEMPATH\Database\BaseConnection.php(574): CodeIgniter\Database\BaseConnection->initialize()
 2 SYSTEMPATH\Database\BaseBuilder.php(1645): CodeIgniter\Database\BaseConnection->query('SELECT COUNT(*) AS `numrows` FROM `traffic`', null, false)
 3 SYSTEMPATH\Model.php(836): CodeIgniter\Database\BaseBuilder->countAll()
 4 APPPATH\Controllers\Traffics.php(11): CodeIgniter\Model->__call('countAll', [])
 5 SYSTEMPATH\CodeIgniter.php(932): App\Controllers\Traffics->log()
 6 SYSTEMPATH\CodeIgniter.php(497): CodeIgniter\CodeIgniter->runController(Object(App\Controllers\Traffics))
 7 SYSTEMPATH\CodeIgniter.php(366): CodeIgniter\CodeIgniter->handleRequest(null, Object(Config\Cache), false)
 8 FCPATH\index.php(67): CodeIgniter\CodeIgniter->run()
 9 SYSTEMPATH\Commands\Server\rewrite.php(47): require_once('C:\\projects\\excelProject\\codeigniterProject\\public\\index.php')
ERROR - 2023-09-01 10:50:48 --> Error connecting to the database: ErrorException: mysqli::real_connect(): php_network_getaddresses: getaddrinfo for mysql-db-1 failed: No such host is known.  in C:\projects\excelProject\codeigniterProject\system\Database\MySQLi\Connection.php:173
Stack trace:
#0 [internal function]: CodeIgniter\Debug\Exceptions->errorHandler(2, 'mysqli::real_co...', 'C:\\projects\\exc...', 173)
#1 C:\projects\excelProject\codeigniterProject\system\Database\MySQLi\Connection.php(173): mysqli->real_connect('mysql-db-1', 'root', Object(SensitiveParameterValue), 'mydb', 3306, '', 0)
#2 C:\projects\excelProject\codeigniterProject\system\Database\BaseConnection.php(391): CodeIgniter\Database\MySQLi\Connection->connect(false)
#3 C:\projects\excelProject\codeigniterProject\system\Database\BaseConnection.php(574): CodeIgniter\Database\BaseConnection->initialize()
#4 C:\projects\excelProject\codeigniterProject\system\Database\BaseBuilder.php(1645): CodeIgniter\Database\BaseConnection->query('SELECT COUNT(*)...', NULL, false)
#5 C:\projects\excelProject\codeigniterProject\system\Model.php(836): CodeIgniter\Database\BaseBuilder->countAll()
#6 C:\projects\excelProject\codeigniterProject\app\Controllers\Traffics.php(11): CodeIgniter\Model->__call('countAll', Array)
#7 C:\projects\excelProject\codeigniterProject\system\CodeIgniter.php(932): App\Controllers\Traffics->log()
#8 C:\projects\excelProject\codeigniterProject\system\CodeIgniter.php(497): CodeIgniter\CodeIgniter->runController(Object(App\Controllers\Traffics))
#9 C:\projects\excelProject\codeigniterProject\system\CodeIgniter.php(366): CodeIgniter\CodeIgniter->handleRequest(NULL, Object(Config\Cache), false)
#10 C:\projects\excelProject\codeigniterProject\public\index.php(67): CodeIgniter\CodeIgniter->run()
#11 C:\projects\excelProject\codeigniterProject\system\Commands\Server\rewrite.php(47): require_once('C:\\projects\\exc...')
#12 {main}

Next mysqli_sql_exception: php_network_getaddresses: getaddrinfo for mysql-db-1 failed: No such host is known.  in C:\projects\excelProject\codeigniterProject\system\Database\MySQLi\Connection.php:173
Stack trace:
#0 C:\projects\excelProject\codeigniterProject\system\Database\MySQLi\Connection.php(173): mysqli->real_connect('mysql-db-1', 'root', Object(SensitiveParameterValue), 'mydb', 3306, '', 0)
#1 C:\projects\excelProject\codeigniterProject\system\Database\BaseConnection.php(391): CodeIgniter\Database\MySQLi\Connection->connect(false)
#2 C:\projects\excelProject\codeigniterProject\system\Database\BaseConnection.php(574): CodeIgniter\Database\BaseConnection->initialize()
#3 C:\projects\excelProject\codeigniterProject\system\Database\BaseBuilder.php(1645): CodeIgniter\Database\BaseConnection->query('SELECT COUNT(*)...', NULL, false)
#4 C:\projects\excelProject\codeigniterProject\system\Model.php(836): CodeIgniter\Database\BaseBuilder->countAll()
#5 C:\projects\excelProject\codeigniterProject\app\Controllers\Traffics.php(11): CodeIgniter\Model->__call('countAll', Array)
#6 C:\projects\excelProject\codeigniterProject\system\CodeIgniter.php(932): App\Controllers\Traffics->log()
#7 C:\projects\excelProject\codeigniterProject\system\CodeIgniter.php(497): CodeIgniter\CodeIgniter->runController(Object(App\Controllers\Traffics))
#8 C:\projects\excelProject\codeigniterProject\system\CodeIgniter.php(366): CodeIgniter\CodeIgniter->handleRequest(NULL, Object(Config\Cache), false)
#9 C:\projects\excelProject\codeigniterProject\public\index.php(67): CodeIgniter\CodeIgniter->run()
#10 C:\projects\excelProject\codeigniterProject\system\Commands\Server\rewrite.php(47): require_once('C:\\projects\\exc...')
#11 {main}

Next CodeIgniter\Database\Exceptions\DatabaseException: php_network_getaddresses: getaddrinfo for mysql-db-1 failed: No such host is known.  in C:\projects\excelProject\codeigniterProject\system\Database\MySQLi\Connection.php:218
Stack trace:
#0 C:\projects\excelProject\codeigniterProject\system\Database\BaseConnection.php(391): CodeIgniter\Database\MySQLi\Connection->connect(false)
#1 C:\projects\excelProject\codeigniterProject\system\Database\BaseConnection.php(574): CodeIgniter\Database\BaseConnection->initialize()
#2 C:\projects\excelProject\codeigniterProject\system\Database\BaseBuilder.php(1645): CodeIgniter\Database\BaseConnection->query('SELECT COUNT(*)...', NULL, false)
#3 C:\projects\excelProject\codeigniterProject\system\Model.php(836): CodeIgniter\Database\BaseBuilder->countAll()
#4 C:\projects\excelProject\codeigniterProject\app\Controllers\Traffics.php(11): CodeIgniter\Model->__call('countAll', Array)
#5 C:\projects\excelProject\codeigniterProject\system\CodeIgniter.php(932): App\Controllers\Traffics->log()
#6 C:\projects\excelProject\codeigniterProject\system\CodeIgniter.php(497): CodeIgniter\CodeIgniter->runController(Object(App\Controllers\Traffics))
#7 C:\projects\excelProject\codeigniterProject\system\CodeIgniter.php(366): CodeIgniter\CodeIgniter->handleRequest(NULL, Object(Config\Cache), false)
#8 C:\projects\excelProject\codeigniterProject\public\index.php(67): CodeIgniter\CodeIgniter->run()
#9 C:\projects\excelProject\codeigniterProject\system\Commands\Server\rewrite.php(47): require_once('C:\\projects\\exc...')
#10 {main}
CRITICAL - 2023-09-01 10:50:48 --> Unable to connect to the database.
Main connection [MySQLi]: php_network_getaddresses: getaddrinfo for mysql-db-1 failed: No such host is known. 
in SYSTEMPATH\Database\BaseConnection.php on line 427.
 1 SYSTEMPATH\Database\BaseConnection.php(574): CodeIgniter\Database\BaseConnection->initialize()
 2 SYSTEMPATH\Database\BaseBuilder.php(1645): CodeIgniter\Database\BaseConnection->query('SELECT COUNT(*) AS `numrows` FROM `traffic`', null, false)
 3 SYSTEMPATH\Model.php(836): CodeIgniter\Database\BaseBuilder->countAll()
 4 APPPATH\Controllers\Traffics.php(11): CodeIgniter\Model->__call('countAll', [])
 5 SYSTEMPATH\CodeIgniter.php(932): App\Controllers\Traffics->log()
 6 SYSTEMPATH\CodeIgniter.php(497): CodeIgniter\CodeIgniter->runController(Object(App\Controllers\Traffics))
 7 SYSTEMPATH\CodeIgniter.php(366): CodeIgniter\CodeIgniter->handleRequest(null, Object(Config\Cache), false)
 8 FCPATH\index.php(67): CodeIgniter\CodeIgniter->run()
 9 SYSTEMPATH\Commands\Server\rewrite.php(47): require_once('C:\\projects\\excelProject\\codeigniterProject\\public\\index.php')
