ERROR - 2023-08-16 02:01:22 --> mysqli_sql_exception: Unknown column 'message' in 'field list' in C:\projects\excelProject\codeigniterProject\system\Database\MySQLi\Connection.php:295
Stack trace:
#0 C:\projects\excelProject\codeigniterProject\system\Database\MySQLi\Connection.php(295): mysqli->query('INSERT INTO `bu...', 0)
#1 C:\projects\excelProject\codeigniterProject\system\Database\BaseConnection.php(692): CodeIgniter\Database\MySQLi\Connection->execute('INSERT INTO `bu...')
#2 C:\projects\excelProject\codeigniterProject\system\Database\BaseConnection.php(606): CodeIgniter\Database\BaseConnection->simpleQuery('INSERT INTO `bu...')
#3 C:\projects\excelProject\codeigniterProject\system\Database\BaseBuilder.php(2309): CodeIgniter\Database\BaseConnection->query('INSERT INTO `bu...', Array, false)
#4 C:\projects\excelProject\codeigniterProject\system\Model.php(330): CodeIgniter\Database\BaseBuilder->insert()
#5 C:\projects\excelProject\codeigniterProject\system\BaseModel.php(782): CodeIgniter\Model->doInsert(Array)
#6 C:\projects\excelProject\codeigniterProject\system\Model.php(730): CodeIgniter\BaseModel->insert(Array, true)
#7 C:\projects\excelProject\codeigniterProject\app\Controllers\Bugs.php(32): CodeIgniter\Model->insert(Array)
#8 C:\projects\excelProject\codeigniterProject\system\CodeIgniter.php(932): App\Controllers\Bugs->create()
#9 C:\projects\excelProject\codeigniterProject\system\CodeIgniter.php(497): CodeIgniter\CodeIgniter->runController(Object(App\Controllers\Bugs))
#10 C:\projects\excelProject\codeigniterProject\system\CodeIgniter.php(366): CodeIgniter\CodeIgniter->handleRequest(NULL, Object(Config\Cache), false)
#11 C:\projects\excelProject\codeigniterProject\public\index.php(67): CodeIgniter\CodeIgniter->run()
#12 C:\projects\excelProject\codeigniterProject\system\Commands\Server\rewrite.php(47): require_once('C:\\projects\\exc...')
#13 {main}
CRITICAL - 2023-08-16 02:01:22 --> Unknown column 'message' in 'field list'
in SYSTEMPATH\Database\MySQLi\Connection.php on line 295.
 1 SYSTEMPATH\Database\MySQLi\Connection.php(295): mysqli->query('INSERT INTO `bugs` (`name`, `read`, `message`, `created@`, `updated@`) VALUES (\'please fix\', 0, \'-----delete this------\', \'2023-08-16 02:01:22\', \'2023-08-16 02:01:22\')', 0)
 2 SYSTEMPATH\Database\BaseConnection.php(692): CodeIgniter\Database\MySQLi\Connection->execute('INSERT INTO `bugs` (`name`, `read`, `message`, `created@`, `updated@`) VALUES (\'please fix\', 0, \'-----delete this------\', \'2023-08-16 02:01:22\', \'2023-08-16 02:01:22\')')
 3 SYSTEMPATH\Database\BaseConnection.php(606): CodeIgniter\Database\BaseConnection->simpleQuery('INSERT INTO `bugs` (`name`, `read`, `message`, `created@`, `updated@`) VALUES (\'please fix\', 0, \'-----delete this------\', \'2023-08-16 02:01:22\', \'2023-08-16 02:01:22\')')
 4 SYSTEMPATH\Database\BaseBuilder.php(2309): CodeIgniter\Database\BaseConnection->query('INSERT INTO `bugs` (`name`, `read`, `message`, `created@`, `updated@`) VALUES (:name:, :read:, :message:, :created@:, :updated@:)', [...], false)
 5 SYSTEMPATH\Model.php(330): CodeIgniter\Database\BaseBuilder->insert()
 6 SYSTEMPATH\BaseModel.php(782): CodeIgniter\Model->doInsert([...])
 7 SYSTEMPATH\Model.php(730): CodeIgniter\BaseModel->insert([...], true)
 8 APPPATH\Controllers\Bugs.php(32): CodeIgniter\Model->insert([...])
 9 SYSTEMPATH\CodeIgniter.php(932): App\Controllers\Bugs->create()
10 SYSTEMPATH\CodeIgniter.php(497): CodeIgniter\CodeIgniter->runController(Object(App\Controllers\Bugs))
11 SYSTEMPATH\CodeIgniter.php(366): CodeIgniter\CodeIgniter->handleRequest(null, Object(Config\Cache), false)
12 FCPATH\index.php(67): CodeIgniter\CodeIgniter->run()
13 SYSTEMPATH\Commands\Server\rewrite.php(47): require_once('C:\\projects\\excelProject\\codeigniterProject\\public\\index.php')
ERROR - 2023-08-16 02:03:12 --> mysqli_sql_exception: Unknown column 'message' in 'field list' in C:\projects\excelProject\codeigniterProject\system\Database\MySQLi\Connection.php:295
Stack trace:
#0 C:\projects\excelProject\codeigniterProject\system\Database\MySQLi\Connection.php(295): mysqli->query('INSERT INTO `bu...', 0)
#1 C:\projects\excelProject\codeigniterProject\system\Database\BaseConnection.php(692): CodeIgniter\Database\MySQLi\Connection->execute('INSERT INTO `bu...')
#2 C:\projects\excelProject\codeigniterProject\system\Database\BaseConnection.php(606): CodeIgniter\Database\BaseConnection->simpleQuery('INSERT INTO `bu...')
#3 C:\projects\excelProject\codeigniterProject\system\Database\BaseBuilder.php(2309): CodeIgniter\Database\BaseConnection->query('INSERT INTO `bu...', Array, false)
#4 C:\projects\excelProject\codeigniterProject\system\Model.php(330): CodeIgniter\Database\BaseBuilder->insert()
#5 C:\projects\excelProject\codeigniterProject\system\BaseModel.php(782): CodeIgniter\Model->doInsert(Array)
#6 C:\projects\excelProject\codeigniterProject\system\Model.php(730): CodeIgniter\BaseModel->insert(Array, true)
#7 C:\projects\excelProject\codeigniterProject\app\Controllers\Bugs.php(32): CodeIgniter\Model->insert(Array)
#8 C:\projects\excelProject\codeigniterProject\system\CodeIgniter.php(932): App\Controllers\Bugs->create()
#9 C:\projects\excelProject\codeigniterProject\system\CodeIgniter.php(497): CodeIgniter\CodeIgniter->runController(Object(App\Controllers\Bugs))
#10 C:\projects\excelProject\codeigniterProject\system\CodeIgniter.php(366): CodeIgniter\CodeIgniter->handleRequest(NULL, Object(Config\Cache), false)
#11 C:\projects\excelProject\codeigniterProject\public\index.php(67): CodeIgniter\CodeIgniter->run()
#12 C:\projects\excelProject\codeigniterProject\system\Commands\Server\rewrite.php(47): require_once('C:\\projects\\exc...')
#13 {main}
CRITICAL - 2023-08-16 02:03:12 --> Unknown column 'message' in 'field list'
in SYSTEMPATH\Database\MySQLi\Connection.php on line 295.
 1 SYSTEMPATH\Database\MySQLi\Connection.php(295): mysqli->query('INSERT INTO `bugs` (`name`, `read`, `message`, `created@`, `updated@`) VALUES (\'te\', 0, \'te\', \'2023-08-16 02:03:12\', \'2023-08-16 02:03:12\')', 0)
 2 SYSTEMPATH\Database\BaseConnection.php(692): CodeIgniter\Database\MySQLi\Connection->execute('INSERT INTO `bugs` (`name`, `read`, `message`, `created@`, `updated@`) VALUES (\'te\', 0, \'te\', \'2023-08-16 02:03:12\', \'2023-08-16 02:03:12\')')
 3 SYSTEMPATH\Database\BaseConnection.php(606): CodeIgniter\Database\BaseConnection->simpleQuery('INSERT INTO `bugs` (`name`, `read`, `message`, `created@`, `updated@`) VALUES (\'te\', 0, \'te\', \'2023-08-16 02:03:12\', \'2023-08-16 02:03:12\')')
 4 SYSTEMPATH\Database\BaseBuilder.php(2309): CodeIgniter\Database\BaseConnection->query('INSERT INTO `bugs` (`name`, `read`, `message`, `created@`, `updated@`) VALUES (:name:, :read:, :message:, :created@:, :updated@:)', [...], false)
 5 SYSTEMPATH\Model.php(330): CodeIgniter\Database\BaseBuilder->insert()
 6 SYSTEMPATH\BaseModel.php(782): CodeIgniter\Model->doInsert([...])
 7 SYSTEMPATH\Model.php(730): CodeIgniter\BaseModel->insert([...], true)
 8 APPPATH\Controllers\Bugs.php(32): CodeIgniter\Model->insert([...])
 9 SYSTEMPATH\CodeIgniter.php(932): App\Controllers\Bugs->create()
10 SYSTEMPATH\CodeIgniter.php(497): CodeIgniter\CodeIgniter->runController(Object(App\Controllers\Bugs))
11 SYSTEMPATH\CodeIgniter.php(366): CodeIgniter\CodeIgniter->handleRequest(null, Object(Config\Cache), false)
12 FCPATH\index.php(67): CodeIgniter\CodeIgniter->run()
13 SYSTEMPATH\Commands\Server\rewrite.php(47): require_once('C:\\projects\\excelProject\\codeigniterProject\\public\\index.php')
ERROR - 2023-08-16 02:05:11 --> mysqli_sql_exception: Unknown column 'message' in 'field list' in C:\projects\excelProject\codeigniterProject\system\Database\MySQLi\Connection.php:295
Stack trace:
#0 C:\projects\excelProject\codeigniterProject\system\Database\MySQLi\Connection.php(295): mysqli->query('INSERT INTO `bu...', 0)
#1 C:\projects\excelProject\codeigniterProject\system\Database\BaseConnection.php(692): CodeIgniter\Database\MySQLi\Connection->execute('INSERT INTO `bu...')
#2 C:\projects\excelProject\codeigniterProject\system\Database\BaseConnection.php(606): CodeIgniter\Database\BaseConnection->simpleQuery('INSERT INTO `bu...')
#3 C:\projects\excelProject\codeigniterProject\system\Database\BaseBuilder.php(2309): CodeIgniter\Database\BaseConnection->query('INSERT INTO `bu...', Array, false)
#4 C:\projects\excelProject\codeigniterProject\system\Model.php(330): CodeIgniter\Database\BaseBuilder->insert()
#5 C:\projects\excelProject\codeigniterProject\system\BaseModel.php(782): CodeIgniter\Model->doInsert(Array)
#6 C:\projects\excelProject\codeigniterProject\system\Model.php(730): CodeIgniter\BaseModel->insert(Array, true)
#7 C:\projects\excelProject\codeigniterProject\app\Controllers\Bugs.php(32): CodeIgniter\Model->insert(Array)
#8 C:\projects\excelProject\codeigniterProject\system\CodeIgniter.php(932): App\Controllers\Bugs->create()
#9 C:\projects\excelProject\codeigniterProject\system\CodeIgniter.php(497): CodeIgniter\CodeIgniter->runController(Object(App\Controllers\Bugs))
#10 C:\projects\excelProject\codeigniterProject\system\CodeIgniter.php(366): CodeIgniter\CodeIgniter->handleRequest(NULL, Object(Config\Cache), false)
#11 C:\projects\excelProject\codeigniterProject\public\index.php(67): CodeIgniter\CodeIgniter->run()
#12 C:\projects\excelProject\codeigniterProject\system\Commands\Server\rewrite.php(47): require_once('C:\\projects\\exc...')
#13 {main}
CRITICAL - 2023-08-16 02:05:11 --> Unknown column 'message' in 'field list'
in SYSTEMPATH\Database\MySQLi\Connection.php on line 295.
 1 SYSTEMPATH\Database\MySQLi\Connection.php(295): mysqli->query('INSERT INTO `bugs` (`name`, `bug`, `read`, `message`, `created@`, `updated@`) VALUES (\'asd\', \'asdasdasd\', 0, \'asd\', \'2023-08-16 02:05:11\', \'2023-08-16 02:05:11\')', 0)
 2 SYSTEMPATH\Database\BaseConnection.php(692): CodeIgniter\Database\MySQLi\Connection->execute('INSERT INTO `bugs` (`name`, `bug`, `read`, `message`, `created@`, `updated@`) VALUES (\'asd\', \'asdasdasd\', 0, \'asd\', \'2023-08-16 02:05:11\', \'2023-08-16 02:05:11\')')
 3 SYSTEMPATH\Database\BaseConnection.php(606): CodeIgniter\Database\BaseConnection->simpleQuery('INSERT INTO `bugs` (`name`, `bug`, `read`, `message`, `created@`, `updated@`) VALUES (\'asd\', \'asdasdasd\', 0, \'asd\', \'2023-08-16 02:05:11\', \'2023-08-16 02:05:11\')')
 4 SYSTEMPATH\Database\BaseBuilder.php(2309): CodeIgniter\Database\BaseConnection->query('INSERT INTO `bugs` (`name`, `bug`, `read`, `message`, `created@`, `updated@`) VALUES (:name:, :bug:, :read:, :message:, :created@:, :updated@:)', [...], false)
 5 SYSTEMPATH\Model.php(330): CodeIgniter\Database\BaseBuilder->insert()
 6 SYSTEMPATH\BaseModel.php(782): CodeIgniter\Model->doInsert([...])
 7 SYSTEMPATH\Model.php(730): CodeIgniter\BaseModel->insert([...], true)
 8 APPPATH\Controllers\Bugs.php(32): CodeIgniter\Model->insert([...])
 9 SYSTEMPATH\CodeIgniter.php(932): App\Controllers\Bugs->create()
10 SYSTEMPATH\CodeIgniter.php(497): CodeIgniter\CodeIgniter->runController(Object(App\Controllers\Bugs))
11 SYSTEMPATH\CodeIgniter.php(366): CodeIgniter\CodeIgniter->handleRequest(null, Object(Config\Cache), false)
12 FCPATH\index.php(67): CodeIgniter\CodeIgniter->run()
13 SYSTEMPATH\Commands\Server\rewrite.php(47): require_once('C:\\projects\\excelProject\\codeigniterProject\\public\\index.php')
ERROR - 2023-08-16 02:05:16 --> mysqli_sql_exception: Unknown column 'message' in 'field list' in C:\projects\excelProject\codeigniterProject\system\Database\MySQLi\Connection.php:295
Stack trace:
#0 C:\projects\excelProject\codeigniterProject\system\Database\MySQLi\Connection.php(295): mysqli->query('INSERT INTO `bu...', 0)
#1 C:\projects\excelProject\codeigniterProject\system\Database\BaseConnection.php(692): CodeIgniter\Database\MySQLi\Connection->execute('INSERT INTO `bu...')
#2 C:\projects\excelProject\codeigniterProject\system\Database\BaseConnection.php(606): CodeIgniter\Database\BaseConnection->simpleQuery('INSERT INTO `bu...')
#3 C:\projects\excelProject\codeigniterProject\system\Database\BaseBuilder.php(2309): CodeIgniter\Database\BaseConnection->query('INSERT INTO `bu...', Array, false)
#4 C:\projects\excelProject\codeigniterProject\system\Model.php(330): CodeIgniter\Database\BaseBuilder->insert()
#5 C:\projects\excelProject\codeigniterProject\system\BaseModel.php(782): CodeIgniter\Model->doInsert(Array)
#6 C:\projects\excelProject\codeigniterProject\system\Model.php(730): CodeIgniter\BaseModel->insert(Array, true)
#7 C:\projects\excelProject\codeigniterProject\app\Controllers\Bugs.php(32): CodeIgniter\Model->insert(Array)
#8 C:\projects\excelProject\codeigniterProject\system\CodeIgniter.php(932): App\Controllers\Bugs->create()
#9 C:\projects\excelProject\codeigniterProject\system\CodeIgniter.php(497): CodeIgniter\CodeIgniter->runController(Object(App\Controllers\Bugs))
#10 C:\projects\excelProject\codeigniterProject\system\CodeIgniter.php(366): CodeIgniter\CodeIgniter->handleRequest(NULL, Object(Config\Cache), false)
#11 C:\projects\excelProject\codeigniterProject\public\index.php(67): CodeIgniter\CodeIgniter->run()
#12 C:\projects\excelProject\codeigniterProject\system\Commands\Server\rewrite.php(47): require_once('C:\\projects\\exc...')
#13 {main}
CRITICAL - 2023-08-16 02:05:16 --> Unknown column 'message' in 'field list'
in SYSTEMPATH\Database\MySQLi\Connection.php on line 295.
 1 SYSTEMPATH\Database\MySQLi\Connection.php(295): mysqli->query('INSERT INTO `bugs` (`name`, `bug`, `read`, `message`, `created@`, `updated@`) VALUES (\'asd\', \'asdasdasd\', 0, \'asd\', \'2023-08-16 02:05:16\', \'2023-08-16 02:05:16\')', 0)
 2 SYSTEMPATH\Database\BaseConnection.php(692): CodeIgniter\Database\MySQLi\Connection->execute('INSERT INTO `bugs` (`name`, `bug`, `read`, `message`, `created@`, `updated@`) VALUES (\'asd\', \'asdasdasd\', 0, \'asd\', \'2023-08-16 02:05:16\', \'2023-08-16 02:05:16\')')
 3 SYSTEMPATH\Database\BaseConnection.php(606): CodeIgniter\Database\BaseConnection->simpleQuery('INSERT INTO `bugs` (`name`, `bug`, `read`, `message`, `created@`, `updated@`) VALUES (\'asd\', \'asdasdasd\', 0, \'asd\', \'2023-08-16 02:05:16\', \'2023-08-16 02:05:16\')')
 4 SYSTEMPATH\Database\BaseBuilder.php(2309): CodeIgniter\Database\BaseConnection->query('INSERT INTO `bugs` (`name`, `bug`, `read`, `message`, `created@`, `updated@`) VALUES (:name:, :bug:, :read:, :message:, :created@:, :updated@:)', [...], false)
 5 SYSTEMPATH\Model.php(330): CodeIgniter\Database\BaseBuilder->insert()
 6 SYSTEMPATH\BaseModel.php(782): CodeIgniter\Model->doInsert([...])
 7 SYSTEMPATH\Model.php(730): CodeIgniter\BaseModel->insert([...], true)
 8 APPPATH\Controllers\Bugs.php(32): CodeIgniter\Model->insert([...])
 9 SYSTEMPATH\CodeIgniter.php(932): App\Controllers\Bugs->create()
10 SYSTEMPATH\CodeIgniter.php(497): CodeIgniter\CodeIgniter->runController(Object(App\Controllers\Bugs))
11 SYSTEMPATH\CodeIgniter.php(366): CodeIgniter\CodeIgniter->handleRequest(null, Object(Config\Cache), false)
12 FCPATH\index.php(67): CodeIgniter\CodeIgniter->run()
13 SYSTEMPATH\Commands\Server\rewrite.php(47): require_once('C:\\projects\\excelProject\\codeigniterProject\\public\\index.php')
