CRITICAL - 2023-07-28 06:15:48 --> Class "App\Controllers\Message" not found
in APPPATH\Controllers\Traffics.php on line 20.
 1 SYSTEMPATH\CodeIgniter.php(932): App\Controllers\Traffics->getlog()
 2 SYSTEMPATH\CodeIgniter.php(497): CodeIgniter\CodeIgniter->runController(Object(App\Controllers\Traffics))
 3 SYSTEMPATH\CodeIgniter.php(366): CodeIgniter\CodeIgniter->handleRequest(null, Object(Config\Cache), false)
 4 FCPATH\index.php(67): CodeIgniter\CodeIgniter->run()
 5 SYSTEMPATH\Commands\Server\rewrite.php(47): require_once('C:\\projects\\excelProject\\codeigniterProject\\public\\index.php')
CRITICAL - 2023-07-28 06:15:48 --> Class "App\Controllers\Message" not found
in APPPATH\Controllers\Traffics.php on line 20.
 1 SYSTEMPATH\CodeIgniter.php(932): App\Controllers\Traffics->getlog()
 2 SYSTEMPATH\CodeIgniter.php(497): CodeIgniter\CodeIgniter->runController(Object(App\Controllers\Traffics))
 3 SYSTEMPATH\CodeIgniter.php(366): CodeIgniter\CodeIgniter->handleRequest(null, Object(Config\Cache), false)
 4 FCPATH\index.php(67): CodeIgniter\CodeIgniter->run()
 5 SYSTEMPATH\Commands\Server\rewrite.php(47): require_once('C:\\projects\\excelProject\\codeigniterProject\\public\\index.php')
CRITICAL - 2023-07-28 06:16:24 --> Class "App\Controllers\Message" not found
in APPPATH\Controllers\Traffics.php on line 20.
 1 SYSTEMPATH\CodeIgniter.php(932): App\Controllers\Traffics->getlog()
 2 SYSTEMPATH\CodeIgniter.php(497): CodeIgniter\CodeIgniter->runController(Object(App\Controllers\Traffics))
 3 SYSTEMPATH\CodeIgniter.php(366): CodeIgniter\CodeIgniter->handleRequest(null, Object(Config\Cache), false)
 4 FCPATH\index.php(67): CodeIgniter\CodeIgniter->run()
 5 SYSTEMPATH\Commands\Server\rewrite.php(47): require_once('C:\\projects\\excelProject\\codeigniterProject\\public\\index.php')
CRITICAL - 2023-07-28 06:16:25 --> Class "App\Controllers\Message" not found
in APPPATH\Controllers\Traffics.php on line 20.
 1 SYSTEMPATH\CodeIgniter.php(932): App\Controllers\Traffics->getlog()
 2 SYSTEMPATH\CodeIgniter.php(497): CodeIgniter\CodeIgniter->runController(Object(App\Controllers\Traffics))
 3 SYSTEMPATH\CodeIgniter.php(366): CodeIgniter\CodeIgniter->handleRequest(null, Object(Config\Cache), false)
 4 FCPATH\index.php(67): CodeIgniter\CodeIgniter->run()
 5 SYSTEMPATH\Commands\Server\rewrite.php(47): require_once('C:\\projects\\excelProject\\codeigniterProject\\public\\index.php')
