CRITICAL - 2023-08-06 07:51:06 --> Trying to access array offset on value of type null
in APPPATH\Controllers\Process.php on line 126.
 1 APPPATH\Controllers\Process.php(126): CodeIgniter\Debug\Exceptions->errorHandler(2, 'Trying to access array offset on value of type null', 'C:\\projects\\excelProject\\codeigniterProject\\app\\Controllers\\Process.php', 126)
 2 SYSTEMPATH\CodeIgniter.php(932): App\Controllers\Process->philippines()
 3 SYSTEMPATH\CodeIgniter.php(497): CodeIgniter\CodeIgniter->runController(Object(App\Controllers\Process))
 4 SYSTEMPATH\CodeIgniter.php(366): CodeIgniter\CodeIgniter->handleRequest(null, Object(Config\Cache), false)
 5 FCPATH\index.php(67): CodeIgniter\CodeIgniter->run()
 6 SYSTEMPATH\Commands\Server\rewrite.php(47): require_once('C:\\projects\\excelProject\\codeigniterProject\\public\\index.php')
CRITICAL - 2023-08-06 07:51:06 --> Trying to access array offset on value of type null
in APPPATH\Controllers\Process.php on line 126.
 1 APPPATH\Controllers\Process.php(126): CodeIgniter\Debug\Exceptions->errorHandler(2, 'Trying to access array offset on value of type null', 'C:\\projects\\excelProject\\codeigniterProject\\app\\Controllers\\Process.php', 126)
 2 SYSTEMPATH\CodeIgniter.php(932): App\Controllers\Process->philippines()
 3 SYSTEMPATH\CodeIgniter.php(497): CodeIgniter\CodeIgniter->runController(Object(App\Controllers\Process))
 4 SYSTEMPATH\CodeIgniter.php(366): CodeIgniter\CodeIgniter->handleRequest(null, Object(Config\Cache), false)
 5 FCPATH\index.php(67): CodeIgniter\CodeIgniter->run()
 6 SYSTEMPATH\Commands\Server\rewrite.php(47): require_once('C:\\projects\\excelProject\\codeigniterProject\\public\\index.php')
CRITICAL - 2023-08-06 07:51:28 --> Trying to access array offset on value of type null
in APPPATH\Controllers\Process.php on line 126.
 1 APPPATH\Controllers\Process.php(126): CodeIgniter\Debug\Exceptions->errorHandler(2, 'Trying to access array offset on value of type null', 'C:\\projects\\excelProject\\codeigniterProject\\app\\Controllers\\Process.php', 126)
 2 SYSTEMPATH\CodeIgniter.php(932): App\Controllers\Process->philippines()
 3 SYSTEMPATH\CodeIgniter.php(497): CodeIgniter\CodeIgniter->runController(Object(App\Controllers\Process))
 4 SYSTEMPATH\CodeIgniter.php(366): CodeIgniter\CodeIgniter->handleRequest(null, Object(Config\Cache), false)
 5 FCPATH\index.php(67): CodeIgniter\CodeIgniter->run()
 6 SYSTEMPATH\Commands\Server\rewrite.php(47): require_once('C:\\projects\\excelProject\\codeigniterProject\\public\\index.php')
CRITICAL - 2023-08-06 07:51:30 --> Trying to access array offset on value of type null
in APPPATH\Controllers\Process.php on line 126.
 1 APPPATH\Controllers\Process.php(126): CodeIgniter\Debug\Exceptions->errorHandler(2, 'Trying to access array offset on value of type null', 'C:\\projects\\excelProject\\codeigniterProject\\app\\Controllers\\Process.php', 126)
 2 SYSTEMPATH\CodeIgniter.php(932): App\Controllers\Process->philippines()
 3 SYSTEMPATH\CodeIgniter.php(497): CodeIgniter\CodeIgniter->runController(Object(App\Controllers\Process))
 4 SYSTEMPATH\CodeIgniter.php(366): CodeIgniter\CodeIgniter->handleRequest(null, Object(Config\Cache), false)
 5 FCPATH\index.php(67): CodeIgniter\CodeIgniter->run()
 6 SYSTEMPATH\Commands\Server\rewrite.php(47): require_once('C:\\projects\\excelProject\\codeigniterProject\\public\\index.php')
CRITICAL - 2023-08-06 07:51:30 --> Trying to access array offset on value of type null
in APPPATH\Controllers\Process.php on line 126.
 1 APPPATH\Controllers\Process.php(126): CodeIgniter\Debug\Exceptions->errorHandler(2, 'Trying to access array offset on value of type null', 'C:\\projects\\excelProject\\codeigniterProject\\app\\Controllers\\Process.php', 126)
 2 SYSTEMPATH\CodeIgniter.php(932): App\Controllers\Process->philippines()
 3 SYSTEMPATH\CodeIgniter.php(497): CodeIgniter\CodeIgniter->runController(Object(App\Controllers\Process))
 4 SYSTEMPATH\CodeIgniter.php(366): CodeIgniter\CodeIgniter->handleRequest(null, Object(Config\Cache), false)
 5 FCPATH\index.php(67): CodeIgniter\CodeIgniter->run()
 6 SYSTEMPATH\Commands\Server\rewrite.php(47): require_once('C:\\projects\\excelProject\\codeigniterProject\\public\\index.php')
CRITICAL - 2023-08-06 07:52:39 --> Trying to access array offset on value of type null
in APPPATH\Controllers\Process.php on line 126.
 1 APPPATH\Controllers\Process.php(126): CodeIgniter\Debug\Exceptions->errorHandler(2, 'Trying to access array offset on value of type null', 'C:\\projects\\excelProject\\codeigniterProject\\app\\Controllers\\Process.php', 126)
 2 SYSTEMPATH\CodeIgniter.php(932): App\Controllers\Process->philippines()
 3 SYSTEMPATH\CodeIgniter.php(497): CodeIgniter\CodeIgniter->runController(Object(App\Controllers\Process))
 4 SYSTEMPATH\CodeIgniter.php(366): CodeIgniter\CodeIgniter->handleRequest(null, Object(Config\Cache), false)
 5 FCPATH\index.php(67): CodeIgniter\CodeIgniter->run()
 6 SYSTEMPATH\Commands\Server\rewrite.php(47): require_once('C:\\projects\\excelProject\\codeigniterProject\\public\\index.php')
CRITICAL - 2023-08-06 07:53:10 --> Trying to access array offset on value of type null
in APPPATH\Controllers\Process.php on line 126.
 1 APPPATH\Controllers\Process.php(126): CodeIgniter\Debug\Exceptions->errorHandler(2, 'Trying to access array offset on value of type null', 'C:\\projects\\excelProject\\codeigniterProject\\app\\Controllers\\Process.php', 126)
 2 SYSTEMPATH\CodeIgniter.php(932): App\Controllers\Process->philippines()
 3 SYSTEMPATH\CodeIgniter.php(497): CodeIgniter\CodeIgniter->runController(Object(App\Controllers\Process))
 4 SYSTEMPATH\CodeIgniter.php(366): CodeIgniter\CodeIgniter->handleRequest(null, Object(Config\Cache), false)
 5 FCPATH\index.php(67): CodeIgniter\CodeIgniter->run()
 6 SYSTEMPATH\Commands\Server\rewrite.php(47): require_once('C:\\projects\\excelProject\\codeigniterProject\\public\\index.php')
CRITICAL - 2023-08-06 07:53:12 --> Trying to access array offset on value of type null
in APPPATH\Controllers\Process.php on line 126.
 1 APPPATH\Controllers\Process.php(126): CodeIgniter\Debug\Exceptions->errorHandler(2, 'Trying to access array offset on value of type null', 'C:\\projects\\excelProject\\codeigniterProject\\app\\Controllers\\Process.php', 126)
 2 SYSTEMPATH\CodeIgniter.php(932): App\Controllers\Process->philippines()
 3 SYSTEMPATH\CodeIgniter.php(497): CodeIgniter\CodeIgniter->runController(Object(App\Controllers\Process))
 4 SYSTEMPATH\CodeIgniter.php(366): CodeIgniter\CodeIgniter->handleRequest(null, Object(Config\Cache), false)
 5 FCPATH\index.php(67): CodeIgniter\CodeIgniter->run()
 6 SYSTEMPATH\Commands\Server\rewrite.php(47): require_once('C:\\projects\\excelProject\\codeigniterProject\\public\\index.php')
CRITICAL - 2023-08-06 07:53:15 --> Trying to access array offset on value of type null
in APPPATH\Controllers\Process.php on line 126.
 1 APPPATH\Controllers\Process.php(126): CodeIgniter\Debug\Exceptions->errorHandler(2, 'Trying to access array offset on value of type null', 'C:\\projects\\excelProject\\codeigniterProject\\app\\Controllers\\Process.php', 126)
 2 SYSTEMPATH\CodeIgniter.php(932): App\Controllers\Process->philippines()
 3 SYSTEMPATH\CodeIgniter.php(497): CodeIgniter\CodeIgniter->runController(Object(App\Controllers\Process))
 4 SYSTEMPATH\CodeIgniter.php(366): CodeIgniter\CodeIgniter->handleRequest(null, Object(Config\Cache), false)
 5 FCPATH\index.php(67): CodeIgniter\CodeIgniter->run()
 6 SYSTEMPATH\Commands\Server\rewrite.php(47): require_once('C:\\projects\\excelProject\\codeigniterProject\\public\\index.php')
CRITICAL - 2023-08-06 07:53:16 --> Trying to access array offset on value of type null
in APPPATH\Controllers\Process.php on line 126.
 1 APPPATH\Controllers\Process.php(126): CodeIgniter\Debug\Exceptions->errorHandler(2, 'Trying to access array offset on value of type null', 'C:\\projects\\excelProject\\codeigniterProject\\app\\Controllers\\Process.php', 126)
 2 SYSTEMPATH\CodeIgniter.php(932): App\Controllers\Process->philippines()
 3 SYSTEMPATH\CodeIgniter.php(497): CodeIgniter\CodeIgniter->runController(Object(App\Controllers\Process))
 4 SYSTEMPATH\CodeIgniter.php(366): CodeIgniter\CodeIgniter->handleRequest(null, Object(Config\Cache), false)
 5 FCPATH\index.php(67): CodeIgniter\CodeIgniter->run()
 6 SYSTEMPATH\Commands\Server\rewrite.php(47): require_once('C:\\projects\\excelProject\\codeigniterProject\\public\\index.php')
CRITICAL - 2023-08-06 07:53:33 --> Trying to access array offset on value of type null
in APPPATH\Controllers\Process.php on line 126.
 1 APPPATH\Controllers\Process.php(126): CodeIgniter\Debug\Exceptions->errorHandler(2, 'Trying to access array offset on value of type null', 'C:\\projects\\excelProject\\codeigniterProject\\app\\Controllers\\Process.php', 126)
 2 SYSTEMPATH\CodeIgniter.php(932): App\Controllers\Process->philippines()
 3 SYSTEMPATH\CodeIgniter.php(497): CodeIgniter\CodeIgniter->runController(Object(App\Controllers\Process))
 4 SYSTEMPATH\CodeIgniter.php(366): CodeIgniter\CodeIgniter->handleRequest(null, Object(Config\Cache), false)
 5 FCPATH\index.php(67): CodeIgniter\CodeIgniter->run()
 6 SYSTEMPATH\Commands\Server\rewrite.php(47): require_once('C:\\projects\\excelProject\\codeigniterProject\\public\\index.php')
CRITICAL - 2023-08-06 07:53:39 --> Trying to access array offset on value of type null
in APPPATH\Controllers\Process.php on line 126.
 1 APPPATH\Controllers\Process.php(126): CodeIgniter\Debug\Exceptions->errorHandler(2, 'Trying to access array offset on value of type null', 'C:\\projects\\excelProject\\codeigniterProject\\app\\Controllers\\Process.php', 126)
 2 SYSTEMPATH\CodeIgniter.php(932): App\Controllers\Process->philippines()
 3 SYSTEMPATH\CodeIgniter.php(497): CodeIgniter\CodeIgniter->runController(Object(App\Controllers\Process))
 4 SYSTEMPATH\CodeIgniter.php(366): CodeIgniter\CodeIgniter->handleRequest(null, Object(Config\Cache), false)
 5 FCPATH\index.php(67): CodeIgniter\CodeIgniter->run()
 6 SYSTEMPATH\Commands\Server\rewrite.php(47): require_once('C:\\projects\\excelProject\\codeigniterProject\\public\\index.php')
CRITICAL - 2023-08-06 07:53:39 --> Trying to access array offset on value of type null
in APPPATH\Controllers\Process.php on line 126.
 1 APPPATH\Controllers\Process.php(126): CodeIgniter\Debug\Exceptions->errorHandler(2, 'Trying to access array offset on value of type null', 'C:\\projects\\excelProject\\codeigniterProject\\app\\Controllers\\Process.php', 126)
 2 SYSTEMPATH\CodeIgniter.php(932): App\Controllers\Process->philippines()
 3 SYSTEMPATH\CodeIgniter.php(497): CodeIgniter\CodeIgniter->runController(Object(App\Controllers\Process))
 4 SYSTEMPATH\CodeIgniter.php(366): CodeIgniter\CodeIgniter->handleRequest(null, Object(Config\Cache), false)
 5 FCPATH\index.php(67): CodeIgniter\CodeIgniter->run()
 6 SYSTEMPATH\Commands\Server\rewrite.php(47): require_once('C:\\projects\\excelProject\\codeigniterProject\\public\\index.php')
CRITICAL - 2023-08-06 07:54:00 --> Trying to access array offset on value of type null
in APPPATH\Controllers\Process.php on line 126.
 1 APPPATH\Controllers\Process.php(126): CodeIgniter\Debug\Exceptions->errorHandler(2, 'Trying to access array offset on value of type null', 'C:\\projects\\excelProject\\codeigniterProject\\app\\Controllers\\Process.php', 126)
 2 SYSTEMPATH\CodeIgniter.php(932): App\Controllers\Process->philippines()
 3 SYSTEMPATH\CodeIgniter.php(497): CodeIgniter\CodeIgniter->runController(Object(App\Controllers\Process))
 4 SYSTEMPATH\CodeIgniter.php(366): CodeIgniter\CodeIgniter->handleRequest(null, Object(Config\Cache), false)
 5 FCPATH\index.php(67): CodeIgniter\CodeIgniter->run()
 6 SYSTEMPATH\Commands\Server\rewrite.php(47): require_once('C:\\projects\\excelProject\\codeigniterProject\\public\\index.php')
CRITICAL - 2023-08-06 07:54:49 --> Trying to access array offset on value of type null
in APPPATH\Controllers\Process.php on line 126.
 1 APPPATH\Controllers\Process.php(126): CodeIgniter\Debug\Exceptions->errorHandler(2, 'Trying to access array offset on value of type null', 'C:\\projects\\excelProject\\codeigniterProject\\app\\Controllers\\Process.php', 126)
 2 SYSTEMPATH\CodeIgniter.php(932): App\Controllers\Process->philippines()
 3 SYSTEMPATH\CodeIgniter.php(497): CodeIgniter\CodeIgniter->runController(Object(App\Controllers\Process))
 4 SYSTEMPATH\CodeIgniter.php(366): CodeIgniter\CodeIgniter->handleRequest(null, Object(Config\Cache), false)
 5 FCPATH\index.php(67): CodeIgniter\CodeIgniter->run()
 6 SYSTEMPATH\Commands\Server\rewrite.php(47): require_once('C:\\projects\\excelProject\\codeigniterProject\\public\\index.php')
CRITICAL - 2023-08-06 07:55:34 --> Trying to access array offset on value of type null
in APPPATH\Controllers\Process.php on line 126.
 1 APPPATH\Controllers\Process.php(126): CodeIgniter\Debug\Exceptions->errorHandler(2, 'Trying to access array offset on value of type null', 'C:\\projects\\excelProject\\codeigniterProject\\app\\Controllers\\Process.php', 126)
 2 SYSTEMPATH\CodeIgniter.php(932): App\Controllers\Process->philippines()
 3 SYSTEMPATH\CodeIgniter.php(497): CodeIgniter\CodeIgniter->runController(Object(App\Controllers\Process))
 4 SYSTEMPATH\CodeIgniter.php(366): CodeIgniter\CodeIgniter->handleRequest(null, Object(Config\Cache), false)
 5 FCPATH\index.php(67): CodeIgniter\CodeIgniter->run()
 6 SYSTEMPATH\Commands\Server\rewrite.php(47): require_once('C:\\projects\\excelProject\\codeigniterProject\\public\\index.php')
CRITICAL - 2023-08-06 07:55:42 --> Trying to access array offset on value of type null
in APPPATH\Controllers\Process.php on line 126.
 1 APPPATH\Controllers\Process.php(126): CodeIgniter\Debug\Exceptions->errorHandler(2, 'Trying to access array offset on value of type null', 'C:\\projects\\excelProject\\codeigniterProject\\app\\Controllers\\Process.php', 126)
 2 SYSTEMPATH\CodeIgniter.php(932): App\Controllers\Process->philippines()
 3 SYSTEMPATH\CodeIgniter.php(497): CodeIgniter\CodeIgniter->runController(Object(App\Controllers\Process))
 4 SYSTEMPATH\CodeIgniter.php(366): CodeIgniter\CodeIgniter->handleRequest(null, Object(Config\Cache), false)
 5 FCPATH\index.php(67): CodeIgniter\CodeIgniter->run()
 6 SYSTEMPATH\Commands\Server\rewrite.php(47): require_once('C:\\projects\\excelProject\\codeigniterProject\\public\\index.php')
CRITICAL - 2023-08-06 07:56:01 --> Trying to access array offset on value of type null
in APPPATH\Controllers\Process.php on line 126.
 1 APPPATH\Controllers\Process.php(126): CodeIgniter\Debug\Exceptions->errorHandler(2, 'Trying to access array offset on value of type null', 'C:\\projects\\excelProject\\codeigniterProject\\app\\Controllers\\Process.php', 126)
 2 SYSTEMPATH\CodeIgniter.php(932): App\Controllers\Process->philippines()
 3 SYSTEMPATH\CodeIgniter.php(497): CodeIgniter\CodeIgniter->runController(Object(App\Controllers\Process))
 4 SYSTEMPATH\CodeIgniter.php(366): CodeIgniter\CodeIgniter->handleRequest(null, Object(Config\Cache), false)
 5 FCPATH\index.php(67): CodeIgniter\CodeIgniter->run()
 6 SYSTEMPATH\Commands\Server\rewrite.php(47): require_once('C:\\projects\\excelProject\\codeigniterProject\\public\\index.php')
CRITICAL - 2023-08-06 07:56:01 --> Trying to access array offset on value of type null
in APPPATH\Controllers\Process.php on line 126.
 1 APPPATH\Controllers\Process.php(126): CodeIgniter\Debug\Exceptions->errorHandler(2, 'Trying to access array offset on value of type null', 'C:\\projects\\excelProject\\codeigniterProject\\app\\Controllers\\Process.php', 126)
 2 SYSTEMPATH\CodeIgniter.php(932): App\Controllers\Process->philippines()
 3 SYSTEMPATH\CodeIgniter.php(497): CodeIgniter\CodeIgniter->runController(Object(App\Controllers\Process))
 4 SYSTEMPATH\CodeIgniter.php(366): CodeIgniter\CodeIgniter->handleRequest(null, Object(Config\Cache), false)
 5 FCPATH\index.php(67): CodeIgniter\CodeIgniter->run()
 6 SYSTEMPATH\Commands\Server\rewrite.php(47): require_once('C:\\projects\\excelProject\\codeigniterProject\\public\\index.php')
CRITICAL - 2023-08-06 11:27:06 --> syntax error, unexpected token "}", expecting ";"
in APPPATH\Controllers\Process.php on line 123.
 1 SYSTEMPATH\Autoloader\Autoloader.php(289): CodeIgniter\Autoloader\Autoloader->includeFile('C:\\projects\\excelProject\\codeigniterProject\\app\\Controllers\\Process.php')
 2 SYSTEMPATH\Autoloader\Autoloader.php(267): CodeIgniter\Autoloader\Autoloader->loadInNamespace('App\\Controllers\\Process')
 3 [internal function]: CodeIgniter\Autoloader\Autoloader->loadClass('App\\Controllers\\Process')
 4 SYSTEMPATH\CodeIgniter.php(890): class_exists('\\App\\Controllers\\Process', true)
 5 SYSTEMPATH\CodeIgniter.php(484): CodeIgniter\CodeIgniter->startController()
 6 SYSTEMPATH\CodeIgniter.php(366): CodeIgniter\CodeIgniter->handleRequest(null, Object(Config\Cache), false)
 7 FCPATH\index.php(67): CodeIgniter\CodeIgniter->run()
 8 SYSTEMPATH\Commands\Server\rewrite.php(47): require_once('C:\\projects\\excelProject\\codeigniterProject\\public\\index.php')
CRITICAL - 2023-08-06 11:27:54 --> syntax error, unexpected token "}", expecting ";"
in APPPATH\Controllers\Process.php on line 123.
 1 SYSTEMPATH\Autoloader\Autoloader.php(289): CodeIgniter\Autoloader\Autoloader->includeFile('C:\\projects\\excelProject\\codeigniterProject\\app\\Controllers\\Process.php')
 2 SYSTEMPATH\Autoloader\Autoloader.php(267): CodeIgniter\Autoloader\Autoloader->loadInNamespace('App\\Controllers\\Process')
 3 [internal function]: CodeIgniter\Autoloader\Autoloader->loadClass('App\\Controllers\\Process')
 4 SYSTEMPATH\CodeIgniter.php(890): class_exists('\\App\\Controllers\\Process', true)
 5 SYSTEMPATH\CodeIgniter.php(484): CodeIgniter\CodeIgniter->startController()
 6 SYSTEMPATH\CodeIgniter.php(366): CodeIgniter\CodeIgniter->handleRequest(null, Object(Config\Cache), false)
 7 FCPATH\index.php(67): CodeIgniter\CodeIgniter->run()
 8 SYSTEMPATH\Commands\Server\rewrite.php(47): require_once('C:\\projects\\excelProject\\codeigniterProject\\public\\index.php')
CRITICAL - 2023-08-06 11:28:07 --> syntax error, unexpected variable "$jsonArray"
in APPPATH\Controllers\Process.php on line 126.
 1 SYSTEMPATH\Autoloader\Autoloader.php(289): CodeIgniter\Autoloader\Autoloader->includeFile('C:\\projects\\excelProject\\codeigniterProject\\app\\Controllers\\Process.php')
 2 SYSTEMPATH\Autoloader\Autoloader.php(267): CodeIgniter\Autoloader\Autoloader->loadInNamespace('App\\Controllers\\Process')
 3 [internal function]: CodeIgniter\Autoloader\Autoloader->loadClass('App\\Controllers\\Process')
 4 SYSTEMPATH\CodeIgniter.php(890): class_exists('\\App\\Controllers\\Process', true)
 5 SYSTEMPATH\CodeIgniter.php(484): CodeIgniter\CodeIgniter->startController()
 6 SYSTEMPATH\CodeIgniter.php(366): CodeIgniter\CodeIgniter->handleRequest(null, Object(Config\Cache), false)
 7 FCPATH\index.php(67): CodeIgniter\CodeIgniter->run()
 8 SYSTEMPATH\Commands\Server\rewrite.php(47): require_once('C:\\projects\\excelProject\\codeigniterProject\\public\\index.php')
CRITICAL - 2023-08-06 11:28:22 --> Trying to access array offset on value of type null
in APPPATH\Controllers\Process.php on line 127.
 1 APPPATH\Controllers\Process.php(127): CodeIgniter\Debug\Exceptions->errorHandler(2, 'Trying to access array offset on value of type null', 'C:\\projects\\excelProject\\codeigniterProject\\app\\Controllers\\Process.php', 127)
 2 SYSTEMPATH\CodeIgniter.php(932): App\Controllers\Process->philippines()
 3 SYSTEMPATH\CodeIgniter.php(497): CodeIgniter\CodeIgniter->runController(Object(App\Controllers\Process))
 4 SYSTEMPATH\CodeIgniter.php(366): CodeIgniter\CodeIgniter->handleRequest(null, Object(Config\Cache), false)
 5 FCPATH\index.php(67): CodeIgniter\CodeIgniter->run()
 6 SYSTEMPATH\Commands\Server\rewrite.php(47): require_once('C:\\projects\\excelProject\\codeigniterProject\\public\\index.php')
CRITICAL - 2023-08-06 11:29:05 --> syntax error, unexpected variable "$table_data", expecting ";"
in APPPATH\Controllers\Process.php on line 128.
 1 SYSTEMPATH\Autoloader\Autoloader.php(289): CodeIgniter\Autoloader\Autoloader->includeFile('C:\\projects\\excelProject\\codeigniterProject\\app\\Controllers\\Process.php')
 2 SYSTEMPATH\Autoloader\Autoloader.php(267): CodeIgniter\Autoloader\Autoloader->loadInNamespace('App\\Controllers\\Process')
 3 [internal function]: CodeIgniter\Autoloader\Autoloader->loadClass('App\\Controllers\\Process')
 4 SYSTEMPATH\CodeIgniter.php(890): class_exists('\\App\\Controllers\\Process', true)
 5 SYSTEMPATH\CodeIgniter.php(484): CodeIgniter\CodeIgniter->startController()
 6 SYSTEMPATH\CodeIgniter.php(366): CodeIgniter\CodeIgniter->handleRequest(null, Object(Config\Cache), false)
 7 FCPATH\index.php(67): CodeIgniter\CodeIgniter->run()
 8 SYSTEMPATH\Commands\Server\rewrite.php(47): require_once('C:\\projects\\excelProject\\codeigniterProject\\public\\index.php')
CRITICAL - 2023-08-06 11:32:05 --> Undefined array key "geoJson"
in APPPATH\Controllers\Process.php on line 129.
 1 APPPATH\Controllers\Process.php(129): CodeIgniter\Debug\Exceptions->errorHandler(2, 'Undefined array key "geoJson"', 'C:\\projects\\excelProject\\codeigniterProject\\app\\Controllers\\Process.php', 129)
 2 SYSTEMPATH\CodeIgniter.php(932): App\Controllers\Process->philippines()
 3 SYSTEMPATH\CodeIgniter.php(497): CodeIgniter\CodeIgniter->runController(Object(App\Controllers\Process))
 4 SYSTEMPATH\CodeIgniter.php(366): CodeIgniter\CodeIgniter->handleRequest(null, Object(Config\Cache), false)
 5 FCPATH\index.php(67): CodeIgniter\CodeIgniter->run()
 6 SYSTEMPATH\Commands\Server\rewrite.php(47): require_once('C:\\projects\\excelProject\\codeigniterProject\\public\\index.php')
CRITICAL - 2023-08-06 11:32:32 --> Undefined array key "geoJson"
in APPPATH\Controllers\Process.php on line 129.
 1 APPPATH\Controllers\Process.php(129): CodeIgniter\Debug\Exceptions->errorHandler(2, 'Undefined array key "geoJson"', 'C:\\projects\\excelProject\\codeigniterProject\\app\\Controllers\\Process.php', 129)
 2 SYSTEMPATH\CodeIgniter.php(932): App\Controllers\Process->philippines()
 3 SYSTEMPATH\CodeIgniter.php(497): CodeIgniter\CodeIgniter->runController(Object(App\Controllers\Process))
 4 SYSTEMPATH\CodeIgniter.php(366): CodeIgniter\CodeIgniter->handleRequest(null, Object(Config\Cache), false)
 5 FCPATH\index.php(67): CodeIgniter\CodeIgniter->run()
 6 SYSTEMPATH\Commands\Server\rewrite.php(47): require_once('C:\\projects\\excelProject\\codeigniterProject\\public\\index.php')
CRITICAL - 2023-08-06 11:34:24 --> Undefined array key "geoJson"
in APPPATH\Controllers\Process.php on line 130.
 1 APPPATH\Controllers\Process.php(130): CodeIgniter\Debug\Exceptions->errorHandler(2, 'Undefined array key "geoJson"', 'C:\\projects\\excelProject\\codeigniterProject\\app\\Controllers\\Process.php', 130)
 2 SYSTEMPATH\CodeIgniter.php(932): App\Controllers\Process->philippines()
 3 SYSTEMPATH\CodeIgniter.php(497): CodeIgniter\CodeIgniter->runController(Object(App\Controllers\Process))
 4 SYSTEMPATH\CodeIgniter.php(366): CodeIgniter\CodeIgniter->handleRequest(null, Object(Config\Cache), false)
 5 FCPATH\index.php(67): CodeIgniter\CodeIgniter->run()
 6 SYSTEMPATH\Commands\Server\rewrite.php(47): require_once('C:\\projects\\excelProject\\codeigniterProject\\public\\index.php')
CRITICAL - 2023-08-06 11:36:31 --> syntax error, unexpected token "return", expecting ";"
in APPPATH\Controllers\Process.php on line 191.
 1 SYSTEMPATH\Autoloader\Autoloader.php(289): CodeIgniter\Autoloader\Autoloader->includeFile('C:\\projects\\excelProject\\codeigniterProject\\app\\Controllers\\Process.php')
 2 SYSTEMPATH\Autoloader\Autoloader.php(267): CodeIgniter\Autoloader\Autoloader->loadInNamespace('App\\Controllers\\Process')
 3 [internal function]: CodeIgniter\Autoloader\Autoloader->loadClass('App\\Controllers\\Process')
 4 SYSTEMPATH\CodeIgniter.php(890): class_exists('\\App\\Controllers\\Process', true)
 5 SYSTEMPATH\CodeIgniter.php(484): CodeIgniter\CodeIgniter->startController()
 6 SYSTEMPATH\CodeIgniter.php(366): CodeIgniter\CodeIgniter->handleRequest(null, Object(Config\Cache), false)
 7 FCPATH\index.php(67): CodeIgniter\CodeIgniter->run()
 8 SYSTEMPATH\Commands\Server\rewrite.php(47): require_once('C:\\projects\\excelProject\\codeigniterProject\\public\\index.php')
CRITICAL - 2023-08-06 11:36:58 --> Undefined array key "geoJson"
in APPPATH\Controllers\Process.php on line 129.
 1 APPPATH\Controllers\Process.php(129): CodeIgniter\Debug\Exceptions->errorHandler(2, 'Undefined array key "geoJson"', 'C:\\projects\\excelProject\\codeigniterProject\\app\\Controllers\\Process.php', 129)
 2 SYSTEMPATH\CodeIgniter.php(932): App\Controllers\Process->philippines()
 3 SYSTEMPATH\CodeIgniter.php(497): CodeIgniter\CodeIgniter->runController(Object(App\Controllers\Process))
 4 SYSTEMPATH\CodeIgniter.php(366): CodeIgniter\CodeIgniter->handleRequest(null, Object(Config\Cache), false)
 5 FCPATH\index.php(67): CodeIgniter\CodeIgniter->run()
 6 SYSTEMPATH\Commands\Server\rewrite.php(47): require_once('C:\\projects\\excelProject\\codeigniterProject\\public\\index.php')
CRITICAL - 2023-08-06 11:38:51 --> Call to undefined function App\Controllers\views()
in APPPATH\Controllers\Process.php on line 190.
 1 SYSTEMPATH\CodeIgniter.php(932): App\Controllers\Process->philippines()
 2 SYSTEMPATH\CodeIgniter.php(497): CodeIgniter\CodeIgniter->runController(Object(App\Controllers\Process))
 3 SYSTEMPATH\CodeIgniter.php(366): CodeIgniter\CodeIgniter->handleRequest(null, Object(Config\Cache), false)
 4 FCPATH\index.php(67): CodeIgniter\CodeIgniter->run()
 5 SYSTEMPATH\Commands\Server\rewrite.php(47): require_once('C:\\projects\\excelProject\\codeigniterProject\\public\\index.php')
CRITICAL - 2023-08-06 11:39:17 --> Undefined array key "feature"
in APPPATH\Controllers\Process.php on line 129.
 1 APPPATH\Controllers\Process.php(129): CodeIgniter\Debug\Exceptions->errorHandler(2, 'Undefined array key "feature"', 'C:\\projects\\excelProject\\codeigniterProject\\app\\Controllers\\Process.php', 129)
 2 SYSTEMPATH\CodeIgniter.php(932): App\Controllers\Process->philippines()
 3 SYSTEMPATH\CodeIgniter.php(497): CodeIgniter\CodeIgniter->runController(Object(App\Controllers\Process))
 4 SYSTEMPATH\CodeIgniter.php(366): CodeIgniter\CodeIgniter->handleRequest(null, Object(Config\Cache), false)
 5 FCPATH\index.php(67): CodeIgniter\CodeIgniter->run()
 6 SYSTEMPATH\Commands\Server\rewrite.php(47): require_once('C:\\projects\\excelProject\\codeigniterProject\\public\\index.php')
CRITICAL - 2023-08-06 11:39:52 --> Cannot access offset of type string on string
in APPPATH\Controllers\Process.php on line 149.
 1 SYSTEMPATH\CodeIgniter.php(932): App\Controllers\Process->philippines()
 2 SYSTEMPATH\CodeIgniter.php(497): CodeIgniter\CodeIgniter->runController(Object(App\Controllers\Process))
 3 SYSTEMPATH\CodeIgniter.php(366): CodeIgniter\CodeIgniter->handleRequest(null, Object(Config\Cache), false)
 4 FCPATH\index.php(67): CodeIgniter\CodeIgniter->run()
 5 SYSTEMPATH\Commands\Server\rewrite.php(47): require_once('C:\\projects\\excelProject\\codeigniterProject\\public\\index.php')
CRITICAL - 2023-08-06 11:40:24 --> Cannot access offset of type string on string
in APPPATH\Controllers\Process.php on line 149.
 1 SYSTEMPATH\CodeIgniter.php(932): App\Controllers\Process->philippines()
 2 SYSTEMPATH\CodeIgniter.php(497): CodeIgniter\CodeIgniter->runController(Object(App\Controllers\Process))
 3 SYSTEMPATH\CodeIgniter.php(366): CodeIgniter\CodeIgniter->handleRequest(null, Object(Config\Cache), false)
 4 FCPATH\index.php(67): CodeIgniter\CodeIgniter->run()
 5 SYSTEMPATH\Commands\Server\rewrite.php(47): require_once('C:\\projects\\excelProject\\codeigniterProject\\public\\index.php')
CRITICAL - 2023-08-06 11:40:53 --> Undefined array key "feature"
in APPPATH\Controllers\Process.php on line 129.
 1 APPPATH\Controllers\Process.php(129): CodeIgniter\Debug\Exceptions->errorHandler(2, 'Undefined array key "feature"', 'C:\\projects\\excelProject\\codeigniterProject\\app\\Controllers\\Process.php', 129)
 2 SYSTEMPATH\CodeIgniter.php(932): App\Controllers\Process->philippines()
 3 SYSTEMPATH\CodeIgniter.php(497): CodeIgniter\CodeIgniter->runController(Object(App\Controllers\Process))
 4 SYSTEMPATH\CodeIgniter.php(366): CodeIgniter\CodeIgniter->handleRequest(null, Object(Config\Cache), false)
 5 FCPATH\index.php(67): CodeIgniter\CodeIgniter->run()
 6 SYSTEMPATH\Commands\Server\rewrite.php(47): require_once('C:\\projects\\excelProject\\codeigniterProject\\public\\index.php')
CRITICAL - 2023-08-06 12:55:11 --> Undefined array key "tableData"
in APPPATH\Controllers\Process.php on line 127.
 1 APPPATH\Controllers\Process.php(127): CodeIgniter\Debug\Exceptions->errorHandler(2, 'Undefined array key "tableData"', 'C:\\projects\\excelProject\\codeigniterProject\\app\\Controllers\\Process.php', 127)
 2 SYSTEMPATH\CodeIgniter.php(932): App\Controllers\Process->philippines()
 3 SYSTEMPATH\CodeIgniter.php(497): CodeIgniter\CodeIgniter->runController(Object(App\Controllers\Process))
 4 SYSTEMPATH\CodeIgniter.php(366): CodeIgniter\CodeIgniter->handleRequest(null, Object(Config\Cache), false)
 5 FCPATH\index.php(67): CodeIgniter\CodeIgniter->run()
 6 SYSTEMPATH\Commands\Server\rewrite.php(47): require_once('C:\\projects\\excelProject\\codeigniterProject\\public\\index.php')
CRITICAL - 2023-08-06 12:58:17 --> json_decode(): Argument #1 ($json) must be of type string, array given
in APPPATH\Controllers\Process.php on line 126.
 1 APPPATH\Controllers\Process.php(126): json_decode([...], true)
 2 SYSTEMPATH\CodeIgniter.php(932): App\Controllers\Process->philippines()
 3 SYSTEMPATH\CodeIgniter.php(497): CodeIgniter\CodeIgniter->runController(Object(App\Controllers\Process))
 4 SYSTEMPATH\CodeIgniter.php(366): CodeIgniter\CodeIgniter->handleRequest(null, Object(Config\Cache), false)
 5 FCPATH\index.php(67): CodeIgniter\CodeIgniter->run()
 6 SYSTEMPATH\Commands\Server\rewrite.php(47): require_once('C:\\projects\\excelProject\\codeigniterProject\\public\\index.php')
CRITICAL - 2023-08-06 13:13:08 --> Undefined array key "tableData"
in APPPATH\Controllers\Process.php on line 127.
 1 APPPATH\Controllers\Process.php(127): CodeIgniter\Debug\Exceptions->errorHandler(2, 'Undefined array key "tableData"', 'C:\\projects\\excelProject\\codeigniterProject\\app\\Controllers\\Process.php', 127)
 2 SYSTEMPATH\CodeIgniter.php(932): App\Controllers\Process->philippines()
 3 SYSTEMPATH\CodeIgniter.php(497): CodeIgniter\CodeIgniter->runController(Object(App\Controllers\Process))
 4 SYSTEMPATH\CodeIgniter.php(366): CodeIgniter\CodeIgniter->handleRequest(null, Object(Config\Cache), false)
 5 FCPATH\index.php(67): CodeIgniter\CodeIgniter->run()
 6 SYSTEMPATH\Commands\Server\rewrite.php(47): require_once('C:\\projects\\excelProject\\codeigniterProject\\public\\index.php')
CRITICAL - 2023-08-06 13:14:24 --> Undefined array key "tableData"
in APPPATH\Controllers\Process.php on line 127.
 1 APPPATH\Controllers\Process.php(127): CodeIgniter\Debug\Exceptions->errorHandler(2, 'Undefined array key "tableData"', 'C:\\projects\\excelProject\\codeigniterProject\\app\\Controllers\\Process.php', 127)
 2 SYSTEMPATH\CodeIgniter.php(932): App\Controllers\Process->philippines()
 3 SYSTEMPATH\CodeIgniter.php(497): CodeIgniter\CodeIgniter->runController(Object(App\Controllers\Process))
 4 SYSTEMPATH\CodeIgniter.php(366): CodeIgniter\CodeIgniter->handleRequest(null, Object(Config\Cache), false)
 5 FCPATH\index.php(67): CodeIgniter\CodeIgniter->run()
 6 SYSTEMPATH\Commands\Server\rewrite.php(47): require_once('C:\\projects\\excelProject\\codeigniterProject\\public\\index.php')
CRITICAL - 2023-08-06 13:15:48 --> Undefined array key "tableData"
in APPPATH\Controllers\Process.php on line 127.
 1 APPPATH\Controllers\Process.php(127): CodeIgniter\Debug\Exceptions->errorHandler(2, 'Undefined array key "tableData"', 'C:\\projects\\excelProject\\codeigniterProject\\app\\Controllers\\Process.php', 127)
 2 SYSTEMPATH\CodeIgniter.php(932): App\Controllers\Process->philippines()
 3 SYSTEMPATH\CodeIgniter.php(497): CodeIgniter\CodeIgniter->runController(Object(App\Controllers\Process))
 4 SYSTEMPATH\CodeIgniter.php(366): CodeIgniter\CodeIgniter->handleRequest(null, Object(Config\Cache), false)
 5 FCPATH\index.php(67): CodeIgniter\CodeIgniter->run()
 6 SYSTEMPATH\Commands\Server\rewrite.php(47): require_once('C:\\projects\\excelProject\\codeigniterProject\\public\\index.php')
CRITICAL - 2023-08-06 13:18:06 --> Undefined array key "tableData"
in APPPATH\Controllers\Process.php on line 127.
 1 APPPATH\Controllers\Process.php(127): CodeIgniter\Debug\Exceptions->errorHandler(2, 'Undefined array key "tableData"', 'C:\\projects\\excelProject\\codeigniterProject\\app\\Controllers\\Process.php', 127)
 2 SYSTEMPATH\CodeIgniter.php(932): App\Controllers\Process->philippines()
 3 SYSTEMPATH\CodeIgniter.php(497): CodeIgniter\CodeIgniter->runController(Object(App\Controllers\Process))
 4 SYSTEMPATH\CodeIgniter.php(366): CodeIgniter\CodeIgniter->handleRequest(null, Object(Config\Cache), false)
 5 FCPATH\index.php(67): CodeIgniter\CodeIgniter->run()
 6 SYSTEMPATH\Commands\Server\rewrite.php(47): require_once('C:\\projects\\excelProject\\codeigniterProject\\public\\index.php')
