CRITICAL - 2023-08-01 09:00:29 --> Undefined variable $get
in APPPATH\Controllers\Traffics.php on line 28.
 1 APPPATH\Controllers\Traffics.php(28): CodeIgniter\Debug\Exceptions->errorHandler(2, 'Undefined variable $get', 'C:\\projects\\excelProject\\codeigniterProject\\app\\Controllers\\Traffics.php', 28)
 2 SYSTEMPATH\CodeIgniter.php(932): App\Controllers\Traffics->getlog()
 3 SYSTEMPATH\CodeIgniter.php(497): CodeIgniter\CodeIgniter->runController(Object(App\Controllers\Traffics))
 4 SYSTEMPATH\CodeIgniter.php(366): CodeIgniter\CodeIgniter->handleRequest(null, Object(Config\Cache), false)
 5 FCPATH\index.php(67): CodeIgniter\CodeIgniter->run()
 6 SYSTEMPATH\Commands\Server\rewrite.php(47): require_once('C:\\projects\\excelProject\\codeigniterProject\\public\\index.php')
CRITICAL - 2023-08-01 09:00:39 --> Undefined property: stdClass::$created_date
in APPPATH\Controllers\Traffics.php on line 29.
 1 APPPATH\Controllers\Traffics.php(29): CodeIgniter\Debug\Exceptions->errorHandler(2, 'Undefined property: stdClass::$created_date', 'C:\\projects\\excelProject\\codeigniterProject\\app\\Controllers\\Traffics.php', 29)
 2 SYSTEMPATH\CodeIgniter.php(932): App\Controllers\Traffics->getlog()
 3 SYSTEMPATH\CodeIgniter.php(497): CodeIgniter\CodeIgniter->runController(Object(App\Controllers\Traffics))
 4 SYSTEMPATH\CodeIgniter.php(366): CodeIgniter\CodeIgniter->handleRequest(null, Object(Config\Cache), false)
 5 FCPATH\index.php(67): CodeIgniter\CodeIgniter->run()
 6 SYSTEMPATH\Commands\Server\rewrite.php(47): require_once('C:\\projects\\excelProject\\codeigniterProject\\public\\index.php')
CRITICAL - 2023-08-01 09:01:47 --> Undefined property: stdClass::$created_date
in APPPATH\Controllers\Traffics.php on line 29.
 1 APPPATH\Controllers\Traffics.php(29): CodeIgniter\Debug\Exceptions->errorHandler(2, 'Undefined property: stdClass::$created_date', 'C:\\projects\\excelProject\\codeigniterProject\\app\\Controllers\\Traffics.php', 29)
 2 SYSTEMPATH\CodeIgniter.php(932): App\Controllers\Traffics->getlog()
 3 SYSTEMPATH\CodeIgniter.php(497): CodeIgniter\CodeIgniter->runController(Object(App\Controllers\Traffics))
 4 SYSTEMPATH\CodeIgniter.php(366): CodeIgniter\CodeIgniter->handleRequest(null, Object(Config\Cache), false)
 5 FCPATH\index.php(67): CodeIgniter\CodeIgniter->run()
 6 SYSTEMPATH\Commands\Server\rewrite.php(47): require_once('C:\\projects\\excelProject\\codeigniterProject\\public\\index.php')
CRITICAL - 2023-08-01 09:11:01 --> syntax error, unexpected token "if"
in APPPATH\Controllers\Traffics.php on line 30.
 1 SYSTEMPATH\Autoloader\Autoloader.php(289): CodeIgniter\Autoloader\Autoloader->includeFile('C:\\projects\\excelProject\\codeigniterProject\\app\\Controllers\\Traffics.php')
 2 SYSTEMPATH\Autoloader\Autoloader.php(267): CodeIgniter\Autoloader\Autoloader->loadInNamespace('App\\Controllers\\Traffics')
 3 [internal function]: CodeIgniter\Autoloader\Autoloader->loadClass('App\\Controllers\\Traffics')
 4 SYSTEMPATH\CodeIgniter.php(890): class_exists('\\App\\Controllers\\Traffics', true)
 5 SYSTEMPATH\CodeIgniter.php(484): CodeIgniter\CodeIgniter->startController()
 6 SYSTEMPATH\CodeIgniter.php(366): CodeIgniter\CodeIgniter->handleRequest(null, Object(Config\Cache), false)
 7 FCPATH\index.php(67): CodeIgniter\CodeIgniter->run()
 8 SYSTEMPATH\Commands\Server\rewrite.php(47): require_once('C:\\projects\\excelProject\\codeigniterProject\\public\\index.php')
CRITICAL - 2023-08-01 09:21:42 --> syntax error, unexpected token "if"
in APPPATH\Controllers\Traffics.php on line 56.
 1 SYSTEMPATH\Autoloader\Autoloader.php(289): CodeIgniter\Autoloader\Autoloader->includeFile('C:\\projects\\excelProject\\codeigniterProject\\app\\Controllers\\Traffics.php')
 2 SYSTEMPATH\Autoloader\Autoloader.php(267): CodeIgniter\Autoloader\Autoloader->loadInNamespace('App\\Controllers\\Traffics')
 3 [internal function]: CodeIgniter\Autoloader\Autoloader->loadClass('App\\Controllers\\Traffics')
 4 SYSTEMPATH\CodeIgniter.php(890): class_exists('\\App\\Controllers\\Traffics', true)
 5 SYSTEMPATH\CodeIgniter.php(484): CodeIgniter\CodeIgniter->startController()
 6 SYSTEMPATH\CodeIgniter.php(366): CodeIgniter\CodeIgniter->handleRequest(null, Object(Config\Cache), false)
 7 FCPATH\index.php(67): CodeIgniter\CodeIgniter->run()
 8 SYSTEMPATH\Commands\Server\rewrite.php(47): require_once('C:\\projects\\excelProject\\codeigniterProject\\public\\index.php')
CRITICAL - 2023-08-01 09:22:19 --> Call to undefined function App\Controllers\append()
in APPPATH\Controllers\Traffics.php on line 55.
 1 SYSTEMPATH\CodeIgniter.php(932): App\Controllers\Traffics->getTime()
 2 SYSTEMPATH\CodeIgniter.php(497): CodeIgniter\CodeIgniter->runController(Object(App\Controllers\Traffics))
 3 SYSTEMPATH\CodeIgniter.php(366): CodeIgniter\CodeIgniter->handleRequest(null, Object(Config\Cache), false)
 4 FCPATH\index.php(67): CodeIgniter\CodeIgniter->run()
 5 SYSTEMPATH\Commands\Server\rewrite.php(47): require_once('C:\\projects\\excelProject\\codeigniterProject\\public\\index.php')
CRITICAL - 2023-08-01 09:23:21 --> Call to undefined function App\Controllers\append()
in APPPATH\Controllers\Traffics.php on line 55.
 1 SYSTEMPATH\CodeIgniter.php(932): App\Controllers\Traffics->getTime()
 2 SYSTEMPATH\CodeIgniter.php(497): CodeIgniter\CodeIgniter->runController(Object(App\Controllers\Traffics))
 3 SYSTEMPATH\CodeIgniter.php(366): CodeIgniter\CodeIgniter->handleRequest(null, Object(Config\Cache), false)
 4 FCPATH\index.php(67): CodeIgniter\CodeIgniter->run()
 5 SYSTEMPATH\Commands\Server\rewrite.php(47): require_once('C:\\projects\\excelProject\\codeigniterProject\\public\\index.php')
CRITICAL - 2023-08-01 09:23:23 --> Call to undefined function App\Controllers\append()
in APPPATH\Controllers\Traffics.php on line 55.
 1 SYSTEMPATH\CodeIgniter.php(932): App\Controllers\Traffics->getTime()
 2 SYSTEMPATH\CodeIgniter.php(497): CodeIgniter\CodeIgniter->runController(Object(App\Controllers\Traffics))
 3 SYSTEMPATH\CodeIgniter.php(366): CodeIgniter\CodeIgniter->handleRequest(null, Object(Config\Cache), false)
 4 FCPATH\index.php(67): CodeIgniter\CodeIgniter->run()
 5 SYSTEMPATH\Commands\Server\rewrite.php(47): require_once('C:\\projects\\excelProject\\codeigniterProject\\public\\index.php')
CRITICAL - 2023-08-01 09:25:17 --> syntax error, unexpected token "}"
in APPPATH\Controllers\Traffics.php on line 62.
 1 SYSTEMPATH\Autoloader\Autoloader.php(289): CodeIgniter\Autoloader\Autoloader->includeFile('C:\\projects\\excelProject\\codeigniterProject\\app\\Controllers\\Traffics.php')
 2 SYSTEMPATH\Autoloader\Autoloader.php(267): CodeIgniter\Autoloader\Autoloader->loadInNamespace('App\\Controllers\\Traffics')
 3 [internal function]: CodeIgniter\Autoloader\Autoloader->loadClass('App\\Controllers\\Traffics')
 4 SYSTEMPATH\CodeIgniter.php(890): class_exists('\\App\\Controllers\\Traffics', true)
 5 SYSTEMPATH\CodeIgniter.php(484): CodeIgniter\CodeIgniter->startController()
 6 SYSTEMPATH\CodeIgniter.php(366): CodeIgniter\CodeIgniter->handleRequest(null, Object(Config\Cache), false)
 7 FCPATH\index.php(67): CodeIgniter\CodeIgniter->run()
 8 SYSTEMPATH\Commands\Server\rewrite.php(47): require_once('C:\\projects\\excelProject\\codeigniterProject\\public\\index.php')
CRITICAL - 2023-08-01 09:32:29 --> Undefined variable $myArray
in APPPATH\Controllers\Traffics.php on line 61.
 1 APPPATH\Controllers\Traffics.php(61): CodeIgniter\Debug\Exceptions->errorHandler(2, 'Undefined variable $myArray', 'C:\\projects\\excelProject\\codeigniterProject\\app\\Controllers\\Traffics.php', 61)
 2 SYSTEMPATH\CodeIgniter.php(932): App\Controllers\Traffics->getTime()
 3 SYSTEMPATH\CodeIgniter.php(497): CodeIgniter\CodeIgniter->runController(Object(App\Controllers\Traffics))
 4 SYSTEMPATH\CodeIgniter.php(366): CodeIgniter\CodeIgniter->handleRequest(null, Object(Config\Cache), false)
 5 FCPATH\index.php(67): CodeIgniter\CodeIgniter->run()
 6 SYSTEMPATH\Commands\Server\rewrite.php(47): require_once('C:\\projects\\excelProject\\codeigniterProject\\public\\index.php')
CRITICAL - 2023-08-01 09:36:16 --> Undefined variable $orgetig
in APPPATH\Controllers\Traffics.php on line 66.
 1 APPPATH\Controllers\Traffics.php(66): CodeIgniter\Debug\Exceptions->errorHandler(2, 'Undefined variable $orgetig', 'C:\\projects\\excelProject\\codeigniterProject\\app\\Controllers\\Traffics.php', 66)
 2 SYSTEMPATH\CodeIgniter.php(932): App\Controllers\Traffics->getTime()
 3 SYSTEMPATH\CodeIgniter.php(497): CodeIgniter\CodeIgniter->runController(Object(App\Controllers\Traffics))
 4 SYSTEMPATH\CodeIgniter.php(366): CodeIgniter\CodeIgniter->handleRequest(null, Object(Config\Cache), false)
 5 FCPATH\index.php(67): CodeIgniter\CodeIgniter->run()
 6 SYSTEMPATH\Commands\Server\rewrite.php(47): require_once('C:\\projects\\excelProject\\codeigniterProject\\public\\index.php')
CRITICAL - 2023-08-01 09:44:12 --> Undefined variable $item
in APPPATH\Controllers\Traffics.php on line 52.
 1 APPPATH\Controllers\Traffics.php(52): CodeIgniter\Debug\Exceptions->errorHandler(2, 'Undefined variable $item', 'C:\\projects\\excelProject\\codeigniterProject\\app\\Controllers\\Traffics.php', 52)
 2 SYSTEMPATH\CodeIgniter.php(932): App\Controllers\Traffics->getTime()
 3 SYSTEMPATH\CodeIgniter.php(497): CodeIgniter\CodeIgniter->runController(Object(App\Controllers\Traffics))
 4 SYSTEMPATH\CodeIgniter.php(366): CodeIgniter\CodeIgniter->handleRequest(null, Object(Config\Cache), false)
 5 FCPATH\index.php(67): CodeIgniter\CodeIgniter->run()
 6 SYSTEMPATH\Commands\Server\rewrite.php(47): require_once('C:\\projects\\excelProject\\codeigniterProject\\public\\index.php')
CRITICAL - 2023-08-01 09:52:06 --> Undefined variable $key
in APPPATH\Controllers\Traffics.php on line 55.
 1 APPPATH\Controllers\Traffics.php(55): CodeIgniter\Debug\Exceptions->errorHandler(2, 'Undefined variable $key', 'C:\\projects\\excelProject\\codeigniterProject\\app\\Controllers\\Traffics.php', 55)
 2 SYSTEMPATH\CodeIgniter.php(932): App\Controllers\Traffics->getTime()
 3 SYSTEMPATH\CodeIgniter.php(497): CodeIgniter\CodeIgniter->runController(Object(App\Controllers\Traffics))
 4 SYSTEMPATH\CodeIgniter.php(366): CodeIgniter\CodeIgniter->handleRequest(null, Object(Config\Cache), false)
 5 FCPATH\index.php(67): CodeIgniter\CodeIgniter->run()
 6 SYSTEMPATH\Commands\Server\rewrite.php(47): require_once('C:\\projects\\excelProject\\codeigniterProject\\public\\index.php')
ERROR - 2023-08-01 13:01:38 --> mysqli_sql_exception: Unknown column 'hr' in 'group statement' in C:\projects\excelProject\codeigniterProject\system\Database\MySQLi\Connection.php:295
Stack trace:
#0 C:\projects\excelProject\codeigniterProject\system\Database\MySQLi\Connection.php(295): mysqli->query('SELECT `name`, ...', 0)
#1 C:\projects\excelProject\codeigniterProject\system\Database\BaseConnection.php(692): CodeIgniter\Database\MySQLi\Connection->execute('SELECT `name`, ...')
#2 C:\projects\excelProject\codeigniterProject\system\Database\BaseConnection.php(606): CodeIgniter\Database\BaseConnection->simpleQuery('SELECT `name`, ...')
#3 C:\projects\excelProject\codeigniterProject\system\Database\BaseBuilder.php(1616): CodeIgniter\Database\BaseConnection->query('SELECT `name`, ...', Array, false)
#4 C:\projects\excelProject\codeigniterProject\system\Model.php(836): CodeIgniter\Database\BaseBuilder->get()
#5 C:\projects\excelProject\codeigniterProject\app\Controllers\Traffics.php(48): CodeIgniter\Model->__call('get', Array)
#6 C:\projects\excelProject\codeigniterProject\system\CodeIgniter.php(932): App\Controllers\Traffics->getTime()
#7 C:\projects\excelProject\codeigniterProject\system\CodeIgniter.php(497): CodeIgniter\CodeIgniter->runController(Object(App\Controllers\Traffics))
#8 C:\projects\excelProject\codeigniterProject\system\CodeIgniter.php(366): CodeIgniter\CodeIgniter->handleRequest(NULL, Object(Config\Cache), false)
#9 C:\projects\excelProject\codeigniterProject\public\index.php(67): CodeIgniter\CodeIgniter->run()
#10 C:\projects\excelProject\codeigniterProject\system\Commands\Server\rewrite.php(47): require_once('C:\\projects\\exc...')
#11 {main}
CRITICAL - 2023-08-01 13:01:38 --> Unknown column 'hr' in 'group statement'
in SYSTEMPATH\Database\MySQLi\Connection.php on line 295.
 1 SYSTEMPATH\Database\MySQLi\Connection.php(295): mysqli->query('SELECT `name`, LPAD(HOUR(`created@`), 2, \'0\'), MINUTE(`created@`) as min, COUNT(`created@`) as name_count
FROM `traffic`
GROUP BY `name`, `hr`, `min`', 0)
 2 SYSTEMPATH\Database\BaseConnection.php(692): CodeIgniter\Database\MySQLi\Connection->execute('SELECT `name`, LPAD(HOUR(`created@`), 2, \'0\'), MINUTE(`created@`) as min, COUNT(`created@`) as name_count
FROM `traffic`
GROUP BY `name`, `hr`, `min`')
 3 SYSTEMPATH\Database\BaseConnection.php(606): CodeIgniter\Database\BaseConnection->simpleQuery('SELECT `name`, LPAD(HOUR(`created@`), 2, \'0\'), MINUTE(`created@`) as min, COUNT(`created@`) as name_count
FROM `traffic`
GROUP BY `name`, `hr`, `min`')
 4 SYSTEMPATH\Database\BaseBuilder.php(1616): CodeIgniter\Database\BaseConnection->query('SELECT `name`, LPAD(HOUR(`created@`), 2, \'0\'), MINUTE(`created@`) as min, COUNT(`created@`) as name_count
FROM `traffic`
GROUP BY `name`, `hr`, `min`', [], false)
 5 SYSTEMPATH\Model.php(836): CodeIgniter\Database\BaseBuilder->get()
 6 APPPATH\Controllers\Traffics.php(48): CodeIgniter\Model->__call('get', [])
 7 SYSTEMPATH\CodeIgniter.php(932): App\Controllers\Traffics->getTime()
 8 SYSTEMPATH\CodeIgniter.php(497): CodeIgniter\CodeIgniter->runController(Object(App\Controllers\Traffics))
 9 SYSTEMPATH\CodeIgniter.php(366): CodeIgniter\CodeIgniter->handleRequest(null, Object(Config\Cache), false)
10 FCPATH\index.php(67): CodeIgniter\CodeIgniter->run()
11 SYSTEMPATH\Commands\Server\rewrite.php(47): require_once('C:\\projects\\excelProject\\codeigniterProject\\public\\index.php')
ERROR - 2023-08-01 13:01:39 --> mysqli_sql_exception: Unknown column 'hr' in 'group statement' in C:\projects\excelProject\codeigniterProject\system\Database\MySQLi\Connection.php:295
Stack trace:
#0 C:\projects\excelProject\codeigniterProject\system\Database\MySQLi\Connection.php(295): mysqli->query('SELECT `name`, ...', 0)
#1 C:\projects\excelProject\codeigniterProject\system\Database\BaseConnection.php(692): CodeIgniter\Database\MySQLi\Connection->execute('SELECT `name`, ...')
#2 C:\projects\excelProject\codeigniterProject\system\Database\BaseConnection.php(606): CodeIgniter\Database\BaseConnection->simpleQuery('SELECT `name`, ...')
#3 C:\projects\excelProject\codeigniterProject\system\Database\BaseBuilder.php(1616): CodeIgniter\Database\BaseConnection->query('SELECT `name`, ...', Array, false)
#4 C:\projects\excelProject\codeigniterProject\system\Model.php(836): CodeIgniter\Database\BaseBuilder->get()
#5 C:\projects\excelProject\codeigniterProject\app\Controllers\Traffics.php(48): CodeIgniter\Model->__call('get', Array)
#6 C:\projects\excelProject\codeigniterProject\system\CodeIgniter.php(932): App\Controllers\Traffics->getTime()
#7 C:\projects\excelProject\codeigniterProject\system\CodeIgniter.php(497): CodeIgniter\CodeIgniter->runController(Object(App\Controllers\Traffics))
#8 C:\projects\excelProject\codeigniterProject\system\CodeIgniter.php(366): CodeIgniter\CodeIgniter->handleRequest(NULL, Object(Config\Cache), false)
#9 C:\projects\excelProject\codeigniterProject\public\index.php(67): CodeIgniter\CodeIgniter->run()
#10 C:\projects\excelProject\codeigniterProject\system\Commands\Server\rewrite.php(47): require_once('C:\\projects\\exc...')
#11 {main}
CRITICAL - 2023-08-01 13:01:39 --> Unknown column 'hr' in 'group statement'
in SYSTEMPATH\Database\MySQLi\Connection.php on line 295.
 1 SYSTEMPATH\Database\MySQLi\Connection.php(295): mysqli->query('SELECT `name`, LPAD(HOUR(`created@`), 2, \'0\'), MINUTE(`created@`) as min, COUNT(`created@`) as name_count
FROM `traffic`
GROUP BY `name`, `hr`, `min`', 0)
 2 SYSTEMPATH\Database\BaseConnection.php(692): CodeIgniter\Database\MySQLi\Connection->execute('SELECT `name`, LPAD(HOUR(`created@`), 2, \'0\'), MINUTE(`created@`) as min, COUNT(`created@`) as name_count
FROM `traffic`
GROUP BY `name`, `hr`, `min`')
 3 SYSTEMPATH\Database\BaseConnection.php(606): CodeIgniter\Database\BaseConnection->simpleQuery('SELECT `name`, LPAD(HOUR(`created@`), 2, \'0\'), MINUTE(`created@`) as min, COUNT(`created@`) as name_count
FROM `traffic`
GROUP BY `name`, `hr`, `min`')
 4 SYSTEMPATH\Database\BaseBuilder.php(1616): CodeIgniter\Database\BaseConnection->query('SELECT `name`, LPAD(HOUR(`created@`), 2, \'0\'), MINUTE(`created@`) as min, COUNT(`created@`) as name_count
FROM `traffic`
GROUP BY `name`, `hr`, `min`', [], false)
 5 SYSTEMPATH\Model.php(836): CodeIgniter\Database\BaseBuilder->get()
 6 APPPATH\Controllers\Traffics.php(48): CodeIgniter\Model->__call('get', [])
 7 SYSTEMPATH\CodeIgniter.php(932): App\Controllers\Traffics->getTime()
 8 SYSTEMPATH\CodeIgniter.php(497): CodeIgniter\CodeIgniter->runController(Object(App\Controllers\Traffics))
 9 SYSTEMPATH\CodeIgniter.php(366): CodeIgniter\CodeIgniter->handleRequest(null, Object(Config\Cache), false)
10 FCPATH\index.php(67): CodeIgniter\CodeIgniter->run()
11 SYSTEMPATH\Commands\Server\rewrite.php(47): require_once('C:\\projects\\excelProject\\codeigniterProject\\public\\index.php')
ERROR - 2023-08-01 13:01:44 --> mysqli_sql_exception: Unknown column 'hr' in 'group statement' in C:\projects\excelProject\codeigniterProject\system\Database\MySQLi\Connection.php:295
Stack trace:
#0 C:\projects\excelProject\codeigniterProject\system\Database\MySQLi\Connection.php(295): mysqli->query('SELECT `name`, ...', 0)
#1 C:\projects\excelProject\codeigniterProject\system\Database\BaseConnection.php(692): CodeIgniter\Database\MySQLi\Connection->execute('SELECT `name`, ...')
#2 C:\projects\excelProject\codeigniterProject\system\Database\BaseConnection.php(606): CodeIgniter\Database\BaseConnection->simpleQuery('SELECT `name`, ...')
#3 C:\projects\excelProject\codeigniterProject\system\Database\BaseBuilder.php(1616): CodeIgniter\Database\BaseConnection->query('SELECT `name`, ...', Array, false)
#4 C:\projects\excelProject\codeigniterProject\system\Model.php(836): CodeIgniter\Database\BaseBuilder->get()
#5 C:\projects\excelProject\codeigniterProject\app\Controllers\Traffics.php(48): CodeIgniter\Model->__call('get', Array)
#6 C:\projects\excelProject\codeigniterProject\system\CodeIgniter.php(932): App\Controllers\Traffics->getTime()
#7 C:\projects\excelProject\codeigniterProject\system\CodeIgniter.php(497): CodeIgniter\CodeIgniter->runController(Object(App\Controllers\Traffics))
#8 C:\projects\excelProject\codeigniterProject\system\CodeIgniter.php(366): CodeIgniter\CodeIgniter->handleRequest(NULL, Object(Config\Cache), false)
#9 C:\projects\excelProject\codeigniterProject\public\index.php(67): CodeIgniter\CodeIgniter->run()
#10 C:\projects\excelProject\codeigniterProject\system\Commands\Server\rewrite.php(47): require_once('C:\\projects\\exc...')
#11 {main}
CRITICAL - 2023-08-01 13:01:44 --> Unknown column 'hr' in 'group statement'
in SYSTEMPATH\Database\MySQLi\Connection.php on line 295.
 1 SYSTEMPATH\Database\MySQLi\Connection.php(295): mysqli->query('SELECT `name`, LPAD(HOUR(`created@`), 2, \'0\'), MINUTE(`created@`) as min, COUNT(`created@`) as name_count
FROM `traffic`
GROUP BY `name`, `hr`, `min`', 0)
 2 SYSTEMPATH\Database\BaseConnection.php(692): CodeIgniter\Database\MySQLi\Connection->execute('SELECT `name`, LPAD(HOUR(`created@`), 2, \'0\'), MINUTE(`created@`) as min, COUNT(`created@`) as name_count
FROM `traffic`
GROUP BY `name`, `hr`, `min`')
 3 SYSTEMPATH\Database\BaseConnection.php(606): CodeIgniter\Database\BaseConnection->simpleQuery('SELECT `name`, LPAD(HOUR(`created@`), 2, \'0\'), MINUTE(`created@`) as min, COUNT(`created@`) as name_count
FROM `traffic`
GROUP BY `name`, `hr`, `min`')
 4 SYSTEMPATH\Database\BaseBuilder.php(1616): CodeIgniter\Database\BaseConnection->query('SELECT `name`, LPAD(HOUR(`created@`), 2, \'0\'), MINUTE(`created@`) as min, COUNT(`created@`) as name_count
FROM `traffic`
GROUP BY `name`, `hr`, `min`', [], false)
 5 SYSTEMPATH\Model.php(836): CodeIgniter\Database\BaseBuilder->get()
 6 APPPATH\Controllers\Traffics.php(48): CodeIgniter\Model->__call('get', [])
 7 SYSTEMPATH\CodeIgniter.php(932): App\Controllers\Traffics->getTime()
 8 SYSTEMPATH\CodeIgniter.php(497): CodeIgniter\CodeIgniter->runController(Object(App\Controllers\Traffics))
 9 SYSTEMPATH\CodeIgniter.php(366): CodeIgniter\CodeIgniter->handleRequest(null, Object(Config\Cache), false)
10 FCPATH\index.php(67): CodeIgniter\CodeIgniter->run()
11 SYSTEMPATH\Commands\Server\rewrite.php(47): require_once('C:\\projects\\excelProject\\codeigniterProject\\public\\index.php')
